[1.390s] Invoking command in '/home/robousr/Robotica2025-2/robolab20252/ExamenParcial2/ros2_ws/build/scara_description': CMAKE_PREFIX_PATH=${CMAKE_PREFIX_PATH}:/home/robousr/Robotica2025-2/robolab20252/ExamenParcial2/ros2_ws/install/scara_control:/home/robousr/Robotica2025-2/robolab20252/ExamenParcial2/ros2_ws/install/scara_bringup:/home/robousr/Robotica2025-2/robolab20252/install/scara_control:/home/robousr/Robotica2025-2/robolab20252/install/scara_bringup:/opt/ros/humble /usr/bin/cmake /home/robousr/Robotica2025-2/robolab20252/ExamenParcial2/ros2_ws/src/scara_description -DCMAKE_INSTALL_PREFIX=/home/robousr/Robotica2025-2/robolab20252/ExamenParcial2/ros2_ws/install/scara_description
[1.948s] -- The C compiler identification is GNU 11.4.0
[2.478s] -- The CXX compiler identification is GNU 11.4.0
[2.550s] -- Detecting C compiler ABI info
[3.206s] -- Detecting C compiler ABI info - done
[3.292s] -- Check for working C compiler: /usr/bin/cc - skipped
[3.294s] -- Detecting C compile features
[3.300s] -- Detecting C compile features - done
[3.330s] -- Detecting CXX compiler ABI info
[3.755s] -- Detecting CXX compiler ABI info - done
[3.778s] -- Check for working CXX compiler: /usr/bin/c++ - skipped
[3.780s] -- Detecting CXX compile features
[3.781s] -- Detecting CXX compile features - done
[3.842s] -- Found ament_cmake: 1.3.11 (/opt/ros/humble/share/ament_cmake/cmake)
[5.453s] -- Found Python3: /home/robousr/.pyenv/shims/python3 (found version "3.10.12") found components: Interpreter 
[6.068s] -- Found urdf: 2.6.1 (/opt/ros/humble/share/urdf/cmake)
[6.438s] -- Found xacro: 2.0.13 (/opt/ros/humble/share/xacro/cmake)
[6.455s] -- Found gazebo_ros: 3.9.0 (/opt/ros/humble/share/gazebo_ros/cmake)
[6.642s] -- Found rosidl_generator_c: 3.1.6 (/opt/ros/humble/share/rosidl_generator_c/cmake)
[6.668s] -- Found rosidl_adapter: 3.1.6 (/opt/ros/humble/share/rosidl_adapter/cmake)
[6.724s] -- Found rosidl_generator_cpp: 3.1.6 (/opt/ros/humble/share/rosidl_generator_cpp/cmake)
[6.813s] -- Using all available rosidl_typesupport_c: rosidl_typesupport_fastrtps_c;rosidl_typesupport_introspection_c
[6.875s] -- Using all available rosidl_typesupport_cpp: rosidl_typesupport_fastrtps_cpp;rosidl_typesupport_introspection_cpp
[7.076s] -- Found rmw_implementation_cmake: 6.1.2 (/opt/ros/humble/share/rmw_implementation_cmake/cmake)
[7.093s] -- Found rmw_fastrtps_cpp: 6.2.7 (/opt/ros/humble/share/rmw_fastrtps_cpp/cmake)
[7.210s] -- Found TinyXML2 via Config file: TinyXML2_DIR-NOTFOUND
[7.404s] -- Found OpenSSL: /usr/lib/x86_64-linux-gnu/libcrypto.so (found version "3.0.2")  
[7.414s] -- Found TinyXML2 via Config file: TinyXML2_DIR-NOTFOUND
[7.453s] -- Found FastRTPS: /opt/ros/humble/include  
[7.461s] -- Found TinyXML2 via Config file: TinyXML2_DIR-NOTFOUND
[7.480s] -- Found TinyXML2 via Config file: TinyXML2_DIR-NOTFOUND
[7.508s] -- Using RMW implementation 'rmw_fastrtps_cpp' as default
[7.550s] -- Looking for pthread.h
[7.842s] -- Looking for pthread.h - found
[7.843s] -- Performing Test CMAKE_HAVE_LIBC_PTHREAD
[8.116s] -- Performing Test CMAKE_HAVE_LIBC_PTHREAD - Success
[8.117s] -- Found Threads: TRUE  
[8.357s] -- Found PkgConfig: /usr/bin/pkg-config (found version "0.29.2") 
[8.360s] -- Checking for module 'bullet>=2.82'
[8.401s] --   Found bullet, version 3.05
[8.784s] -- Found fcl: /usr/include (found suitable version "0.7.0", minimum required is "0.5.0") 
[8.978s] -- Found assimp: /usr/include (found version "5.2.0") 
[9.092s] -- Found DART: /usr/include (Required is at least version "6.6") found components: dart 
[9.236s] -- Found Boost: /usr/lib/x86_64-linux-gnu/cmake/Boost-1.74.0/BoostConfig.cmake (found suitable version "1.74.0", minimum required is "1.40.0") found components: thread system filesystem program_options regex iostreams date_time 
[9.300s] -- Found Protobuf: /usr/lib/x86_64-linux-gnu/libprotobuf.so (found version "3.12.4") 
[9.334s] -- Looking for ignition-math6 -- found version 6.15.1
[9.374s] -- Searching for dependencies of ignition-math6
[9.383s] -- Looking for OGRE...
[9.384s] -- OGRE_PREFIX_WATCH changed.
[9.397s] -- Checking for module 'OGRE'
[9.445s] --   Found OGRE, version 1.9.0
[9.590s] -- Found Ogre Ghadamon (1.9.0)
[9.610s] -- Found OGRE: optimized;/usr/lib/x86_64-linux-gnu/libOgreMain.so;debug;/usr/lib/x86_64-linux-gnu/libOgreMain.so
[9.633s] -- Looking for OGRE_Paging...
[9.648s] -- Found OGRE_Paging: optimized;/usr/lib/x86_64-linux-gnu/libOgrePaging.so;debug;/usr/lib/x86_64-linux-gnu/libOgrePaging.so
[9.649s] -- Looking for OGRE_Terrain...
[9.665s] -- Found OGRE_Terrain: optimized;/usr/lib/x86_64-linux-gnu/libOgreTerrain.so;debug;/usr/lib/x86_64-linux-gnu/libOgreTerrain.so
[9.665s] -- Looking for OGRE_Property...
[9.681s] -- Found OGRE_Property: optimized;/usr/lib/x86_64-linux-gnu/libOgreProperty.so;debug;/usr/lib/x86_64-linux-gnu/libOgreProperty.so
[9.681s] -- Looking for OGRE_RTShaderSystem...
[9.695s] -- Found OGRE_RTShaderSystem: optimized;/usr/lib/x86_64-linux-gnu/libOgreRTShaderSystem.so;debug;/usr/lib/x86_64-linux-gnu/libOgreRTShaderSystem.so
[9.695s] -- Looking for OGRE_Volume...
[9.710s] -- Found OGRE_Volume: optimized;/usr/lib/x86_64-linux-gnu/libOgreVolume.so;debug;/usr/lib/x86_64-linux-gnu/libOgreVolume.so
[9.710s] -- Looking for OGRE_Overlay...
[9.728s] -- Found OGRE_Overlay: optimized;/usr/lib/x86_64-linux-gnu/libOgreOverlay.so;debug;/usr/lib/x86_64-linux-gnu/libOgreOverlay.so
[10.050s] -- Looking for ignition-math6 -- found version 6.15.1
[10.063s] -- Looking for ignition-transport8 -- found version 8.2.1
[10.063s] -- Searching for dependencies of ignition-transport8
[10.111s] -- Found Protobuf: /usr/lib/x86_64-linux-gnu/libprotobuf.so (found suitable version "3.12.4", minimum required is "3") 
[10.141s] -- Config-file not installed for ZeroMQ -- checking for pkg-config
[10.154s] -- Checking for module 'libzmq >= 4'
[10.208s] --   Found libzmq , version 4.3.4
[10.379s] -- Found ZeroMQ: TRUE (Required is at least version "4") 
[10.395s] -- Checking for module 'uuid'
[10.435s] --   Found uuid, version 2.37.2
[10.570s] -- Found UUID: TRUE  
[10.581s] -- Looking for ignition-msgs5 -- found version 5.8.1
[10.584s] -- Searching for dependencies of ignition-msgs5
[10.632s] -- Looking for ignition-math6 -- found version 6.15.1
[10.647s] -- Checking for module 'tinyxml2'
[10.685s] --   Found tinyxml2, version 9.0.0
[10.858s] -- Looking for ignition-msgs5 -- found version 5.8.1
[10.868s] -- Looking for ignition-common3 -- found version 3.14.0
[10.869s] -- Searching for dependencies of ignition-common3
[10.871s] -- Looking for dlfcn.h - found
[10.873s] -- Looking for libdl - found
[10.876s] -- Found DL: TRUE  
[10.921s] -- Found tinyobjloader: /usr/lib/x86_64-linux-gnu/cmake/tinyobjloader/tinyobjloader-config.cmake (found version "2.0.0") 
[10.925s] -- Searching for <ignition-common3> component [graphics]
[10.935s] -- Looking for ignition-common3-graphics -- found version 3.14.0
[10.937s] -- Searching for dependencies of ignition-common3-graphics
[10.938s] -- Looking for ignition-math6 -- found version 6.15.1
[10.952s] -- Looking for ignition-fuel_tools4 -- found version 4.4.0
[10.953s] -- Searching for dependencies of ignition-fuel_tools4
[11.284s] -- Found CURL: /usr/lib/x86_64-linux-gnu/libcurl.so (found version "7.81.0")  
[11.331s] -- Checking for module 'jsoncpp'
[11.410s] --   Found jsoncpp, version 1.9.5
[11.572s] -- Found JSONCPP: TRUE  
[11.588s] -- Checking for module 'libzip'
[11.637s] --   Found libzip, version 1.7.3
[11.849s] -- Found ZIP: TRUE  
[11.849s] -- Looking for ignition-common3 -- found version 3.14.0
[11.850s] -- Looking for ignition-math6 -- found version 6.15.1
[11.852s] -- Looking for ignition-msgs5 -- found version 5.8.1
[11.879s] -- Gazebo version: 11.10
[11.879s] -- Checking for module 'tbb'
[11.939s] --   Found tbb, version 2021.5.0
[12.072s] -- Found ament_lint_auto: 0.12.12 (/opt/ros/humble/share/ament_lint_auto/cmake)
[12.463s] -- Added test 'lint_cmake' to check CMake code style
[12.473s] -- Added test 'xmllint' to check XML markup files
[12.480s] -- Configuring done
[12.518s] -- Generating done
[12.543s] -- Build files have been written to: /home/robousr/Robotica2025-2/robolab20252/ExamenParcial2/ros2_ws/build/scara_description
[12.580s] Invoked command in '/home/robousr/Robotica2025-2/robolab20252/ExamenParcial2/ros2_ws/build/scara_description' returned '0': CMAKE_PREFIX_PATH=${CMAKE_PREFIX_PATH}:/home/robousr/Robotica2025-2/robolab20252/ExamenParcial2/ros2_ws/install/scara_control:/home/robousr/Robotica2025-2/robolab20252/ExamenParcial2/ros2_ws/install/scara_bringup:/home/robousr/Robotica2025-2/robolab20252/install/scara_control:/home/robousr/Robotica2025-2/robolab20252/install/scara_bringup:/opt/ros/humble /usr/bin/cmake /home/robousr/Robotica2025-2/robolab20252/ExamenParcial2/ros2_ws/src/scara_description -DCMAKE_INSTALL_PREFIX=/home/robousr/Robotica2025-2/robolab20252/ExamenParcial2/ros2_ws/install/scara_description
[12.588s] Invoking command in '/home/robousr/Robotica2025-2/robolab20252/ExamenParcial2/ros2_ws/build/scara_description': CMAKE_PREFIX_PATH=${CMAKE_PREFIX_PATH}:/home/robousr/Robotica2025-2/robolab20252/ExamenParcial2/ros2_ws/install/scara_control:/home/robousr/Robotica2025-2/robolab20252/ExamenParcial2/ros2_ws/install/scara_bringup:/home/robousr/Robotica2025-2/robolab20252/install/scara_control:/home/robousr/Robotica2025-2/robolab20252/install/scara_bringup:/opt/ros/humble /usr/bin/cmake --build /home/robousr/Robotica2025-2/robolab20252/ExamenParcial2/ros2_ws/build/scara_description -- -j4 -l4
[12.749s] Invoked command in '/home/robousr/Robotica2025-2/robolab20252/ExamenParcial2/ros2_ws/build/scara_description' returned '0': CMAKE_PREFIX_PATH=${CMAKE_PREFIX_PATH}:/home/robousr/Robotica2025-2/robolab20252/ExamenParcial2/ros2_ws/install/scara_control:/home/robousr/Robotica2025-2/robolab20252/ExamenParcial2/ros2_ws/install/scara_bringup:/home/robousr/Robotica2025-2/robolab20252/install/scara_control:/home/robousr/Robotica2025-2/robolab20252/install/scara_bringup:/opt/ros/humble /usr/bin/cmake --build /home/robousr/Robotica2025-2/robolab20252/ExamenParcial2/ros2_ws/build/scara_description -- -j4 -l4
[12.787s] Invoking command in '/home/robousr/Robotica2025-2/robolab20252/ExamenParcial2/ros2_ws/build/scara_description': CMAKE_PREFIX_PATH=${CMAKE_PREFIX_PATH}:/home/robousr/Robotica2025-2/robolab20252/ExamenParcial2/ros2_ws/install/scara_control:/home/robousr/Robotica2025-2/robolab20252/ExamenParcial2/ros2_ws/install/scara_bringup:/home/robousr/Robotica2025-2/robolab20252/install/scara_control:/home/robousr/Robotica2025-2/robolab20252/install/scara_bringup:/opt/ros/humble /usr/bin/cmake --install /home/robousr/Robotica2025-2/robolab20252/ExamenParcial2/ros2_ws/build/scara_description
[12.810s] -- Install configuration: ""
[12.810s] -- Installing: /home/robousr/Robotica2025-2/robolab20252/ExamenParcial2/ros2_ws/install/scara_description/share/scara_description//launch
[12.813s] -- Installing: /home/robousr/Robotica2025-2/robolab20252/ExamenParcial2/ros2_ws/install/scara_description/share/scara_description//urdf
[12.813s] -- Installing: /home/robousr/Robotica2025-2/robolab20252/ExamenParcial2/ros2_ws/install/scara_description/share/scara_description//urdf/.ipynb_checkpoints
[12.815s] -- Installing: /home/robousr/Robotica2025-2/robolab20252/ExamenParcial2/ros2_ws/install/scara_description/share/scara_description//urdf/.ipynb_checkpoints/scara_manual-checkpoint.urdf
[12.817s] -- Installing: /home/robousr/Robotica2025-2/robolab20252/ExamenParcial2/ros2_ws/install/scara_description/share/scara_description//urdf/.ipynb_checkpoints/scara-checkpoint.urdf
[12.820s] -- Installing: /home/robousr/Robotica2025-2/robolab20252/ExamenParcial2/ros2_ws/install/scara_description/share/scara_description//urdf/meshes
[12.820s] -- Installing: /home/robousr/Robotica2025-2/robolab20252/ExamenParcial2/ros2_ws/install/scara_description/share/scara_description//urdf/meshes/link11.stl
[12.823s] -- Installing: /home/robousr/Robotica2025-2/robolab20252/ExamenParcial2/ros2_ws/install/scara_description/share/scara_description//urdf/meshes/link31.stl
[12.826s] -- Installing: /home/robousr/Robotica2025-2/robolab20252/ExamenParcial2/ros2_ws/install/scara_description/share/scara_description//urdf/meshes/link21.stl
[12.832s] -- Installing: /home/robousr/Robotica2025-2/robolab20252/ExamenParcial2/ros2_ws/install/scara_description/share/scara_description//urdf/meshes/base_link.stl
[12.835s] -- Installing: /home/robousr/Robotica2025-2/robolab20252/ExamenParcial2/ros2_ws/install/scara_description/share/scara_description//urdf/scara_test.urdf
[12.839s] -- Installing: /home/robousr/Robotica2025-2/robolab20252/ExamenParcial2/ros2_ws/install/scara_description/share/scara_description//urdf/scara.urdf
[12.840s] -- Installing: /home/robousr/Robotica2025-2/robolab20252/ExamenParcial2/ros2_ws/install/scara_description/share/scara_description//urdf/scara_cad.urdf
[12.845s] -- Installing: /home/robousr/Robotica2025-2/robolab20252/ExamenParcial2/ros2_ws/install/scara_description/share/scara_description//rviz
[12.846s] -- Installing: /home/robousr/Robotica2025-2/robolab20252/ExamenParcial2/ros2_ws/install/scara_description/share/scara_description//rviz/scara_rviz.rviz
[12.851s] -- Installing: /home/robousr/Robotica2025-2/robolab20252/ExamenParcial2/ros2_ws/install/scara_description/share/ament_index/resource_index/package_run_dependencies/scara_description
[12.851s] -- Installing: /home/robousr/Robotica2025-2/robolab20252/ExamenParcial2/ros2_ws/install/scara_description/share/ament_index/resource_index/parent_prefix_path/scara_description
[12.852s] -- Installing: /home/robousr/Robotica2025-2/robolab20252/ExamenParcial2/ros2_ws/install/scara_description/share/scara_description/environment/ament_prefix_path.sh
[12.854s] -- Installing: /home/robousr/Robotica2025-2/robolab20252/ExamenParcial2/ros2_ws/install/scara_description/share/scara_description/environment/ament_prefix_path.dsv
[12.856s] -- Installing: /home/robousr/Robotica2025-2/robolab20252/ExamenParcial2/ros2_ws/install/scara_description/share/scara_description/environment/path.sh
[12.856s] -- Installing: /home/robousr/Robotica2025-2/robolab20252/ExamenParcial2/ros2_ws/install/scara_description/share/scara_description/environment/path.dsv
[12.856s] -- Installing: /home/robousr/Robotica2025-2/robolab20252/ExamenParcial2/ros2_ws/install/scara_description/share/scara_description/local_setup.bash
[12.858s] -- Installing: /home/robousr/Robotica2025-2/robolab20252/ExamenParcial2/ros2_ws/install/scara_description/share/scara_description/local_setup.sh
[12.859s] -- Installing: /home/robousr/Robotica2025-2/robolab20252/ExamenParcial2/ros2_ws/install/scara_description/share/scara_description/local_setup.zsh
[12.860s] -- Installing: /home/robousr/Robotica2025-2/robolab20252/ExamenParcial2/ros2_ws/install/scara_description/share/scara_description/local_setup.dsv
[12.861s] -- Installing: /home/robousr/Robotica2025-2/robolab20252/ExamenParcial2/ros2_ws/install/scara_description/share/scara_description/package.dsv
[12.862s] -- Installing: /home/robousr/Robotica2025-2/robolab20252/ExamenParcial2/ros2_ws/install/scara_description/share/ament_index/resource_index/packages/scara_description
[12.863s] -- Installing: /home/robousr/Robotica2025-2/robolab20252/ExamenParcial2/ros2_ws/install/scara_description/share/scara_description/cmake/scara_descriptionConfig.cmake
[12.863s] -- Installing: /home/robousr/Robotica2025-2/robolab20252/ExamenParcial2/ros2_ws/install/scara_description/share/scara_description/cmake/scara_descriptionConfig-version.cmake
[12.864s] -- Installing: /home/robousr/Robotica2025-2/robolab20252/ExamenParcial2/ros2_ws/install/scara_description/share/scara_description/package.xml
[12.871s] Invoked command in '/home/robousr/Robotica2025-2/robolab20252/ExamenParcial2/ros2_ws/build/scara_description' returned '0': CMAKE_PREFIX_PATH=${CMAKE_PREFIX_PATH}:/home/robousr/Robotica2025-2/robolab20252/ExamenParcial2/ros2_ws/install/scara_control:/home/robousr/Robotica2025-2/robolab20252/ExamenParcial2/ros2_ws/install/scara_bringup:/home/robousr/Robotica2025-2/robolab20252/install/scara_control:/home/robousr/Robotica2025-2/robolab20252/install/scara_bringup:/opt/ros/humble /usr/bin/cmake --install /home/robousr/Robotica2025-2/robolab20252/ExamenParcial2/ros2_ws/build/scara_description
