[0.751s] DEBUG:colcon:Command line arguments: ['/usr/bin/colcon', 'build', '--packages-select', 'scara_description', 'scara_control', 'scara_bringup']
[0.752s] DEBUG:colcon:Parsed command line arguments: Namespace(log_base=None, log_level=None, verb_name='build', build_base='build', install_base='install', merge_install=False, symlink_install=False, test_result_base=None, continue_on_error=False, executor='parallel', parallel_workers=4, event_handlers=None, ignore_user_meta=False, metas=['./colcon.meta'], base_paths=['.'], packages_ignore=None, packages_ignore_regex=None, paths=None, packages_up_to=None, packages_up_to_regex=None, packages_above=None, packages_above_and_dependencies=None, packages_above_depth=None, packages_select_by_dep=None, packages_skip_by_dep=None, packages_skip_up_to=None, packages_select_build_failed=False, packages_skip_build_finished=False, packages_select_test_failures=False, packages_skip_test_passed=False, packages_select=['scara_description', 'scara_control', 'scara_bringup'], packages_skip=None, packages_select_regex=None, packages_skip_regex=None, packages_start=None, packages_end=None, allow_overriding=[], cmake_args=None, cmake_target=None, cmake_target_skip_unavailable=False, cmake_clean_cache=False, cmake_clean_first=False, cmake_force_configure=False, ament_cmake_args=None, catkin_cmake_args=None, catkin_skip_building_tests=False, mixin_files=None, mixin=None, verb_parser=<colcon_mixin.mixin.mixin_argument.MixinArgumentDecorator object at 0x7629e76943a0>, verb_extension=<colcon_core.verb.build.BuildVerb object at 0x7629e765be20>, main=<bound method BuildVerb.main of <colcon_core.verb.build.BuildVerb object at 0x7629e765be20>>, mixin_verb=('build',))
[2.185s] Level 1:colcon.colcon_core.package_discovery:discover_packages(colcon_meta) check parameters
[2.186s] Level 1:colcon.colcon_core.package_discovery:discover_packages(recursive) check parameters
[2.186s] Level 1:colcon.colcon_core.package_discovery:discover_packages(ignore) check parameters
[2.186s] Level 1:colcon.colcon_core.package_discovery:discover_packages(path) check parameters
[2.186s] Level 1:colcon.colcon_core.package_discovery:discover_packages(colcon_meta) discover
[2.186s] Level 1:colcon.colcon_core.package_discovery:discover_packages(recursive) discover
[2.186s] INFO:colcon.colcon_core.package_discovery:Crawling recursively for packages in '/home/robousr/Robotica2025-2/robolab20252/ExamenParcial2/ros2_ws'
[2.186s] Level 1:colcon.colcon_core.package_identification:_identify(.) by extensions ['ignore', 'ignore_ament_install']
[2.187s] Level 1:colcon.colcon_core.package_identification:_identify(.) by extension 'ignore'
[2.187s] Level 1:colcon.colcon_core.package_identification:_identify(.) by extension 'ignore_ament_install'
[2.187s] Level 1:colcon.colcon_core.package_identification:_identify(.) by extensions ['colcon_pkg']
[2.187s] Level 1:colcon.colcon_core.package_identification:_identify(.) by extension 'colcon_pkg'
[2.188s] Level 1:colcon.colcon_core.package_identification:_identify(.) by extensions ['colcon_meta']
[2.188s] Level 1:colcon.colcon_core.package_identification:_identify(.) by extension 'colcon_meta'
[2.188s] Level 1:colcon.colcon_core.package_identification:_identify(.) by extensions ['ros']
[2.188s] Level 1:colcon.colcon_core.package_identification:_identify(.) by extension 'ros'
[2.308s] Level 1:colcon.colcon_core.package_identification:_identify(.) by extensions ['cmake', 'python']
[2.308s] Level 1:colcon.colcon_core.package_identification:_identify(.) by extension 'cmake'
[2.308s] Level 1:colcon.colcon_core.package_identification:_identify(.) by extension 'python'
[2.309s] Level 1:colcon.colcon_core.package_identification:_identify(.) by extensions ['python_setup_py']
[2.309s] Level 1:colcon.colcon_core.package_identification:_identify(.) by extension 'python_setup_py'
[2.309s] Level 1:colcon.colcon_core.package_identification:_identify(build) by extensions ['ignore', 'ignore_ament_install']
[2.310s] Level 1:colcon.colcon_core.package_identification:_identify(build) by extension 'ignore'
[2.310s] Level 1:colcon.colcon_core.package_identification:_identify(build) ignored
[2.311s] Level 1:colcon.colcon_core.package_identification:_identify(install) by extensions ['ignore', 'ignore_ament_install']
[2.312s] Level 1:colcon.colcon_core.package_identification:_identify(install) by extension 'ignore'
[2.312s] Level 1:colcon.colcon_core.package_identification:_identify(install) ignored
[2.313s] Level 1:colcon.colcon_core.package_identification:_identify(log) by extensions ['ignore', 'ignore_ament_install']
[2.313s] Level 1:colcon.colcon_core.package_identification:_identify(log) by extension 'ignore'
[2.313s] Level 1:colcon.colcon_core.package_identification:_identify(log) ignored
[2.314s] Level 1:colcon.colcon_core.package_identification:_identify(src) by extensions ['ignore', 'ignore_ament_install']
[2.314s] Level 1:colcon.colcon_core.package_identification:_identify(src) by extension 'ignore'
[2.314s] Level 1:colcon.colcon_core.package_identification:_identify(src) by extension 'ignore_ament_install'
[2.315s] Level 1:colcon.colcon_core.package_identification:_identify(src) by extensions ['colcon_pkg']
[2.315s] Level 1:colcon.colcon_core.package_identification:_identify(src) by extension 'colcon_pkg'
[2.315s] Level 1:colcon.colcon_core.package_identification:_identify(src) by extensions ['colcon_meta']
[2.315s] Level 1:colcon.colcon_core.package_identification:_identify(src) by extension 'colcon_meta'
[2.316s] Level 1:colcon.colcon_core.package_identification:_identify(src) by extensions ['ros']
[2.316s] Level 1:colcon.colcon_core.package_identification:_identify(src) by extension 'ros'
[2.316s] Level 1:colcon.colcon_core.package_identification:_identify(src) by extensions ['cmake', 'python']
[2.316s] Level 1:colcon.colcon_core.package_identification:_identify(src) by extension 'cmake'
[2.317s] Level 1:colcon.colcon_core.package_identification:_identify(src) by extension 'python'
[2.317s] Level 1:colcon.colcon_core.package_identification:_identify(src) by extensions ['python_setup_py']
[2.317s] Level 1:colcon.colcon_core.package_identification:_identify(src) by extension 'python_setup_py'
[2.317s] Level 1:colcon.colcon_core.package_identification:_identify(src/scara_bringup) by extensions ['ignore', 'ignore_ament_install']
[2.318s] Level 1:colcon.colcon_core.package_identification:_identify(src/scara_bringup) by extension 'ignore'
[2.318s] Level 1:colcon.colcon_core.package_identification:_identify(src/scara_bringup) by extension 'ignore_ament_install'
[2.318s] Level 1:colcon.colcon_core.package_identification:_identify(src/scara_bringup) by extensions ['colcon_pkg']
[2.319s] Level 1:colcon.colcon_core.package_identification:_identify(src/scara_bringup) by extension 'colcon_pkg'
[2.319s] Level 1:colcon.colcon_core.package_identification:_identify(src/scara_bringup) by extensions ['colcon_meta']
[2.319s] Level 1:colcon.colcon_core.package_identification:_identify(src/scara_bringup) by extension 'colcon_meta'
[2.319s] Level 1:colcon.colcon_core.package_identification:_identify(src/scara_bringup) by extensions ['ros']
[2.320s] Level 1:colcon.colcon_core.package_identification:_identify(src/scara_bringup) by extension 'ros'
[2.335s] DEBUG:colcon.colcon_core.package_identification:Package 'src/scara_bringup' with type 'ros.ament_python' and name 'scara_bringup'
[2.336s] Level 1:colcon.colcon_core.package_identification:_identify(src/scara_control) by extensions ['ignore', 'ignore_ament_install']
[2.336s] Level 1:colcon.colcon_core.package_identification:_identify(src/scara_control) by extension 'ignore'
[2.336s] Level 1:colcon.colcon_core.package_identification:_identify(src/scara_control) by extension 'ignore_ament_install'
[2.337s] Level 1:colcon.colcon_core.package_identification:_identify(src/scara_control) by extensions ['colcon_pkg']
[2.337s] Level 1:colcon.colcon_core.package_identification:_identify(src/scara_control) by extension 'colcon_pkg'
[2.337s] Level 1:colcon.colcon_core.package_identification:_identify(src/scara_control) by extensions ['colcon_meta']
[2.337s] Level 1:colcon.colcon_core.package_identification:_identify(src/scara_control) by extension 'colcon_meta'
[2.337s] Level 1:colcon.colcon_core.package_identification:_identify(src/scara_control) by extensions ['ros']
[2.338s] Level 1:colcon.colcon_core.package_identification:_identify(src/scara_control) by extension 'ros'
[2.340s] DEBUG:colcon.colcon_core.package_identification:Package 'src/scara_control' with type 'ros.ament_python' and name 'scara_control'
[2.340s] Level 1:colcon.colcon_core.package_identification:_identify(src/scara_description) by extensions ['ignore', 'ignore_ament_install']
[2.341s] Level 1:colcon.colcon_core.package_identification:_identify(src/scara_description) by extension 'ignore'
[2.341s] Level 1:colcon.colcon_core.package_identification:_identify(src/scara_description) by extension 'ignore_ament_install'
[2.341s] Level 1:colcon.colcon_core.package_identification:_identify(src/scara_description) by extensions ['colcon_pkg']
[2.341s] Level 1:colcon.colcon_core.package_identification:_identify(src/scara_description) by extension 'colcon_pkg'
[2.341s] Level 1:colcon.colcon_core.package_identification:_identify(src/scara_description) by extensions ['colcon_meta']
[2.341s] Level 1:colcon.colcon_core.package_identification:_identify(src/scara_description) by extension 'colcon_meta'
[2.342s] Level 1:colcon.colcon_core.package_identification:_identify(src/scara_description) by extensions ['ros']
[2.342s] Level 1:colcon.colcon_core.package_identification:_identify(src/scara_description) by extension 'ros'
[2.345s] DEBUG:colcon.colcon_core.package_identification:Package 'src/scara_description' with type 'ros.ament_cmake' and name 'scara_description'
[2.345s] Level 1:colcon.colcon_core.package_discovery:discover_packages(recursive) using defaults
[2.345s] Level 1:colcon.colcon_core.package_discovery:discover_packages(ignore) discover
[2.345s] Level 1:colcon.colcon_core.package_discovery:discover_packages(ignore) using defaults
[2.346s] Level 1:colcon.colcon_core.package_discovery:discover_packages(path) discover
[2.346s] Level 1:colcon.colcon_core.package_discovery:discover_packages(path) using defaults
[2.487s] Level 1:colcon.colcon_core.package_discovery:discover_packages(prefix_path) check parameters
[2.488s] Level 1:colcon.colcon_core.package_discovery:discover_packages(prefix_path) discover
[2.501s] DEBUG:colcon.colcon_installed_package_information.package_discovery:Found 3 installed packages in /home/robousr/Robotica2025-2/robolab20252/ExamenParcial2/ros2_ws/install
[2.503s] DEBUG:colcon.colcon_installed_package_information.package_discovery:Found 3 installed packages in /home/robousr/Robotica2025-2/robolab20252/install
[2.509s] DEBUG:colcon.colcon_installed_package_information.package_discovery:Found 331 installed packages in /opt/ros/humble
[2.515s] Level 1:colcon.colcon_core.package_discovery:discover_packages(prefix_path) using defaults
[2.874s] Level 5:colcon.colcon_core.verb:set package 'scara_bringup' build argument 'cmake_args' from command line to 'None'
[2.874s] Level 5:colcon.colcon_core.verb:set package 'scara_bringup' build argument 'cmake_target' from command line to 'None'
[2.874s] Level 5:colcon.colcon_core.verb:set package 'scara_bringup' build argument 'cmake_target_skip_unavailable' from command line to 'False'
[2.875s] Level 5:colcon.colcon_core.verb:set package 'scara_bringup' build argument 'cmake_clean_cache' from command line to 'False'
[2.875s] Level 5:colcon.colcon_core.verb:set package 'scara_bringup' build argument 'cmake_clean_first' from command line to 'False'
[2.875s] Level 5:colcon.colcon_core.verb:set package 'scara_bringup' build argument 'cmake_force_configure' from command line to 'False'
[2.875s] Level 5:colcon.colcon_core.verb:set package 'scara_bringup' build argument 'ament_cmake_args' from command line to 'None'
[2.875s] Level 5:colcon.colcon_core.verb:set package 'scara_bringup' build argument 'catkin_cmake_args' from command line to 'None'
[2.875s] Level 5:colcon.colcon_core.verb:set package 'scara_bringup' build argument 'catkin_skip_building_tests' from command line to 'False'
[2.875s] DEBUG:colcon.colcon_core.verb:Building package 'scara_bringup' with the following arguments: {'ament_cmake_args': None, 'build_base': '/home/robousr/Robotica2025-2/robolab20252/ExamenParcial2/ros2_ws/build/scara_bringup', 'catkin_cmake_args': None, 'catkin_skip_building_tests': False, 'cmake_args': None, 'cmake_clean_cache': False, 'cmake_clean_first': False, 'cmake_force_configure': False, 'cmake_target': None, 'cmake_target_skip_unavailable': False, 'install_base': '/home/robousr/Robotica2025-2/robolab20252/ExamenParcial2/ros2_ws/install/scara_bringup', 'merge_install': False, 'path': '/home/robousr/Robotica2025-2/robolab20252/ExamenParcial2/ros2_ws/src/scara_bringup', 'symlink_install': False, 'test_result_base': None}
[2.876s] Level 5:colcon.colcon_core.verb:set package 'scara_control' build argument 'cmake_args' from command line to 'None'
[2.876s] Level 5:colcon.colcon_core.verb:set package 'scara_control' build argument 'cmake_target' from command line to 'None'
[2.876s] Level 5:colcon.colcon_core.verb:set package 'scara_control' build argument 'cmake_target_skip_unavailable' from command line to 'False'
[2.877s] Level 5:colcon.colcon_core.verb:set package 'scara_control' build argument 'cmake_clean_cache' from command line to 'False'
[2.877s] Level 5:colcon.colcon_core.verb:set package 'scara_control' build argument 'cmake_clean_first' from command line to 'False'
[2.877s] Level 5:colcon.colcon_core.verb:set package 'scara_control' build argument 'cmake_force_configure' from command line to 'False'
[2.877s] Level 5:colcon.colcon_core.verb:set package 'scara_control' build argument 'ament_cmake_args' from command line to 'None'
[2.877s] Level 5:colcon.colcon_core.verb:set package 'scara_control' build argument 'catkin_cmake_args' from command line to 'None'
[2.877s] Level 5:colcon.colcon_core.verb:set package 'scara_control' build argument 'catkin_skip_building_tests' from command line to 'False'
[2.877s] DEBUG:colcon.colcon_core.verb:Building package 'scara_control' with the following arguments: {'ament_cmake_args': None, 'build_base': '/home/robousr/Robotica2025-2/robolab20252/ExamenParcial2/ros2_ws/build/scara_control', 'catkin_cmake_args': None, 'catkin_skip_building_tests': False, 'cmake_args': None, 'cmake_clean_cache': False, 'cmake_clean_first': False, 'cmake_force_configure': False, 'cmake_target': None, 'cmake_target_skip_unavailable': False, 'install_base': '/home/robousr/Robotica2025-2/robolab20252/ExamenParcial2/ros2_ws/install/scara_control', 'merge_install': False, 'path': '/home/robousr/Robotica2025-2/robolab20252/ExamenParcial2/ros2_ws/src/scara_control', 'symlink_install': False, 'test_result_base': None}
[2.878s] Level 5:colcon.colcon_core.verb:set package 'scara_description' build argument 'cmake_args' from command line to 'None'
[2.878s] Level 5:colcon.colcon_core.verb:set package 'scara_description' build argument 'cmake_target' from command line to 'None'
[2.878s] Level 5:colcon.colcon_core.verb:set package 'scara_description' build argument 'cmake_target_skip_unavailable' from command line to 'False'
[2.878s] Level 5:colcon.colcon_core.verb:set package 'scara_description' build argument 'cmake_clean_cache' from command line to 'False'
[2.878s] Level 5:colcon.colcon_core.verb:set package 'scara_description' build argument 'cmake_clean_first' from command line to 'False'
[2.879s] Level 5:colcon.colcon_core.verb:set package 'scara_description' build argument 'cmake_force_configure' from command line to 'False'
[2.879s] Level 5:colcon.colcon_core.verb:set package 'scara_description' build argument 'ament_cmake_args' from command line to 'None'
[2.879s] Level 5:colcon.colcon_core.verb:set package 'scara_description' build argument 'catkin_cmake_args' from command line to 'None'
[2.879s] Level 5:colcon.colcon_core.verb:set package 'scara_description' build argument 'catkin_skip_building_tests' from command line to 'False'
[2.879s] DEBUG:colcon.colcon_core.verb:Building package 'scara_description' with the following arguments: {'ament_cmake_args': None, 'build_base': '/home/robousr/Robotica2025-2/robolab20252/ExamenParcial2/ros2_ws/build/scara_description', 'catkin_cmake_args': None, 'catkin_skip_building_tests': False, 'cmake_args': None, 'cmake_clean_cache': False, 'cmake_clean_first': False, 'cmake_force_configure': False, 'cmake_target': None, 'cmake_target_skip_unavailable': False, 'install_base': '/home/robousr/Robotica2025-2/robolab20252/ExamenParcial2/ros2_ws/install/scara_description', 'merge_install': False, 'path': '/home/robousr/Robotica2025-2/robolab20252/ExamenParcial2/ros2_ws/src/scara_description', 'symlink_install': False, 'test_result_base': None}
[2.879s] INFO:colcon.colcon_core.executor:Executing jobs using 'parallel' executor
[2.883s] DEBUG:colcon.colcon_parallel_executor.executor.parallel:run_until_complete
[2.885s] INFO:colcon.colcon_ros.task.ament_python.build:Building ROS package in '/home/robousr/Robotica2025-2/robolab20252/ExamenParcial2/ros2_ws/src/scara_bringup' with build type 'ament_python'
[2.886s] Level 1:colcon.colcon_core.shell:create_environment_hook('scara_bringup', 'ament_prefix_path')
[2.944s] INFO:colcon.colcon_core.plugin_system:Skipping extension 'colcon_core.shell.bat': Not used on non-Windows systems
[2.945s] INFO:colcon.colcon_core.shell:Creating environment hook '/home/robousr/Robotica2025-2/robolab20252/ExamenParcial2/ros2_ws/install/scara_bringup/share/scara_bringup/hook/ament_prefix_path.ps1'
[2.953s] INFO:colcon.colcon_core.shell:Creating environment descriptor '/home/robousr/Robotica2025-2/robolab20252/ExamenParcial2/ros2_ws/install/scara_bringup/share/scara_bringup/hook/ament_prefix_path.dsv'
[2.956s] INFO:colcon.colcon_core.shell:Creating environment hook '/home/robousr/Robotica2025-2/robolab20252/ExamenParcial2/ros2_ws/install/scara_bringup/share/scara_bringup/hook/ament_prefix_path.sh'
[2.960s] INFO:colcon.colcon_core.shell:Skip shell extension 'powershell' for command environment: Not usable outside of PowerShell
[2.960s] DEBUG:colcon.colcon_core.shell:Skip shell extension 'dsv' for command environment
[2.976s] INFO:colcon.colcon_ros.task.ament_python.build:Building ROS package in '/home/robousr/Robotica2025-2/robolab20252/ExamenParcial2/ros2_ws/src/scara_control' with build type 'ament_python'
[2.977s] Level 1:colcon.colcon_core.shell:create_environment_hook('scara_control', 'ament_prefix_path')
[2.978s] INFO:colcon.colcon_core.shell:Creating environment hook '/home/robousr/Robotica2025-2/robolab20252/ExamenParcial2/ros2_ws/install/scara_control/share/scara_control/hook/ament_prefix_path.ps1'
[2.980s] INFO:colcon.colcon_core.shell:Creating environment descriptor '/home/robousr/Robotica2025-2/robolab20252/ExamenParcial2/ros2_ws/install/scara_control/share/scara_control/hook/ament_prefix_path.dsv'
[2.983s] INFO:colcon.colcon_core.shell:Creating environment hook '/home/robousr/Robotica2025-2/robolab20252/ExamenParcial2/ros2_ws/install/scara_control/share/scara_control/hook/ament_prefix_path.sh'
[2.985s] INFO:colcon.colcon_core.shell:Skip shell extension 'powershell' for command environment: Not usable outside of PowerShell
[2.985s] DEBUG:colcon.colcon_core.shell:Skip shell extension 'dsv' for command environment
[3.001s] INFO:colcon.colcon_ros.task.ament_cmake.build:Building ROS package in '/home/robousr/Robotica2025-2/robolab20252/ExamenParcial2/ros2_ws/src/scara_description' with build type 'ament_cmake'
[3.001s] INFO:colcon.colcon_cmake.task.cmake.build:Building CMake package in '/home/robousr/Robotica2025-2/robolab20252/ExamenParcial2/ros2_ws/src/scara_description'
[3.003s] INFO:colcon.colcon_core.shell:Skip shell extension 'powershell' for command environment: Not usable outside of PowerShell
[3.004s] DEBUG:colcon.colcon_core.shell:Skip shell extension 'dsv' for command environment
[4.172s] INFO:colcon.colcon_core.task.python.build:Building Python package in '/home/robousr/Robotica2025-2/robolab20252/ExamenParcial2/ros2_ws/src/scara_bringup'
[4.173s] INFO:colcon.colcon_core.shell:Skip shell extension 'powershell' for command environment: Not usable outside of PowerShell
[4.173s] DEBUG:colcon.colcon_core.shell:Skip shell extension 'dsv' for command environment
[5.073s] INFO:colcon.colcon_core.task.python.build:Building Python package in '/home/robousr/Robotica2025-2/robolab20252/ExamenParcial2/ros2_ws/src/scara_control'
[5.074s] INFO:colcon.colcon_core.shell:Skip shell extension 'powershell' for command environment: Not usable outside of PowerShell
[5.075s] DEBUG:colcon.colcon_core.shell:Skip shell extension 'dsv' for command environment
[5.169s] DEBUG:colcon.colcon_core.event_handler.log_command:Invoking command in '/home/robousr/Robotica2025-2/robolab20252/ExamenParcial2/ros2_ws/build/scara_description': CMAKE_PREFIX_PATH=${CMAKE_PREFIX_PATH}:/home/robousr/Robotica2025-2/robolab20252/ExamenParcial2/ros2_ws/install/scara_control:/home/robousr/Robotica2025-2/robolab20252/ExamenParcial2/ros2_ws/install/scara_bringup:/home/robousr/Robotica2025-2/robolab20252/install/scara_control:/home/robousr/Robotica2025-2/robolab20252/install/scara_bringup:/opt/ros/humble /usr/bin/cmake --build /home/robousr/Robotica2025-2/robolab20252/ExamenParcial2/ros2_ws/build/scara_description -- -j4 -l4
[6.687s] DEBUG:colcon.colcon_core.event_handler.log_command:Invoking command in '/home/robousr/Robotica2025-2/robolab20252/ExamenParcial2/ros2_ws/src/scara_control': PYTHONPATH=/home/robousr/Robotica2025-2/robolab20252/ExamenParcial2/ros2_ws/build/scara_control/prefix_override:/usr/lib/python3/dist-packages/colcon_core/task/python/colcon_distutils_commands:/home/robousr/Robotica2025-2/robolab20252/ExamenParcial2/ros2_ws/install/scara_control/lib/python3.10/site-packages:${PYTHONPATH} /usr/bin/python3 -W ignore:setup.py install is deprecated -W ignore:easy_install command is deprecated setup.py egg_info --egg-base ../../build/scara_control build --build-base /home/robousr/Robotica2025-2/robolab20252/ExamenParcial2/ros2_ws/build/scara_control/build install --record /home/robousr/Robotica2025-2/robolab20252/ExamenParcial2/ros2_ws/build/scara_control/install.log --single-version-externally-managed install_data
[6.699s] DEBUG:colcon.colcon_core.event_handler.log_command:Invoking command in '/home/robousr/Robotica2025-2/robolab20252/ExamenParcial2/ros2_ws/src/scara_bringup': PYTHONPATH=/home/robousr/Robotica2025-2/robolab20252/ExamenParcial2/ros2_ws/build/scara_bringup/prefix_override:/usr/lib/python3/dist-packages/colcon_core/task/python/colcon_distutils_commands:/home/robousr/Robotica2025-2/robolab20252/ExamenParcial2/ros2_ws/install/scara_bringup/lib/python3.10/site-packages:${PYTHONPATH} /usr/bin/python3 -W ignore:setup.py install is deprecated -W ignore:easy_install command is deprecated setup.py egg_info --egg-base ../../build/scara_bringup build --build-base /home/robousr/Robotica2025-2/robolab20252/ExamenParcial2/ros2_ws/build/scara_bringup/build install --record /home/robousr/Robotica2025-2/robolab20252/ExamenParcial2/ros2_ws/build/scara_bringup/install.log --single-version-externally-managed install_data
[7.610s] DEBUG:colcon.colcon_core.event_handler.log_command:Invoked command in '/home/robousr/Robotica2025-2/robolab20252/ExamenParcial2/ros2_ws/src/scara_control' returned '0': PYTHONPATH=/home/robousr/Robotica2025-2/robolab20252/ExamenParcial2/ros2_ws/build/scara_control/prefix_override:/usr/lib/python3/dist-packages/colcon_core/task/python/colcon_distutils_commands:/home/robousr/Robotica2025-2/robolab20252/ExamenParcial2/ros2_ws/install/scara_control/lib/python3.10/site-packages:${PYTHONPATH} /usr/bin/python3 -W ignore:setup.py install is deprecated -W ignore:easy_install command is deprecated setup.py egg_info --egg-base ../../build/scara_control build --build-base /home/robousr/Robotica2025-2/robolab20252/ExamenParcial2/ros2_ws/build/scara_control/build install --record /home/robousr/Robotica2025-2/robolab20252/ExamenParcial2/ros2_ws/build/scara_control/install.log --single-version-externally-managed install_data
[7.628s] Level 1:colcon.colcon_core.environment:checking '/home/robousr/Robotica2025-2/robolab20252/ExamenParcial2/ros2_ws/install/scara_control' for CMake module files
[7.629s] Level 1:colcon.colcon_core.environment:checking '/home/robousr/Robotica2025-2/robolab20252/ExamenParcial2/ros2_ws/install/scara_control' for CMake config files
[7.633s] Level 1:colcon.colcon_core.environment:checking '/home/robousr/Robotica2025-2/robolab20252/ExamenParcial2/ros2_ws/install/scara_control/lib'
[7.633s] Level 1:colcon.colcon_core.environment:checking '/home/robousr/Robotica2025-2/robolab20252/ExamenParcial2/ros2_ws/install/scara_control/bin'
[7.634s] Level 1:colcon.colcon_core.environment:checking '/home/robousr/Robotica2025-2/robolab20252/ExamenParcial2/ros2_ws/install/scara_control/lib/pkgconfig/scara_control.pc'
[7.634s] Level 1:colcon.colcon_core.environment:checking '/home/robousr/Robotica2025-2/robolab20252/ExamenParcial2/ros2_ws/install/scara_control/lib/python3.10/site-packages'
[7.634s] Level 1:colcon.colcon_core.shell:create_environment_hook('scara_control', 'pythonpath')
[7.635s] INFO:colcon.colcon_core.shell:Creating environment hook '/home/robousr/Robotica2025-2/robolab20252/ExamenParcial2/ros2_ws/install/scara_control/share/scara_control/hook/pythonpath.ps1'
[7.638s] INFO:colcon.colcon_core.shell:Creating environment descriptor '/home/robousr/Robotica2025-2/robolab20252/ExamenParcial2/ros2_ws/install/scara_control/share/scara_control/hook/pythonpath.dsv'
[7.640s] INFO:colcon.colcon_core.shell:Creating environment hook '/home/robousr/Robotica2025-2/robolab20252/ExamenParcial2/ros2_ws/install/scara_control/share/scara_control/hook/pythonpath.sh'
[7.641s] Level 1:colcon.colcon_core.environment:checking '/home/robousr/Robotica2025-2/robolab20252/ExamenParcial2/ros2_ws/install/scara_control/bin'
[7.642s] Level 1:colcon.colcon_core.environment:create_environment_scripts_only(scara_control)
[7.643s] INFO:colcon.colcon_core.shell:Creating package script '/home/robousr/Robotica2025-2/robolab20252/ExamenParcial2/ros2_ws/install/scara_control/share/scara_control/package.ps1'
[7.646s] INFO:colcon.colcon_core.shell:Creating package descriptor '/home/robousr/Robotica2025-2/robolab20252/ExamenParcial2/ros2_ws/install/scara_control/share/scara_control/package.dsv'
[7.653s] INFO:colcon.colcon_core.shell:Creating package script '/home/robousr/Robotica2025-2/robolab20252/ExamenParcial2/ros2_ws/install/scara_control/share/scara_control/package.sh'
[7.656s] INFO:colcon.colcon_core.shell:Creating package script '/home/robousr/Robotica2025-2/robolab20252/ExamenParcial2/ros2_ws/install/scara_control/share/scara_control/package.bash'
[7.661s] INFO:colcon.colcon_core.shell:Creating package script '/home/robousr/Robotica2025-2/robolab20252/ExamenParcial2/ros2_ws/install/scara_control/share/scara_control/package.zsh'
[7.665s] Level 1:colcon.colcon_core.environment:create_file_with_runtime_dependencies(/home/robousr/Robotica2025-2/robolab20252/ExamenParcial2/ros2_ws/install/scara_control/share/colcon-core/packages/scara_control)
[7.715s] Level 1:colcon.colcon_core.environment:checking '/home/robousr/Robotica2025-2/robolab20252/ExamenParcial2/ros2_ws/install/scara_bringup' for CMake module files
[7.717s] DEBUG:colcon.colcon_core.event_handler.log_command:Invoked command in '/home/robousr/Robotica2025-2/robolab20252/ExamenParcial2/ros2_ws/src/scara_bringup' returned '0': PYTHONPATH=/home/robousr/Robotica2025-2/robolab20252/ExamenParcial2/ros2_ws/build/scara_bringup/prefix_override:/usr/lib/python3/dist-packages/colcon_core/task/python/colcon_distutils_commands:/home/robousr/Robotica2025-2/robolab20252/ExamenParcial2/ros2_ws/install/scara_bringup/lib/python3.10/site-packages:${PYTHONPATH} /usr/bin/python3 -W ignore:setup.py install is deprecated -W ignore:easy_install command is deprecated setup.py egg_info --egg-base ../../build/scara_bringup build --build-base /home/robousr/Robotica2025-2/robolab20252/ExamenParcial2/ros2_ws/build/scara_bringup/build install --record /home/robousr/Robotica2025-2/robolab20252/ExamenParcial2/ros2_ws/build/scara_bringup/install.log --single-version-externally-managed install_data
[7.718s] Level 1:colcon.colcon_core.environment:checking '/home/robousr/Robotica2025-2/robolab20252/ExamenParcial2/ros2_ws/install/scara_bringup' for CMake config files
[7.721s] Level 1:colcon.colcon_core.environment:checking '/home/robousr/Robotica2025-2/robolab20252/ExamenParcial2/ros2_ws/install/scara_bringup/lib'
[7.721s] Level 1:colcon.colcon_core.environment:checking '/home/robousr/Robotica2025-2/robolab20252/ExamenParcial2/ros2_ws/install/scara_bringup/bin'
[7.721s] Level 1:colcon.colcon_core.environment:checking '/home/robousr/Robotica2025-2/robolab20252/ExamenParcial2/ros2_ws/install/scara_bringup/lib/pkgconfig/scara_bringup.pc'
[7.722s] Level 1:colcon.colcon_core.environment:checking '/home/robousr/Robotica2025-2/robolab20252/ExamenParcial2/ros2_ws/install/scara_bringup/lib/python3.10/site-packages'
[7.722s] Level 1:colcon.colcon_core.shell:create_environment_hook('scara_bringup', 'pythonpath')
[7.723s] INFO:colcon.colcon_core.shell:Creating environment hook '/home/robousr/Robotica2025-2/robolab20252/ExamenParcial2/ros2_ws/install/scara_bringup/share/scara_bringup/hook/pythonpath.ps1'
[7.725s] INFO:colcon.colcon_core.shell:Creating environment descriptor '/home/robousr/Robotica2025-2/robolab20252/ExamenParcial2/ros2_ws/install/scara_bringup/share/scara_bringup/hook/pythonpath.dsv'
[7.726s] INFO:colcon.colcon_core.shell:Creating environment hook '/home/robousr/Robotica2025-2/robolab20252/ExamenParcial2/ros2_ws/install/scara_bringup/share/scara_bringup/hook/pythonpath.sh'
[7.734s] Level 1:colcon.colcon_core.environment:checking '/home/robousr/Robotica2025-2/robolab20252/ExamenParcial2/ros2_ws/install/scara_bringup/bin'
[7.735s] Level 1:colcon.colcon_core.environment:create_environment_scripts_only(scara_bringup)
[7.739s] INFO:colcon.colcon_core.shell:Creating package script '/home/robousr/Robotica2025-2/robolab20252/ExamenParcial2/ros2_ws/install/scara_bringup/share/scara_bringup/package.ps1'
[7.741s] INFO:colcon.colcon_core.shell:Creating package descriptor '/home/robousr/Robotica2025-2/robolab20252/ExamenParcial2/ros2_ws/install/scara_bringup/share/scara_bringup/package.dsv'
[7.743s] INFO:colcon.colcon_core.shell:Creating package script '/home/robousr/Robotica2025-2/robolab20252/ExamenParcial2/ros2_ws/install/scara_bringup/share/scara_bringup/package.sh'
[7.744s] INFO:colcon.colcon_core.shell:Creating package script '/home/robousr/Robotica2025-2/robolab20252/ExamenParcial2/ros2_ws/install/scara_bringup/share/scara_bringup/package.bash'
[7.746s] INFO:colcon.colcon_core.shell:Creating package script '/home/robousr/Robotica2025-2/robolab20252/ExamenParcial2/ros2_ws/install/scara_bringup/share/scara_bringup/package.zsh'
[7.750s] Level 1:colcon.colcon_core.environment:create_file_with_runtime_dependencies(/home/robousr/Robotica2025-2/robolab20252/ExamenParcial2/ros2_ws/install/scara_bringup/share/colcon-core/packages/scara_bringup)
[11.069s] DEBUG:colcon.colcon_core.event_handler.log_command:Invoked command in '/home/robousr/Robotica2025-2/robolab20252/ExamenParcial2/ros2_ws/build/scara_description' returned '0': CMAKE_PREFIX_PATH=${CMAKE_PREFIX_PATH}:/home/robousr/Robotica2025-2/robolab20252/ExamenParcial2/ros2_ws/install/scara_control:/home/robousr/Robotica2025-2/robolab20252/ExamenParcial2/ros2_ws/install/scara_bringup:/home/robousr/Robotica2025-2/robolab20252/install/scara_control:/home/robousr/Robotica2025-2/robolab20252/install/scara_bringup:/opt/ros/humble /usr/bin/cmake --build /home/robousr/Robotica2025-2/robolab20252/ExamenParcial2/ros2_ws/build/scara_description -- -j4 -l4
[11.107s] DEBUG:colcon.colcon_core.event_handler.log_command:Invoking command in '/home/robousr/Robotica2025-2/robolab20252/ExamenParcial2/ros2_ws/build/scara_description': CMAKE_PREFIX_PATH=${CMAKE_PREFIX_PATH}:/home/robousr/Robotica2025-2/robolab20252/ExamenParcial2/ros2_ws/install/scara_control:/home/robousr/Robotica2025-2/robolab20252/ExamenParcial2/ros2_ws/install/scara_bringup:/home/robousr/Robotica2025-2/robolab20252/install/scara_control:/home/robousr/Robotica2025-2/robolab20252/install/scara_bringup:/opt/ros/humble /usr/bin/cmake --install /home/robousr/Robotica2025-2/robolab20252/ExamenParcial2/ros2_ws/build/scara_description
[11.161s] Level 1:colcon.colcon_core.environment:create_environment_scripts_only(scara_description)
[11.162s] Level 1:colcon.colcon_core.environment:checking '/home/robousr/Robotica2025-2/robolab20252/ExamenParcial2/ros2_ws/install/scara_description' for CMake module files
[11.164s] Level 1:colcon.colcon_core.environment:checking '/home/robousr/Robotica2025-2/robolab20252/ExamenParcial2/ros2_ws/install/scara_description' for CMake config files
[11.165s] DEBUG:colcon.colcon_core.event_handler.log_command:Invoked command in '/home/robousr/Robotica2025-2/robolab20252/ExamenParcial2/ros2_ws/build/scara_description' returned '0': CMAKE_PREFIX_PATH=${CMAKE_PREFIX_PATH}:/home/robousr/Robotica2025-2/robolab20252/ExamenParcial2/ros2_ws/install/scara_control:/home/robousr/Robotica2025-2/robolab20252/ExamenParcial2/ros2_ws/install/scara_bringup:/home/robousr/Robotica2025-2/robolab20252/install/scara_control:/home/robousr/Robotica2025-2/robolab20252/install/scara_bringup:/opt/ros/humble /usr/bin/cmake --install /home/robousr/Robotica2025-2/robolab20252/ExamenParcial2/ros2_ws/build/scara_description
[11.166s] Level 1:colcon.colcon_core.shell:create_environment_hook('scara_description', 'cmake_prefix_path')
[11.167s] INFO:colcon.colcon_core.shell:Creating environment hook '/home/robousr/Robotica2025-2/robolab20252/ExamenParcial2/ros2_ws/install/scara_description/share/scara_description/hook/cmake_prefix_path.ps1'
[11.169s] INFO:colcon.colcon_core.shell:Creating environment descriptor '/home/robousr/Robotica2025-2/robolab20252/ExamenParcial2/ros2_ws/install/scara_description/share/scara_description/hook/cmake_prefix_path.dsv'
[11.170s] INFO:colcon.colcon_core.shell:Creating environment hook '/home/robousr/Robotica2025-2/robolab20252/ExamenParcial2/ros2_ws/install/scara_description/share/scara_description/hook/cmake_prefix_path.sh'
[11.172s] Level 1:colcon.colcon_core.environment:checking '/home/robousr/Robotica2025-2/robolab20252/ExamenParcial2/ros2_ws/install/scara_description/bin'
[11.172s] Level 1:colcon.colcon_core.environment:checking '/home/robousr/Robotica2025-2/robolab20252/ExamenParcial2/ros2_ws/install/scara_description/lib/pkgconfig/scara_description.pc'
[11.175s] Level 1:colcon.colcon_core.environment:checking '/home/robousr/Robotica2025-2/robolab20252/ExamenParcial2/ros2_ws/install/scara_description/lib/python3.10/site-packages'
[11.176s] Level 1:colcon.colcon_core.environment:checking '/home/robousr/Robotica2025-2/robolab20252/ExamenParcial2/ros2_ws/install/scara_description/bin'
[11.176s] INFO:colcon.colcon_core.shell:Creating package script '/home/robousr/Robotica2025-2/robolab20252/ExamenParcial2/ros2_ws/install/scara_description/share/scara_description/package.ps1'
[11.178s] INFO:colcon.colcon_core.shell:Creating package descriptor '/home/robousr/Robotica2025-2/robolab20252/ExamenParcial2/ros2_ws/install/scara_description/share/scara_description/package.dsv'
[11.181s] INFO:colcon.colcon_core.shell:Creating package script '/home/robousr/Robotica2025-2/robolab20252/ExamenParcial2/ros2_ws/install/scara_description/share/scara_description/package.sh'
[11.185s] INFO:colcon.colcon_core.shell:Creating package script '/home/robousr/Robotica2025-2/robolab20252/ExamenParcial2/ros2_ws/install/scara_description/share/scara_description/package.bash'
[11.187s] INFO:colcon.colcon_core.shell:Creating package script '/home/robousr/Robotica2025-2/robolab20252/ExamenParcial2/ros2_ws/install/scara_description/share/scara_description/package.zsh'
[11.188s] Level 1:colcon.colcon_core.environment:create_file_with_runtime_dependencies(/home/robousr/Robotica2025-2/robolab20252/ExamenParcial2/ros2_ws/install/scara_description/share/colcon-core/packages/scara_description)
[11.190s] Level 1:colcon.colcon_core.environment:create_environment_scripts_only(scara_description)
[11.191s] Level 1:colcon.colcon_core.environment:checking '/home/robousr/Robotica2025-2/robolab20252/ExamenParcial2/ros2_ws/install/scara_description' for CMake module files
[11.192s] Level 1:colcon.colcon_core.environment:checking '/home/robousr/Robotica2025-2/robolab20252/ExamenParcial2/ros2_ws/install/scara_description' for CMake config files
[11.193s] Level 1:colcon.colcon_core.shell:create_environment_hook('scara_description', 'cmake_prefix_path')
[11.194s] INFO:colcon.colcon_core.shell:Creating environment hook '/home/robousr/Robotica2025-2/robolab20252/ExamenParcial2/ros2_ws/install/scara_description/share/scara_description/hook/cmake_prefix_path.ps1'
[11.196s] INFO:colcon.colcon_core.shell:Creating environment descriptor '/home/robousr/Robotica2025-2/robolab20252/ExamenParcial2/ros2_ws/install/scara_description/share/scara_description/hook/cmake_prefix_path.dsv'
[11.198s] INFO:colcon.colcon_core.shell:Creating environment hook '/home/robousr/Robotica2025-2/robolab20252/ExamenParcial2/ros2_ws/install/scara_description/share/scara_description/hook/cmake_prefix_path.sh'
[11.200s] Level 1:colcon.colcon_core.environment:checking '/home/robousr/Robotica2025-2/robolab20252/ExamenParcial2/ros2_ws/install/scara_description/bin'
[11.200s] Level 1:colcon.colcon_core.environment:checking '/home/robousr/Robotica2025-2/robolab20252/ExamenParcial2/ros2_ws/install/scara_description/lib/pkgconfig/scara_description.pc'
[11.201s] Level 1:colcon.colcon_core.environment:checking '/home/robousr/Robotica2025-2/robolab20252/ExamenParcial2/ros2_ws/install/scara_description/lib/python3.10/site-packages'
[11.202s] Level 1:colcon.colcon_core.environment:checking '/home/robousr/Robotica2025-2/robolab20252/ExamenParcial2/ros2_ws/install/scara_description/bin'
[11.202s] INFO:colcon.colcon_core.shell:Creating package script '/home/robousr/Robotica2025-2/robolab20252/ExamenParcial2/ros2_ws/install/scara_description/share/scara_description/package.ps1'
[11.204s] INFO:colcon.colcon_core.shell:Creating package descriptor '/home/robousr/Robotica2025-2/robolab20252/ExamenParcial2/ros2_ws/install/scara_description/share/scara_description/package.dsv'
[11.205s] INFO:colcon.colcon_core.shell:Creating package script '/home/robousr/Robotica2025-2/robolab20252/ExamenParcial2/ros2_ws/install/scara_description/share/scara_description/package.sh'
[11.207s] INFO:colcon.colcon_core.shell:Creating package script '/home/robousr/Robotica2025-2/robolab20252/ExamenParcial2/ros2_ws/install/scara_description/share/scara_description/package.bash'
[11.209s] INFO:colcon.colcon_core.shell:Creating package script '/home/robousr/Robotica2025-2/robolab20252/ExamenParcial2/ros2_ws/install/scara_description/share/scara_description/package.zsh'
[11.210s] Level 1:colcon.colcon_core.environment:create_file_with_runtime_dependencies(/home/robousr/Robotica2025-2/robolab20252/ExamenParcial2/ros2_ws/install/scara_description/share/colcon-core/packages/scara_description)
[11.211s] DEBUG:colcon.colcon_parallel_executor.executor.parallel:closing loop
[11.212s] DEBUG:colcon.colcon_parallel_executor.executor.parallel:loop closed
[11.212s] DEBUG:colcon.colcon_parallel_executor.executor.parallel:run_until_complete finished with '0'
[11.212s] DEBUG:colcon.colcon_core.event_reactor:joining thread
[11.258s] INFO:colcon.colcon_core.plugin_system:Skipping extension 'colcon_notification.desktop_notification.terminal_notifier': Not used on non-Darwin systems
[11.259s] INFO:colcon.colcon_core.plugin_system:Skipping extension 'colcon_notification.desktop_notification.win32': Not used on non-Windows systems
[11.259s] INFO:colcon.colcon_notification.desktop_notification:Sending desktop notification using 'notify2'
[11.407s] DEBUG:colcon.colcon_core.event_reactor:joined thread
[11.408s] INFO:colcon.colcon_core.shell:Creating prefix script '/home/robousr/Robotica2025-2/robolab20252/ExamenParcial2/ros2_ws/install/local_setup.ps1'
[11.414s] INFO:colcon.colcon_core.shell:Creating prefix util module '/home/robousr/Robotica2025-2/robolab20252/ExamenParcial2/ros2_ws/install/_local_setup_util_ps1.py'
[11.424s] INFO:colcon.colcon_core.shell:Creating prefix chain script '/home/robousr/Robotica2025-2/robolab20252/ExamenParcial2/ros2_ws/install/setup.ps1'
[11.430s] INFO:colcon.colcon_core.shell:Creating prefix script '/home/robousr/Robotica2025-2/robolab20252/ExamenParcial2/ros2_ws/install/local_setup.sh'
[11.434s] INFO:colcon.colcon_core.shell:Creating prefix util module '/home/robousr/Robotica2025-2/robolab20252/ExamenParcial2/ros2_ws/install/_local_setup_util_sh.py'
[11.438s] INFO:colcon.colcon_core.shell:Creating prefix chain script '/home/robousr/Robotica2025-2/robolab20252/ExamenParcial2/ros2_ws/install/setup.sh'
[11.444s] INFO:colcon.colcon_core.shell:Creating prefix script '/home/robousr/Robotica2025-2/robolab20252/ExamenParcial2/ros2_ws/install/local_setup.bash'
[11.446s] INFO:colcon.colcon_core.shell:Creating prefix chain script '/home/robousr/Robotica2025-2/robolab20252/ExamenParcial2/ros2_ws/install/setup.bash'
[11.451s] INFO:colcon.colcon_core.shell:Creating prefix script '/home/robousr/Robotica2025-2/robolab20252/ExamenParcial2/ros2_ws/install/local_setup.zsh'
[11.455s] INFO:colcon.colcon_core.shell:Creating prefix chain script '/home/robousr/Robotica2025-2/robolab20252/ExamenParcial2/ros2_ws/install/setup.zsh'
