running egg_info
writing ../../build/scara_control/scara_control.egg-info/PKG-INFO
writing dependency_links to ../../build/scara_control/scara_control.egg-info/dependency_links.txt
writing entry points to ../../build/scara_control/scara_control.egg-info/entry_points.txt
writing requirements to ../../build/scara_control/scara_control.egg-info/requires.txt
writing top-level names to ../../build/scara_control/scara_control.egg-info/top_level.txt
reading manifest file '../../build/scara_control/scara_control.egg-info/SOURCES.txt'
writing manifest file '../../build/scara_control/scara_control.egg-info/SOURCES.txt'
running build
running build_py
copying scara_control/scara_tray_line_py.py -> /home/robousr/Robotica2025-2/robolab20252/ExamenParcial2/ros2_ws/build/scara_control/build/lib/scara_control
running install
running install_lib
copying /home/robousr/Robotica2025-2/robolab20252/ExamenParcial2/ros2_ws/build/scara_control/build/lib/scara_control/scara_tray_line_py.py -> /home/robousr/Robotica2025-2/robolab20252/ExamenParcial2/ros2_ws/install/scara_control/lib/python3.10/site-packages/scara_control
byte-compiling /home/robousr/Robotica2025-2/robolab20252/ExamenParcial2/ros2_ws/install/scara_control/lib/python3.10/site-packages/scara_control/scara_tray_line_py.py to scara_tray_line_py.cpython-310.pyc
running install_data
running install_egg_info
removing '/home/robousr/Robotica2025-2/robolab20252/ExamenParcial2/ros2_ws/install/scara_control/lib/python3.10/site-packages/scara_control-0.0.0-py3.10.egg-info' (and everything under it)
Copying ../../build/scara_control/scara_control.egg-info to /home/robousr/Robotica2025-2/robolab20252/ExamenParcial2/ros2_ws/install/scara_control/lib/python3.10/site-packages/scara_control-0.0.0-py3.10.egg-info
running install_scripts
Installing scara_tray_line script to /home/robousr/Robotica2025-2/robolab20252/ExamenParcial2/ros2_ws/install/scara_control/lib/scara_control
writing list of installed files to '/home/robousr/Robotica2025-2/robolab20252/ExamenParcial2/ros2_ws/build/scara_control/install.log'
