[3.112s] Invoking command in '/home/robousr/Robotica2025-2/robolab20252/ExamenParcial2/ros2_ws/src/scara_control': PYTHONPATH=/home/robousr/Robotica2025-2/robolab20252/ExamenParcial2/ros2_ws/build/scara_control/prefix_override:/usr/lib/python3/dist-packages/colcon_core/task/python/colcon_distutils_commands:/home/robousr/Robotica2025-2/robolab20252/ExamenParcial2/ros2_ws/install/scara_control/lib/python3.10/site-packages:${PYTHONPATH} /usr/bin/python3 -W ignore:setup.py install is deprecated -W ignore:easy_install command is deprecated setup.py egg_info --egg-base ../../build/scara_control build --build-base /home/robousr/Robotica2025-2/robolab20252/ExamenParcial2/ros2_ws/build/scara_control/build install --record /home/robousr/Robotica2025-2/robolab20252/ExamenParcial2/ros2_ws/build/scara_control/install.log --single-version-externally-managed install_data
[3.821s] running egg_info
[3.823s] writing ../../build/scara_control/scara_control.egg-info/PKG-INFO
[3.823s] writing dependency_links to ../../build/scara_control/scara_control.egg-info/dependency_links.txt
[3.823s] writing entry points to ../../build/scara_control/scara_control.egg-info/entry_points.txt
[3.823s] writing requirements to ../../build/scara_control/scara_control.egg-info/requires.txt
[3.824s] writing top-level names to ../../build/scara_control/scara_control.egg-info/top_level.txt
[3.828s] reading manifest file '../../build/scara_control/scara_control.egg-info/SOURCES.txt'
[3.832s] writing manifest file '../../build/scara_control/scara_control.egg-info/SOURCES.txt'
[3.834s] running build
[3.835s] running build_py
[3.835s] copying scara_control/scara_tray_line_py.py -> /home/robousr/Robotica2025-2/robolab20252/ExamenParcial2/ros2_ws/build/scara_control/build/lib/scara_control
[3.840s] running install
[3.840s] running install_lib
[3.841s] copying /home/robousr/Robotica2025-2/robolab20252/ExamenParcial2/ros2_ws/build/scara_control/build/lib/scara_control/scara_tray_line_py.py -> /home/robousr/Robotica2025-2/robolab20252/ExamenParcial2/ros2_ws/install/scara_control/lib/python3.10/site-packages/scara_control
[3.841s] byte-compiling /home/robousr/Robotica2025-2/robolab20252/ExamenParcial2/ros2_ws/install/scara_control/lib/python3.10/site-packages/scara_control/scara_tray_line_py.py to scara_tray_line_py.cpython-310.pyc
[3.852s] running install_data
[3.852s] running install_egg_info
[3.854s] removing '/home/robousr/Robotica2025-2/robolab20252/ExamenParcial2/ros2_ws/install/scara_control/lib/python3.10/site-packages/scara_control-0.0.0-py3.10.egg-info' (and everything under it)
[3.857s] Copying ../../build/scara_control/scara_control.egg-info to /home/robousr/Robotica2025-2/robolab20252/ExamenParcial2/ros2_ws/install/scara_control/lib/python3.10/site-packages/scara_control-0.0.0-py3.10.egg-info
[3.858s] running install_scripts
[3.907s] Installing scara_tray_line script to /home/robousr/Robotica2025-2/robolab20252/ExamenParcial2/ros2_ws/install/scara_control/lib/scara_control
[3.912s] writing list of installed files to '/home/robousr/Robotica2025-2/robolab20252/ExamenParcial2/ros2_ws/build/scara_control/install.log'
[3.977s] Invoked command in '/home/robousr/Robotica2025-2/robolab20252/ExamenParcial2/ros2_ws/src/scara_control' returned '0': PYTHONPATH=/home/robousr/Robotica2025-2/robolab20252/ExamenParcial2/ros2_ws/build/scara_control/prefix_override:/usr/lib/python3/dist-packages/colcon_core/task/python/colcon_distutils_commands:/home/robousr/Robotica2025-2/robolab20252/ExamenParcial2/ros2_ws/install/scara_control/lib/python3.10/site-packages:${PYTHONPATH} /usr/bin/python3 -W ignore:setup.py install is deprecated -W ignore:easy_install command is deprecated setup.py egg_info --egg-base ../../build/scara_control build --build-base /home/robousr/Robotica2025-2/robolab20252/ExamenParcial2/ros2_ws/build/scara_control/build install --record /home/robousr/Robotica2025-2/robolab20252/ExamenParcial2/ros2_ws/build/scara_control/install.log --single-version-externally-managed install_data
