[1.540s] Invoking command in '/home/robousr/Robotica2025-2/robolab20252/build/scara_description': CMAKE_PREFIX_PATH=/opt/ros/humble /usr/bin/cmake /home/robousr/Robotica2025-2/robolab20252/ExamenParcial2/ros2_ws/src/scara_description -DCMAKE_INSTALL_PREFIX=/home/robousr/Robotica2025-2/robolab20252/install/scara_description
[2.613s] -- The C compiler identification is GNU 11.4.0
[2.933s] -- The CXX compiler identification is GNU 11.4.0
[2.970s] -- Detecting C compiler ABI info
[3.307s] -- Detecting C compiler ABI info - done
[3.330s] -- Check for working C compiler: /usr/bin/cc - skipped
[3.332s] -- Detecting C compile features
[3.335s] -- Detecting C compile features - done
[3.343s] -- Detecting CXX compiler ABI info
[3.602s] -- Detecting CXX compiler ABI info - done
[3.622s] -- Check for working CXX compiler: /usr/bin/c++ - skipped
[3.625s] -- Detecting CXX compile features
[3.626s] -- Detecting CXX compile features - done
[3.680s] -- Found ament_cmake: 1.3.11 (/opt/ros/humble/share/ament_cmake/cmake)
[4.930s] -- Found Python3: /home/robousr/.pyenv/shims/python3 (found version "3.10.12") found components: Interpreter 
[5.338s] -- Found urdf: 2.6.1 (/opt/ros/humble/share/urdf/cmake)
[5.595s] -- Found xacro: 2.0.13 (/opt/ros/humble/share/xacro/cmake)
[5.611s] -- Found gazebo_ros: 3.9.0 (/opt/ros/humble/share/gazebo_ros/cmake)
[5.813s] -- Found rosidl_generator_c: 3.1.6 (/opt/ros/humble/share/rosidl_generator_c/cmake)
[5.833s] -- Found rosidl_adapter: 3.1.6 (/opt/ros/humble/share/rosidl_adapter/cmake)
[5.876s] -- Found rosidl_generator_cpp: 3.1.6 (/opt/ros/humble/share/rosidl_generator_cpp/cmake)
[5.936s] -- Using all available rosidl_typesupport_c: rosidl_typesupport_fastrtps_c;rosidl_typesupport_introspection_c
[5.990s] -- Using all available rosidl_typesupport_cpp: rosidl_typesupport_fastrtps_cpp;rosidl_typesupport_introspection_cpp
[6.188s] -- Found rmw_implementation_cmake: 6.1.2 (/opt/ros/humble/share/rmw_implementation_cmake/cmake)
[6.200s] -- Found rmw_fastrtps_cpp: 6.2.7 (/opt/ros/humble/share/rmw_fastrtps_cpp/cmake)
[6.321s] -- Found TinyXML2 via Config file: TinyXML2_DIR-NOTFOUND
[6.480s] -- Found OpenSSL: /usr/lib/x86_64-linux-gnu/libcrypto.so (found version "3.0.2")  
[6.491s] -- Found TinyXML2 via Config file: TinyXML2_DIR-NOTFOUND
[6.525s] -- Found FastRTPS: /opt/ros/humble/include  
[6.531s] -- Found TinyXML2 via Config file: TinyXML2_DIR-NOTFOUND
[6.553s] -- Found TinyXML2 via Config file: TinyXML2_DIR-NOTFOUND
[6.574s] -- Using RMW implementation 'rmw_fastrtps_cpp' as default
[6.607s] -- Looking for pthread.h
[6.833s] -- Looking for pthread.h - found
[6.838s] -- Performing Test CMAKE_HAVE_LIBC_PTHREAD
[7.086s] -- Performing Test CMAKE_HAVE_LIBC_PTHREAD - Success
[7.087s] -- Found Threads: TRUE  
[7.311s] -- Found PkgConfig: /usr/bin/pkg-config (found version "0.29.2") 
[7.314s] -- Checking for module 'bullet>=2.82'
[7.353s] --   Found bullet, version 3.05
[7.698s] -- Found fcl: /usr/include (found suitable version "0.7.0", minimum required is "0.5.0") 
[7.840s] -- Found assimp: /usr/include (found version "5.2.0") 
[7.915s] -- Found DART: /usr/include (Required is at least version "6.6") found components: dart 
[8.020s] -- Found Boost: /usr/lib/x86_64-linux-gnu/cmake/Boost-1.74.0/BoostConfig.cmake (found suitable version "1.74.0", minimum required is "1.40.0") found components: thread system filesystem program_options regex iostreams date_time 
[8.142s] -- Found Protobuf: /usr/lib/x86_64-linux-gnu/libprotobuf.so (found version "3.12.4") 
[8.161s] -- Looking for ignition-math6 -- found version 6.15.1
[8.198s] -- Searching for dependencies of ignition-math6
[8.204s] -- Looking for OGRE...
[8.205s] -- OGRE_PREFIX_WATCH changed.
[8.219s] -- Checking for module 'OGRE'
[8.256s] --   Found OGRE, version 1.9.0
[8.361s] -- Found Ogre Ghadamon (1.9.0)
[8.378s] -- Found OGRE: optimized;/usr/lib/x86_64-linux-gnu/libOgreMain.so;debug;/usr/lib/x86_64-linux-gnu/libOgreMain.so
[8.400s] -- Looking for OGRE_Paging...
[8.412s] -- Found OGRE_Paging: optimized;/usr/lib/x86_64-linux-gnu/libOgrePaging.so;debug;/usr/lib/x86_64-linux-gnu/libOgrePaging.so
[8.414s] -- Looking for OGRE_Terrain...
[8.425s] -- Found OGRE_Terrain: optimized;/usr/lib/x86_64-linux-gnu/libOgreTerrain.so;debug;/usr/lib/x86_64-linux-gnu/libOgreTerrain.so
[8.425s] -- Looking for OGRE_Property...
[8.434s] -- Found OGRE_Property: optimized;/usr/lib/x86_64-linux-gnu/libOgreProperty.so;debug;/usr/lib/x86_64-linux-gnu/libOgreProperty.so
[8.435s] -- Looking for OGRE_RTShaderSystem...
[8.444s] -- Found OGRE_RTShaderSystem: optimized;/usr/lib/x86_64-linux-gnu/libOgreRTShaderSystem.so;debug;/usr/lib/x86_64-linux-gnu/libOgreRTShaderSystem.so
[8.445s] -- Looking for OGRE_Volume...
[8.454s] -- Found OGRE_Volume: optimized;/usr/lib/x86_64-linux-gnu/libOgreVolume.so;debug;/usr/lib/x86_64-linux-gnu/libOgreVolume.so
[8.454s] -- Looking for OGRE_Overlay...
[8.465s] -- Found OGRE_Overlay: optimized;/usr/lib/x86_64-linux-gnu/libOgreOverlay.so;debug;/usr/lib/x86_64-linux-gnu/libOgreOverlay.so
[8.691s] -- Looking for ignition-math6 -- found version 6.15.1
[8.701s] -- Looking for ignition-transport8 -- found version 8.2.1
[8.702s] -- Searching for dependencies of ignition-transport8
[8.752s] -- Found Protobuf: /usr/lib/x86_64-linux-gnu/libprotobuf.so (found suitable version "3.12.4", minimum required is "3") 
[8.779s] -- Config-file not installed for ZeroMQ -- checking for pkg-config
[8.795s] -- Checking for module 'libzmq >= 4'
[8.843s] --   Found libzmq , version 4.3.4
[8.967s] -- Found ZeroMQ: TRUE (Required is at least version "4") 
[8.983s] -- Checking for module 'uuid'
[9.019s] --   Found uuid, version 2.37.2
[9.140s] -- Found UUID: TRUE  
[9.165s] -- Looking for ignition-msgs5 -- found version 5.8.1
[9.165s] -- Searching for dependencies of ignition-msgs5
[9.213s] -- Looking for ignition-math6 -- found version 6.15.1
[9.231s] -- Checking for module 'tinyxml2'
[9.277s] --   Found tinyxml2, version 9.0.0
[9.401s] -- Looking for ignition-msgs5 -- found version 5.8.1
[9.407s] -- Looking for ignition-common3 -- found version 3.14.0
[9.408s] -- Searching for dependencies of ignition-common3
[9.410s] -- Looking for dlfcn.h - found
[9.411s] -- Looking for libdl - found
[9.414s] -- Found DL: TRUE  
[9.448s] -- Found tinyobjloader: /usr/lib/x86_64-linux-gnu/cmake/tinyobjloader/tinyobjloader-config.cmake (found version "2.0.0") 
[9.450s] -- Searching for <ignition-common3> component [graphics]
[9.458s] -- Looking for ignition-common3-graphics -- found version 3.14.0
[9.459s] -- Searching for dependencies of ignition-common3-graphics
[9.460s] -- Looking for ignition-math6 -- found version 6.15.1
[9.471s] -- Looking for ignition-fuel_tools4 -- found version 4.4.0
[9.474s] -- Searching for dependencies of ignition-fuel_tools4
[9.698s] -- Found CURL: /usr/lib/x86_64-linux-gnu/libcurl.so (found version "7.81.0")  
[9.723s] -- Checking for module 'jsoncpp'
[9.762s] --   Found jsoncpp, version 1.9.5
[9.863s] -- Found JSONCPP: TRUE  
[9.877s] -- Checking for module 'libzip'
[9.914s] --   Found libzip, version 1.7.3
[10.016s] -- Found ZIP: TRUE  
[10.018s] -- Looking for ignition-common3 -- found version 3.14.0
[10.018s] -- Looking for ignition-math6 -- found version 6.15.1
[10.019s] -- Looking for ignition-msgs5 -- found version 5.8.1
[10.034s] -- Gazebo version: 11.10
[10.038s] -- Checking for module 'tbb'
[10.074s] --   Found tbb, version 2021.5.0
[10.188s] -- Found ament_lint_auto: 0.12.12 (/opt/ros/humble/share/ament_lint_auto/cmake)
[10.578s] -- Added test 'lint_cmake' to check CMake code style
[10.587s] -- Added test 'xmllint' to check XML markup files
[10.593s] -- Configuring done
[10.635s] -- Generating done
[10.663s] -- Build files have been written to: /home/robousr/Robotica2025-2/robolab20252/build/scara_description
[10.697s] Invoked command in '/home/robousr/Robotica2025-2/robolab20252/build/scara_description' returned '0': CMAKE_PREFIX_PATH=/opt/ros/humble /usr/bin/cmake /home/robousr/Robotica2025-2/robolab20252/ExamenParcial2/ros2_ws/src/scara_description -DCMAKE_INSTALL_PREFIX=/home/robousr/Robotica2025-2/robolab20252/install/scara_description
[10.700s] Invoking command in '/home/robousr/Robotica2025-2/robolab20252/build/scara_description': CMAKE_PREFIX_PATH=/opt/ros/humble /usr/bin/cmake --build /home/robousr/Robotica2025-2/robolab20252/build/scara_description -- -j4 -l4
[10.823s] Invoked command in '/home/robousr/Robotica2025-2/robolab20252/build/scara_description' returned '0': CMAKE_PREFIX_PATH=/opt/ros/humble /usr/bin/cmake --build /home/robousr/Robotica2025-2/robolab20252/build/scara_description -- -j4 -l4
[10.867s] Invoking command in '/home/robousr/Robotica2025-2/robolab20252/build/scara_description': CMAKE_PREFIX_PATH=/opt/ros/humble /usr/bin/cmake --install /home/robousr/Robotica2025-2/robolab20252/build/scara_description
[10.894s] -- Install configuration: ""
[10.895s] -- Installing: /home/robousr/Robotica2025-2/robolab20252/install/scara_description/share/scara_description//launch
[10.900s] -- Installing: /home/robousr/Robotica2025-2/robolab20252/install/scara_description/share/scara_description//urdf
[10.903s] -- Installing: /home/robousr/Robotica2025-2/robolab20252/install/scara_description/share/scara_description//urdf/.ipynb_checkpoints
[10.903s] -- Installing: /home/robousr/Robotica2025-2/robolab20252/install/scara_description/share/scara_description//urdf/.ipynb_checkpoints/scara_manual-checkpoint.urdf
[10.906s] -- Installing: /home/robousr/Robotica2025-2/robolab20252/install/scara_description/share/scara_description//urdf/.ipynb_checkpoints/scara-checkpoint.urdf
[10.912s] -- Installing: /home/robousr/Robotica2025-2/robolab20252/install/scara_description/share/scara_description//urdf/meshes
[10.912s] -- Installing: /home/robousr/Robotica2025-2/robolab20252/install/scara_description/share/scara_description//urdf/meshes/link11.stl
[10.917s] -- Installing: /home/robousr/Robotica2025-2/robolab20252/install/scara_description/share/scara_description//urdf/meshes/link31.stl
[10.922s] -- Installing: /home/robousr/Robotica2025-2/robolab20252/install/scara_description/share/scara_description//urdf/meshes/link21.stl
[10.931s] -- Installing: /home/robousr/Robotica2025-2/robolab20252/install/scara_description/share/scara_description//urdf/meshes/base_link.stl
[10.938s] -- Installing: /home/robousr/Robotica2025-2/robolab20252/install/scara_description/share/scara_description//urdf/scara_test.urdf
[10.941s] -- Installing: /home/robousr/Robotica2025-2/robolab20252/install/scara_description/share/scara_description//urdf/scara.urdf
[10.946s] -- Installing: /home/robousr/Robotica2025-2/robolab20252/install/scara_description/share/scara_description//urdf/scara_cad.urdf
[10.948s] -- Installing: /home/robousr/Robotica2025-2/robolab20252/install/scara_description/share/scara_description//rviz
[10.948s] -- Installing: /home/robousr/Robotica2025-2/robolab20252/install/scara_description/share/scara_description//rviz/scara_rviz.rviz
[10.954s] -- Installing: /home/robousr/Robotica2025-2/robolab20252/install/scara_description/share/ament_index/resource_index/package_run_dependencies/scara_description
[10.956s] -- Installing: /home/robousr/Robotica2025-2/robolab20252/install/scara_description/share/ament_index/resource_index/parent_prefix_path/scara_description
[10.957s] -- Installing: /home/robousr/Robotica2025-2/robolab20252/install/scara_description/share/scara_description/environment/ament_prefix_path.sh
[10.959s] -- Installing: /home/robousr/Robotica2025-2/robolab20252/install/scara_description/share/scara_description/environment/ament_prefix_path.dsv
[10.962s] -- Installing: /home/robousr/Robotica2025-2/robolab20252/install/scara_description/share/scara_description/environment/path.sh
[10.965s] -- Installing: /home/robousr/Robotica2025-2/robolab20252/install/scara_description/share/scara_description/environment/path.dsv
[10.965s] -- Installing: /home/robousr/Robotica2025-2/robolab20252/install/scara_description/share/scara_description/local_setup.bash
[10.965s] -- Installing: /home/robousr/Robotica2025-2/robolab20252/install/scara_description/share/scara_description/local_setup.sh
[10.966s] -- Installing: /home/robousr/Robotica2025-2/robolab20252/install/scara_description/share/scara_description/local_setup.zsh
[10.967s] -- Installing: /home/robousr/Robotica2025-2/robolab20252/install/scara_description/share/scara_description/local_setup.dsv
[10.968s] -- Installing: /home/robousr/Robotica2025-2/robolab20252/install/scara_description/share/scara_description/package.dsv
[10.970s] -- Installing: /home/robousr/Robotica2025-2/robolab20252/install/scara_description/share/ament_index/resource_index/packages/scara_description
[10.971s] -- Installing: /home/robousr/Robotica2025-2/robolab20252/install/scara_description/share/scara_description/cmake/scara_descriptionConfig.cmake
[10.972s] -- Installing: /home/robousr/Robotica2025-2/robolab20252/install/scara_description/share/scara_description/cmake/scara_descriptionConfig-version.cmake
[10.976s] -- Installing: /home/robousr/Robotica2025-2/robolab20252/install/scara_description/share/scara_description/package.xml
[10.980s] Invoked command in '/home/robousr/Robotica2025-2/robolab20252/build/scara_description' returned '0': CMAKE_PREFIX_PATH=/opt/ros/humble /usr/bin/cmake --install /home/robousr/Robotica2025-2/robolab20252/build/scara_description
