running egg_info
writing ../../build/scara_bringup/scara_bringup.egg-info/PKG-INFO
writing dependency_links to ../../build/scara_bringup/scara_bringup.egg-info/dependency_links.txt
writing entry points to ../../build/scara_bringup/scara_bringup.egg-info/entry_points.txt
writing requirements to ../../build/scara_bringup/scara_bringup.egg-info/requires.txt
writing top-level names to ../../build/scara_bringup/scara_bringup.egg-info/top_level.txt
reading manifest file '../../build/scara_bringup/scara_bringup.egg-info/SOURCES.txt'
adding license file 'LICENSE'
writing manifest file '../../build/scara_bringup/scara_bringup.egg-info/SOURCES.txt'
running build
running build_py
running install
running install_lib
running install_data
copying launch/scara_control.launch.py -> /home/robousr/Robotica2025-2/robolab20252/ExamenParcial2/ros2_ws/install/scara_bringup/share/scara_bringup/launch
running install_egg_info
removing '/home/robousr/Robotica2025-2/robolab20252/ExamenParcial2/ros2_ws/install/scara_bringup/lib/python3.10/site-packages/scara_bringup-0.0.0-py3.10.egg-info' (and everything under it)
Copying ../../build/scara_bringup/scara_bringup.egg-info to /home/robousr/Robotica2025-2/robolab20252/ExamenParcial2/ros2_ws/install/scara_bringup/lib/python3.10/site-packages/scara_bringup-0.0.0-py3.10.egg-info
running install_scripts
Installing mobile_control script to lib/scara_bringup
Installing scara_test script to lib/scara_bringup
Installing scara_tray_line script to lib/scara_bringup
writing list of installed files to '/home/robousr/Robotica2025-2/robolab20252/ExamenParcial2/ros2_ws/build/scara_bringup/install.log'
