[0.019s] Invoking command in '/home/robousr/Robotica2025-2/robolab20252/Practica1/ros2_ws/build/practica_1': CMAKE_PREFIX_PATH=${CMAKE_PREFIX_PATH}:/opt/ros/humble /usr/bin/cmake --build /home/robousr/Robotica2025-2/robolab20252/Practica1/ros2_ws/build/practica_1 -- -j4 -l4
[0.072s] -- Found ament_cmake: 1.3.10 (/opt/ros/humble/share/ament_cmake/cmake)
[0.354s] -- Found rclcpp: 16.0.10 (/opt/ros/humble/share/rclcpp/cmake)
[0.383s] -- Found rosidl_generator_c: 3.1.5 (/opt/ros/humble/share/rosidl_generator_c/cmake)
[0.386s] -- Found rosidl_adapter: 3.1.5 (/opt/ros/humble/share/rosidl_adapter/cmake)
[0.391s] -- Found rosidl_generator_cpp: 3.1.5 (/opt/ros/humble/share/rosidl_generator_cpp/cmake)
[0.404s] -- Using all available rosidl_typesupport_c: rosidl_typesupport_fastrtps_c;rosidl_typesupport_introspection_c
[0.417s] -- Using all available rosidl_typesupport_cpp: rosidl_typesupport_fastrtps_cpp;rosidl_typesupport_introspection_cpp
[0.445s] -- Found rmw_implementation_cmake: 6.1.2 (/opt/ros/humble/share/rmw_implementation_cmake/cmake)
[0.446s] -- Found rmw_fastrtps_cpp: 6.2.7 (/opt/ros/humble/share/rmw_fastrtps_cpp/cmake)
[0.554s] -- Using RMW implementation 'rmw_fastrtps_cpp' as default
[0.594s] -- Found robot_state_publisher: 3.0.3 (/opt/ros/humble/share/robot_state_publisher/cmake)
[0.607s] -- Found eigen3_cmake_module: 0.1.1 (/opt/ros/humble/share/eigen3_cmake_module/cmake)
[0.608s] -- Ensuring Eigen3 include directory is part of orocos-kdl CMake target
[0.718s] -- Found rviz2: 11.2.13 (/opt/ros/humble/share/rviz2/cmake)
[0.842s] -- Configuring done
[0.851s] -- Generating done
[0.854s] -- Build files have been written to: /home/robousr/Robotica2025-2/robolab20252/Practica1/ros2_ws/build/practica_1
[0.888s] Invoked command in '/home/robousr/Robotica2025-2/robolab20252/Practica1/ros2_ws/build/practica_1' returned '0': CMAKE_PREFIX_PATH=${CMAKE_PREFIX_PATH}:/opt/ros/humble /usr/bin/cmake --build /home/robousr/Robotica2025-2/robolab20252/Practica1/ros2_ws/build/practica_1 -- -j4 -l4
[0.932s] Invoking command in '/home/robousr/Robotica2025-2/robolab20252/Practica1/ros2_ws/build/practica_1': CMAKE_PREFIX_PATH=${CMAKE_PREFIX_PATH}:/opt/ros/humble /usr/bin/cmake --install /home/robousr/Robotica2025-2/robolab20252/Practica1/ros2_ws/build/practica_1
[0.941s] -- Install configuration: ""
[0.941s] -- Installing: /home/robousr/Robotica2025-2/robolab20252/Practica1/ros2_ws/install/practica_1/share/practica_1/launch
[0.953s] -- Installing: /home/robousr/Robotica2025-2/robolab20252/Practica1/ros2_ws/install/practica_1/share/practica_1/launch/robot_revolute_launch.py
[0.953s] -- Installing: /home/robousr/Robotica2025-2/robolab20252/Practica1/ros2_ws/install/practica_1/share/practica_1/launch/robot_prismatic_launch.py
[0.953s] -- Installing: /home/robousr/Robotica2025-2/robolab20252/Practica1/ros2_ws/install/practica_1/share/practica_1/urdf
[0.953s] -- Installing: /home/robousr/Robotica2025-2/robolab20252/Practica1/ros2_ws/install/practica_1/share/practica_1/urdf/robot_revolute.urdf
[0.953s] -- Installing: /home/robousr/Robotica2025-2/robolab20252/Practica1/ros2_ws/install/practica_1/share/practica_1/urdf/robot_prismatic.urdf
[0.954s] -- Installing: /home/robousr/Robotica2025-2/robolab20252/Practica1/ros2_ws/install/practica_1/share/ament_index/resource_index/package_run_dependencies/practica_1
[0.954s] -- Installing: /home/robousr/Robotica2025-2/robolab20252/Practica1/ros2_ws/install/practica_1/share/ament_index/resource_index/parent_prefix_path/practica_1
[0.954s] -- Up-to-date: /home/robousr/Robotica2025-2/robolab20252/Practica1/ros2_ws/install/practica_1/share/practica_1/environment/ament_prefix_path.sh
[0.954s] -- Installing: /home/robousr/Robotica2025-2/robolab20252/Practica1/ros2_ws/install/practica_1/share/practica_1/environment/ament_prefix_path.dsv
[0.954s] -- Up-to-date: /home/robousr/Robotica2025-2/robolab20252/Practica1/ros2_ws/install/practica_1/share/practica_1/environment/path.sh
[0.954s] -- Installing: /home/robousr/Robotica2025-2/robolab20252/Practica1/ros2_ws/install/practica_1/share/practica_1/environment/path.dsv
[0.955s] -- Up-to-date: /home/robousr/Robotica2025-2/robolab20252/Practica1/ros2_ws/install/practica_1/share/practica_1/local_setup.bash
[0.955s] -- Up-to-date: /home/robousr/Robotica2025-2/robolab20252/Practica1/ros2_ws/install/practica_1/share/practica_1/local_setup.sh
[0.955s] -- Up-to-date: /home/robousr/Robotica2025-2/robolab20252/Practica1/ros2_ws/install/practica_1/share/practica_1/local_setup.zsh
[0.955s] -- Installing: /home/robousr/Robotica2025-2/robolab20252/Practica1/ros2_ws/install/practica_1/share/practica_1/local_setup.dsv
[0.955s] -- Installing: /home/robousr/Robotica2025-2/robolab20252/Practica1/ros2_ws/install/practica_1/share/practica_1/package.dsv
[0.956s] -- Up-to-date: /home/robousr/Robotica2025-2/robolab20252/Practica1/ros2_ws/install/practica_1/share/ament_index/resource_index/packages/practica_1
[0.956s] -- Up-to-date: /home/robousr/Robotica2025-2/robolab20252/Practica1/ros2_ws/install/practica_1/share/practica_1/cmake/practica_1Config.cmake
[0.956s] -- Up-to-date: /home/robousr/Robotica2025-2/robolab20252/Practica1/ros2_ws/install/practica_1/share/practica_1/cmake/practica_1Config-version.cmake
[0.956s] -- Installing: /home/robousr/Robotica2025-2/robolab20252/Practica1/ros2_ws/install/practica_1/share/practica_1/package.xml
[0.960s] Invoked command in '/home/robousr/Robotica2025-2/robolab20252/Practica1/ros2_ws/build/practica_1' returned '0': CMAKE_PREFIX_PATH=${CMAKE_PREFIX_PATH}:/opt/ros/humble /usr/bin/cmake --install /home/robousr/Robotica2025-2/robolab20252/Practica1/ros2_ws/build/practica_1
