[3.669s] Invoking command in '/home/robousr/Robotica2025-2/robolab20252/ExamenParcial2/ros2_ws/src/scara_bringup': PYTHONPATH=/home/robousr/Robotica2025-2/robolab20252/ExamenParcial2/ros2_ws/build/scara_bringup/prefix_override:/usr/lib/python3/dist-packages/colcon_core/task/python/colcon_distutils_commands:/home/robousr/Robotica2025-2/robolab20252/ExamenParcial2/ros2_ws/install/scara_bringup/lib/python3.10/site-packages:${PYTHONPATH} /usr/bin/python3 -W ignore:setup.py install is deprecated -W ignore:easy_install command is deprecated setup.py egg_info --egg-base ../../build/scara_bringup build --build-base /home/robousr/Robotica2025-2/robolab20252/ExamenParcial2/ros2_ws/build/scara_bringup/build install --record /home/robousr/Robotica2025-2/robolab20252/ExamenParcial2/ros2_ws/build/scara_bringup/install.log --single-version-externally-managed install_data
[4.575s] running egg_info
[4.576s] writing ../../build/scara_bringup/scara_bringup.egg-info/PKG-INFO
[4.581s] writing dependency_links to ../../build/scara_bringup/scara_bringup.egg-info/dependency_links.txt
[4.582s] writing entry points to ../../build/scara_bringup/scara_bringup.egg-info/entry_points.txt
[4.582s] writing requirements to ../../build/scara_bringup/scara_bringup.egg-info/requires.txt
[4.583s] writing top-level names to ../../build/scara_bringup/scara_bringup.egg-info/top_level.txt
[4.589s] reading manifest file '../../build/scara_bringup/scara_bringup.egg-info/SOURCES.txt'
[4.590s] adding license file 'LICENSE'
[4.592s] writing manifest file '../../build/scara_bringup/scara_bringup.egg-info/SOURCES.txt'
[4.595s] running build
[4.595s] running build_py
[4.596s] running install
[4.602s] running install_lib
[4.604s] running install_data
[4.604s] running install_egg_info
[4.613s] removing '/home/robousr/Robotica2025-2/robolab20252/ExamenParcial2/ros2_ws/install/scara_bringup/lib/python3.10/site-packages/scara_bringup-0.0.0-py3.10.egg-info' (and everything under it)
[4.627s] Copying ../../build/scara_bringup/scara_bringup.egg-info to /home/robousr/Robotica2025-2/robolab20252/ExamenParcial2/ros2_ws/install/scara_bringup/lib/python3.10/site-packages/scara_bringup-0.0.0-py3.10.egg-info
[4.627s] running install_scripts
[4.711s] Installing initial_joint_state script to /home/robousr/Robotica2025-2/robolab20252/ExamenParcial2/ros2_ws/install/scara_bringup/lib/scara_bringup
[4.714s] writing list of installed files to '/home/robousr/Robotica2025-2/robolab20252/ExamenParcial2/ros2_ws/build/scara_bringup/install.log'
[4.803s] Invoked command in '/home/robousr/Robotica2025-2/robolab20252/ExamenParcial2/ros2_ws/src/scara_bringup' returned '0': PYTHONPATH=/home/robousr/Robotica2025-2/robolab20252/ExamenParcial2/ros2_ws/build/scara_bringup/prefix_override:/usr/lib/python3/dist-packages/colcon_core/task/python/colcon_distutils_commands:/home/robousr/Robotica2025-2/robolab20252/ExamenParcial2/ros2_ws/install/scara_bringup/lib/python3.10/site-packages:${PYTHONPATH} /usr/bin/python3 -W ignore:setup.py install is deprecated -W ignore:easy_install command is deprecated setup.py egg_info --egg-base ../../build/scara_bringup build --build-base /home/robousr/Robotica2025-2/robolab20252/ExamenParcial2/ros2_ws/build/scara_bringup/build install --record /home/robousr/Robotica2025-2/robolab20252/ExamenParcial2/ros2_ws/build/scara_bringup/install.log --single-version-externally-managed install_data
