[0.529s] DEBUG:colcon:Command line arguments: ['/usr/bin/colcon', 'build', '--packages-select', 'scara_description', 'scara_control', 'scara_bringup']
[0.530s] DEBUG:colcon:Parsed command line arguments: Namespace(log_base=None, log_level=None, verb_name='build', build_base='build', install_base='install', merge_install=False, symlink_install=False, test_result_base=None, continue_on_error=False, executor='parallel', parallel_workers=4, event_handlers=None, ignore_user_meta=False, metas=['./colcon.meta'], base_paths=['.'], packages_ignore=None, packages_ignore_regex=None, paths=None, packages_up_to=None, packages_up_to_regex=None, packages_above=None, packages_above_and_dependencies=None, packages_above_depth=None, packages_select_by_dep=None, packages_skip_by_dep=None, packages_skip_up_to=None, packages_select_build_failed=False, packages_skip_build_finished=False, packages_select_test_failures=False, packages_skip_test_passed=False, packages_select=['scara_description', 'scara_control', 'scara_bringup'], packages_skip=None, packages_select_regex=None, packages_skip_regex=None, packages_start=None, packages_end=None, allow_overriding=[], cmake_args=None, cmake_target=None, cmake_target_skip_unavailable=False, cmake_clean_cache=False, cmake_clean_first=False, cmake_force_configure=False, ament_cmake_args=None, catkin_cmake_args=None, catkin_skip_building_tests=False, mixin_files=None, mixin=None, verb_parser=<colcon_mixin.mixin.mixin_argument.MixinArgumentDecorator object at 0x747d27863340>, verb_extension=<colcon_core.verb.build.BuildVerb object at 0x747d27862e00>, main=<bound method BuildVerb.main of <colcon_core.verb.build.BuildVerb object at 0x747d27862e00>>, mixin_verb=('build',))
[1.109s] Level 1:colcon.colcon_core.package_discovery:discover_packages(colcon_meta) check parameters
[1.109s] Level 1:colcon.colcon_core.package_discovery:discover_packages(recursive) check parameters
[1.109s] Level 1:colcon.colcon_core.package_discovery:discover_packages(ignore) check parameters
[1.109s] Level 1:colcon.colcon_core.package_discovery:discover_packages(path) check parameters
[1.109s] Level 1:colcon.colcon_core.package_discovery:discover_packages(colcon_meta) discover
[1.110s] Level 1:colcon.colcon_core.package_discovery:discover_packages(recursive) discover
[1.110s] INFO:colcon.colcon_core.package_discovery:Crawling recursively for packages in '/home/robousr/Robotica2025-2/robolab20252'
[1.111s] Level 1:colcon.colcon_core.package_identification:_identify(.) by extensions ['ignore', 'ignore_ament_install']
[1.112s] Level 1:colcon.colcon_core.package_identification:_identify(.) by extension 'ignore'
[1.112s] Level 1:colcon.colcon_core.package_identification:_identify(.) by extension 'ignore_ament_install'
[1.112s] Level 1:colcon.colcon_core.package_identification:_identify(.) by extensions ['colcon_pkg']
[1.112s] Level 1:colcon.colcon_core.package_identification:_identify(.) by extension 'colcon_pkg'
[1.112s] Level 1:colcon.colcon_core.package_identification:_identify(.) by extensions ['colcon_meta']
[1.112s] Level 1:colcon.colcon_core.package_identification:_identify(.) by extension 'colcon_meta'
[1.112s] Level 1:colcon.colcon_core.package_identification:_identify(.) by extensions ['ros']
[1.113s] Level 1:colcon.colcon_core.package_identification:_identify(.) by extension 'ros'
[1.226s] Level 1:colcon.colcon_core.package_identification:_identify(.) by extensions ['cmake', 'python']
[1.226s] Level 1:colcon.colcon_core.package_identification:_identify(.) by extension 'cmake'
[1.226s] Level 1:colcon.colcon_core.package_identification:_identify(.) by extension 'python'
[1.226s] Level 1:colcon.colcon_core.package_identification:_identify(.) by extensions ['python_setup_py']
[1.226s] Level 1:colcon.colcon_core.package_identification:_identify(.) by extension 'python_setup_py'
[1.227s] Level 1:colcon.colcon_core.package_identification:_identify(ExamenParcial1) by extensions ['ignore', 'ignore_ament_install']
[1.227s] Level 1:colcon.colcon_core.package_identification:_identify(ExamenParcial1) by extension 'ignore'
[1.227s] Level 1:colcon.colcon_core.package_identification:_identify(ExamenParcial1) by extension 'ignore_ament_install'
[1.227s] Level 1:colcon.colcon_core.package_identification:_identify(ExamenParcial1) by extensions ['colcon_pkg']
[1.227s] Level 1:colcon.colcon_core.package_identification:_identify(ExamenParcial1) by extension 'colcon_pkg'
[1.227s] Level 1:colcon.colcon_core.package_identification:_identify(ExamenParcial1) by extensions ['colcon_meta']
[1.227s] Level 1:colcon.colcon_core.package_identification:_identify(ExamenParcial1) by extension 'colcon_meta'
[1.228s] Level 1:colcon.colcon_core.package_identification:_identify(ExamenParcial1) by extensions ['ros']
[1.228s] Level 1:colcon.colcon_core.package_identification:_identify(ExamenParcial1) by extension 'ros'
[1.228s] Level 1:colcon.colcon_core.package_identification:_identify(ExamenParcial1) by extensions ['cmake', 'python']
[1.228s] Level 1:colcon.colcon_core.package_identification:_identify(ExamenParcial1) by extension 'cmake'
[1.228s] Level 1:colcon.colcon_core.package_identification:_identify(ExamenParcial1) by extension 'python'
[1.228s] Level 1:colcon.colcon_core.package_identification:_identify(ExamenParcial1) by extensions ['python_setup_py']
[1.228s] Level 1:colcon.colcon_core.package_identification:_identify(ExamenParcial1) by extension 'python_setup_py'
[1.228s] Level 1:colcon.colcon_core.package_identification:_identify(ExamenParcial2) by extensions ['ignore', 'ignore_ament_install']
[1.229s] Level 1:colcon.colcon_core.package_identification:_identify(ExamenParcial2) by extension 'ignore'
[1.229s] Level 1:colcon.colcon_core.package_identification:_identify(ExamenParcial2) by extension 'ignore_ament_install'
[1.229s] Level 1:colcon.colcon_core.package_identification:_identify(ExamenParcial2) by extensions ['colcon_pkg']
[1.229s] Level 1:colcon.colcon_core.package_identification:_identify(ExamenParcial2) by extension 'colcon_pkg'
[1.229s] Level 1:colcon.colcon_core.package_identification:_identify(ExamenParcial2) by extensions ['colcon_meta']
[1.229s] Level 1:colcon.colcon_core.package_identification:_identify(ExamenParcial2) by extension 'colcon_meta'
[1.229s] Level 1:colcon.colcon_core.package_identification:_identify(ExamenParcial2) by extensions ['ros']
[1.229s] Level 1:colcon.colcon_core.package_identification:_identify(ExamenParcial2) by extension 'ros'
[1.229s] Level 1:colcon.colcon_core.package_identification:_identify(ExamenParcial2) by extensions ['cmake', 'python']
[1.229s] Level 1:colcon.colcon_core.package_identification:_identify(ExamenParcial2) by extension 'cmake'
[1.229s] Level 1:colcon.colcon_core.package_identification:_identify(ExamenParcial2) by extension 'python'
[1.230s] Level 1:colcon.colcon_core.package_identification:_identify(ExamenParcial2) by extensions ['python_setup_py']
[1.230s] Level 1:colcon.colcon_core.package_identification:_identify(ExamenParcial2) by extension 'python_setup_py'
[1.230s] Level 1:colcon.colcon_core.package_identification:_identify(ExamenParcial2/ros2_ws) by extensions ['ignore', 'ignore_ament_install']
[1.230s] Level 1:colcon.colcon_core.package_identification:_identify(ExamenParcial2/ros2_ws) by extension 'ignore'
[1.230s] Level 1:colcon.colcon_core.package_identification:_identify(ExamenParcial2/ros2_ws) by extension 'ignore_ament_install'
[1.230s] Level 1:colcon.colcon_core.package_identification:_identify(ExamenParcial2/ros2_ws) by extensions ['colcon_pkg']
[1.230s] Level 1:colcon.colcon_core.package_identification:_identify(ExamenParcial2/ros2_ws) by extension 'colcon_pkg'
[1.230s] Level 1:colcon.colcon_core.package_identification:_identify(ExamenParcial2/ros2_ws) by extensions ['colcon_meta']
[1.230s] Level 1:colcon.colcon_core.package_identification:_identify(ExamenParcial2/ros2_ws) by extension 'colcon_meta'
[1.230s] Level 1:colcon.colcon_core.package_identification:_identify(ExamenParcial2/ros2_ws) by extensions ['ros']
[1.230s] Level 1:colcon.colcon_core.package_identification:_identify(ExamenParcial2/ros2_ws) by extension 'ros'
[1.231s] Level 1:colcon.colcon_core.package_identification:_identify(ExamenParcial2/ros2_ws) by extensions ['cmake', 'python']
[1.231s] Level 1:colcon.colcon_core.package_identification:_identify(ExamenParcial2/ros2_ws) by extension 'cmake'
[1.231s] Level 1:colcon.colcon_core.package_identification:_identify(ExamenParcial2/ros2_ws) by extension 'python'
[1.231s] Level 1:colcon.colcon_core.package_identification:_identify(ExamenParcial2/ros2_ws) by extensions ['python_setup_py']
[1.231s] Level 1:colcon.colcon_core.package_identification:_identify(ExamenParcial2/ros2_ws) by extension 'python_setup_py'
[1.232s] Level 1:colcon.colcon_core.package_identification:_identify(ExamenParcial2/ros2_ws/src) by extensions ['ignore', 'ignore_ament_install']
[1.232s] Level 1:colcon.colcon_core.package_identification:_identify(ExamenParcial2/ros2_ws/src) by extension 'ignore'
[1.232s] Level 1:colcon.colcon_core.package_identification:_identify(ExamenParcial2/ros2_ws/src) by extension 'ignore_ament_install'
[1.232s] Level 1:colcon.colcon_core.package_identification:_identify(ExamenParcial2/ros2_ws/src) by extensions ['colcon_pkg']
[1.232s] Level 1:colcon.colcon_core.package_identification:_identify(ExamenParcial2/ros2_ws/src) by extension 'colcon_pkg'
[1.232s] Level 1:colcon.colcon_core.package_identification:_identify(ExamenParcial2/ros2_ws/src) by extensions ['colcon_meta']
[1.232s] Level 1:colcon.colcon_core.package_identification:_identify(ExamenParcial2/ros2_ws/src) by extension 'colcon_meta'
[1.232s] Level 1:colcon.colcon_core.package_identification:_identify(ExamenParcial2/ros2_ws/src) by extensions ['ros']
[1.233s] Level 1:colcon.colcon_core.package_identification:_identify(ExamenParcial2/ros2_ws/src) by extension 'ros'
[1.233s] Level 1:colcon.colcon_core.package_identification:_identify(ExamenParcial2/ros2_ws/src) by extensions ['cmake', 'python']
[1.233s] Level 1:colcon.colcon_core.package_identification:_identify(ExamenParcial2/ros2_ws/src) by extension 'cmake'
[1.233s] Level 1:colcon.colcon_core.package_identification:_identify(ExamenParcial2/ros2_ws/src) by extension 'python'
[1.233s] Level 1:colcon.colcon_core.package_identification:_identify(ExamenParcial2/ros2_ws/src) by extensions ['python_setup_py']
[1.233s] Level 1:colcon.colcon_core.package_identification:_identify(ExamenParcial2/ros2_ws/src) by extension 'python_setup_py'
[1.233s] Level 1:colcon.colcon_core.package_identification:_identify(ExamenParcial2/ros2_ws/src/scara_bringup) by extensions ['ignore', 'ignore_ament_install']
[1.234s] Level 1:colcon.colcon_core.package_identification:_identify(ExamenParcial2/ros2_ws/src/scara_bringup) by extension 'ignore'
[1.234s] Level 1:colcon.colcon_core.package_identification:_identify(ExamenParcial2/ros2_ws/src/scara_bringup) by extension 'ignore_ament_install'
[1.234s] Level 1:colcon.colcon_core.package_identification:_identify(ExamenParcial2/ros2_ws/src/scara_bringup) by extensions ['colcon_pkg']
[1.234s] Level 1:colcon.colcon_core.package_identification:_identify(ExamenParcial2/ros2_ws/src/scara_bringup) by extension 'colcon_pkg'
[1.234s] Level 1:colcon.colcon_core.package_identification:_identify(ExamenParcial2/ros2_ws/src/scara_bringup) by extensions ['colcon_meta']
[1.234s] Level 1:colcon.colcon_core.package_identification:_identify(ExamenParcial2/ros2_ws/src/scara_bringup) by extension 'colcon_meta'
[1.234s] Level 1:colcon.colcon_core.package_identification:_identify(ExamenParcial2/ros2_ws/src/scara_bringup) by extensions ['ros']
[1.234s] Level 1:colcon.colcon_core.package_identification:_identify(ExamenParcial2/ros2_ws/src/scara_bringup) by extension 'ros'
[1.249s] DEBUG:colcon.colcon_core.package_identification:Package 'ExamenParcial2/ros2_ws/src/scara_bringup' with type 'ros.ament_python' and name 'scara_bringup'
[1.249s] Level 1:colcon.colcon_core.package_identification:_identify(ExamenParcial2/ros2_ws/src/scara_control) by extensions ['ignore', 'ignore_ament_install']
[1.249s] Level 1:colcon.colcon_core.package_identification:_identify(ExamenParcial2/ros2_ws/src/scara_control) by extension 'ignore'
[1.250s] Level 1:colcon.colcon_core.package_identification:_identify(ExamenParcial2/ros2_ws/src/scara_control) by extension 'ignore_ament_install'
[1.250s] Level 1:colcon.colcon_core.package_identification:_identify(ExamenParcial2/ros2_ws/src/scara_control) by extensions ['colcon_pkg']
[1.250s] Level 1:colcon.colcon_core.package_identification:_identify(ExamenParcial2/ros2_ws/src/scara_control) by extension 'colcon_pkg'
[1.250s] Level 1:colcon.colcon_core.package_identification:_identify(ExamenParcial2/ros2_ws/src/scara_control) by extensions ['colcon_meta']
[1.250s] Level 1:colcon.colcon_core.package_identification:_identify(ExamenParcial2/ros2_ws/src/scara_control) by extension 'colcon_meta'
[1.250s] Level 1:colcon.colcon_core.package_identification:_identify(ExamenParcial2/ros2_ws/src/scara_control) by extensions ['ros']
[1.250s] Level 1:colcon.colcon_core.package_identification:_identify(ExamenParcial2/ros2_ws/src/scara_control) by extension 'ros'
[1.252s] DEBUG:colcon.colcon_core.package_identification:Package 'ExamenParcial2/ros2_ws/src/scara_control' with type 'ros.ament_python' and name 'scara_control'
[1.253s] Level 1:colcon.colcon_core.package_identification:_identify(ExamenParcial2/ros2_ws/src/scara_description) by extensions ['ignore', 'ignore_ament_install']
[1.253s] Level 1:colcon.colcon_core.package_identification:_identify(ExamenParcial2/ros2_ws/src/scara_description) by extension 'ignore'
[1.253s] Level 1:colcon.colcon_core.package_identification:_identify(ExamenParcial2/ros2_ws/src/scara_description) by extension 'ignore_ament_install'
[1.253s] Level 1:colcon.colcon_core.package_identification:_identify(ExamenParcial2/ros2_ws/src/scara_description) by extensions ['colcon_pkg']
[1.253s] Level 1:colcon.colcon_core.package_identification:_identify(ExamenParcial2/ros2_ws/src/scara_description) by extension 'colcon_pkg'
[1.253s] Level 1:colcon.colcon_core.package_identification:_identify(ExamenParcial2/ros2_ws/src/scara_description) by extensions ['colcon_meta']
[1.253s] Level 1:colcon.colcon_core.package_identification:_identify(ExamenParcial2/ros2_ws/src/scara_description) by extension 'colcon_meta'
[1.253s] Level 1:colcon.colcon_core.package_identification:_identify(ExamenParcial2/ros2_ws/src/scara_description) by extensions ['ros']
[1.253s] Level 1:colcon.colcon_core.package_identification:_identify(ExamenParcial2/ros2_ws/src/scara_description) by extension 'ros'
[1.256s] DEBUG:colcon.colcon_core.package_identification:Package 'ExamenParcial2/ros2_ws/src/scara_description' with type 'ros.ament_cmake' and name 'scara_description'
[1.256s] Level 1:colcon.colcon_core.package_identification:_identify(Practica1) by extensions ['ignore', 'ignore_ament_install']
[1.256s] Level 1:colcon.colcon_core.package_identification:_identify(Practica1) by extension 'ignore'
[1.257s] Level 1:colcon.colcon_core.package_identification:_identify(Practica1) by extension 'ignore_ament_install'
[1.257s] Level 1:colcon.colcon_core.package_identification:_identify(Practica1) by extensions ['colcon_pkg']
[1.258s] Level 1:colcon.colcon_core.package_identification:_identify(Practica1) by extension 'colcon_pkg'
[1.258s] Level 1:colcon.colcon_core.package_identification:_identify(Practica1) by extensions ['colcon_meta']
[1.258s] Level 1:colcon.colcon_core.package_identification:_identify(Practica1) by extension 'colcon_meta'
[1.258s] Level 1:colcon.colcon_core.package_identification:_identify(Practica1) by extensions ['ros']
[1.258s] Level 1:colcon.colcon_core.package_identification:_identify(Practica1) by extension 'ros'
[1.258s] Level 1:colcon.colcon_core.package_identification:_identify(Practica1) by extensions ['cmake', 'python']
[1.258s] Level 1:colcon.colcon_core.package_identification:_identify(Practica1) by extension 'cmake'
[1.259s] Level 1:colcon.colcon_core.package_identification:_identify(Practica1) by extension 'python'
[1.259s] Level 1:colcon.colcon_core.package_identification:_identify(Practica1) by extensions ['python_setup_py']
[1.259s] Level 1:colcon.colcon_core.package_identification:_identify(Practica1) by extension 'python_setup_py'
[1.259s] Level 1:colcon.colcon_core.package_identification:_identify(Practica1/ros2_ws) by extensions ['ignore', 'ignore_ament_install']
[1.259s] Level 1:colcon.colcon_core.package_identification:_identify(Practica1/ros2_ws) by extension 'ignore'
[1.259s] Level 1:colcon.colcon_core.package_identification:_identify(Practica1/ros2_ws) by extension 'ignore_ament_install'
[1.260s] Level 1:colcon.colcon_core.package_identification:_identify(Practica1/ros2_ws) by extensions ['colcon_pkg']
[1.260s] Level 1:colcon.colcon_core.package_identification:_identify(Practica1/ros2_ws) by extension 'colcon_pkg'
[1.260s] Level 1:colcon.colcon_core.package_identification:_identify(Practica1/ros2_ws) by extensions ['colcon_meta']
[1.260s] Level 1:colcon.colcon_core.package_identification:_identify(Practica1/ros2_ws) by extension 'colcon_meta'
[1.260s] Level 1:colcon.colcon_core.package_identification:_identify(Practica1/ros2_ws) by extensions ['ros']
[1.260s] Level 1:colcon.colcon_core.package_identification:_identify(Practica1/ros2_ws) by extension 'ros'
[1.262s] Level 1:colcon.colcon_core.package_identification:_identify(Practica1/ros2_ws) by extensions ['cmake', 'python']
[1.262s] Level 1:colcon.colcon_core.package_identification:_identify(Practica1/ros2_ws) by extension 'cmake'
[1.262s] Level 1:colcon.colcon_core.package_identification:_identify(Practica1/ros2_ws) by extension 'python'
[1.263s] Level 1:colcon.colcon_core.package_identification:_identify(Practica1/ros2_ws) by extensions ['python_setup_py']
[1.264s] Level 1:colcon.colcon_core.package_identification:_identify(Practica1/ros2_ws) by extension 'python_setup_py'
[1.264s] Level 1:colcon.colcon_core.package_identification:_identify(Practica1/ros2_ws/build) by extensions ['ignore', 'ignore_ament_install']
[1.264s] Level 1:colcon.colcon_core.package_identification:_identify(Practica1/ros2_ws/build) by extension 'ignore'
[1.264s] Level 1:colcon.colcon_core.package_identification:_identify(Practica1/ros2_ws/build) ignored
[1.264s] Level 1:colcon.colcon_core.package_identification:_identify(Practica1/ros2_ws/install) by extensions ['ignore', 'ignore_ament_install']
[1.265s] Level 1:colcon.colcon_core.package_identification:_identify(Practica1/ros2_ws/install) by extension 'ignore'
[1.265s] Level 1:colcon.colcon_core.package_identification:_identify(Practica1/ros2_ws/install) ignored
[1.265s] Level 1:colcon.colcon_core.package_identification:_identify(Practica1/ros2_ws/log) by extensions ['ignore', 'ignore_ament_install']
[1.265s] Level 1:colcon.colcon_core.package_identification:_identify(Practica1/ros2_ws/log) by extension 'ignore'
[1.265s] Level 1:colcon.colcon_core.package_identification:_identify(Practica1/ros2_ws/log) ignored
[1.265s] Level 1:colcon.colcon_core.package_identification:_identify(Practica1/ros2_ws/practica_1) by extensions ['ignore', 'ignore_ament_install']
[1.266s] Level 1:colcon.colcon_core.package_identification:_identify(Practica1/ros2_ws/practica_1) by extension 'ignore'
[1.266s] Level 1:colcon.colcon_core.package_identification:_identify(Practica1/ros2_ws/practica_1) by extension 'ignore_ament_install'
[1.266s] Level 1:colcon.colcon_core.package_identification:_identify(Practica1/ros2_ws/practica_1) by extensions ['colcon_pkg']
[1.266s] Level 1:colcon.colcon_core.package_identification:_identify(Practica1/ros2_ws/practica_1) by extension 'colcon_pkg'
[1.266s] Level 1:colcon.colcon_core.package_identification:_identify(Practica1/ros2_ws/practica_1) by extensions ['colcon_meta']
[1.266s] Level 1:colcon.colcon_core.package_identification:_identify(Practica1/ros2_ws/practica_1) by extension 'colcon_meta'
[1.266s] Level 1:colcon.colcon_core.package_identification:_identify(Practica1/ros2_ws/practica_1) by extensions ['ros']
[1.266s] Level 1:colcon.colcon_core.package_identification:_identify(Practica1/ros2_ws/practica_1) by extension 'ros'
[1.269s] DEBUG:colcon.colcon_core.package_identification:Package 'Practica1/ros2_ws/practica_1' with type 'ros.ament_cmake' and name 'practica_1'
[1.269s] Level 1:colcon.colcon_core.package_identification:_identify(Practica1/ros2_ws/src) by extensions ['ignore', 'ignore_ament_install']
[1.269s] Level 1:colcon.colcon_core.package_identification:_identify(Practica1/ros2_ws/src) by extension 'ignore'
[1.270s] Level 1:colcon.colcon_core.package_identification:_identify(Practica1/ros2_ws/src) by extension 'ignore_ament_install'
[1.270s] Level 1:colcon.colcon_core.package_identification:_identify(Practica1/ros2_ws/src) by extensions ['colcon_pkg']
[1.270s] Level 1:colcon.colcon_core.package_identification:_identify(Practica1/ros2_ws/src) by extension 'colcon_pkg'
[1.270s] Level 1:colcon.colcon_core.package_identification:_identify(Practica1/ros2_ws/src) by extensions ['colcon_meta']
[1.270s] Level 1:colcon.colcon_core.package_identification:_identify(Practica1/ros2_ws/src) by extension 'colcon_meta'
[1.270s] Level 1:colcon.colcon_core.package_identification:_identify(Practica1/ros2_ws/src) by extensions ['ros']
[1.270s] Level 1:colcon.colcon_core.package_identification:_identify(Practica1/ros2_ws/src) by extension 'ros'
[1.270s] Level 1:colcon.colcon_core.package_identification:_identify(Practica1/ros2_ws/src) by extensions ['cmake', 'python']
[1.271s] Level 1:colcon.colcon_core.package_identification:_identify(Practica1/ros2_ws/src) by extension 'cmake'
[1.271s] Level 1:colcon.colcon_core.package_identification:_identify(Practica1/ros2_ws/src) by extension 'python'
[1.271s] Level 1:colcon.colcon_core.package_identification:_identify(Practica1/ros2_ws/src) by extensions ['python_setup_py']
[1.271s] Level 1:colcon.colcon_core.package_identification:_identify(Practica1/ros2_ws/src) by extension 'python_setup_py'
[1.271s] Level 1:colcon.colcon_core.package_identification:_identify(Practica2) by extensions ['ignore', 'ignore_ament_install']
[1.271s] Level 1:colcon.colcon_core.package_identification:_identify(Practica2) by extension 'ignore'
[1.272s] Level 1:colcon.colcon_core.package_identification:_identify(Practica2) by extension 'ignore_ament_install'
[1.272s] Level 1:colcon.colcon_core.package_identification:_identify(Practica2) by extensions ['colcon_pkg']
[1.272s] Level 1:colcon.colcon_core.package_identification:_identify(Practica2) by extension 'colcon_pkg'
[1.272s] Level 1:colcon.colcon_core.package_identification:_identify(Practica2) by extensions ['colcon_meta']
[1.272s] Level 1:colcon.colcon_core.package_identification:_identify(Practica2) by extension 'colcon_meta'
[1.272s] Level 1:colcon.colcon_core.package_identification:_identify(Practica2) by extensions ['ros']
[1.272s] Level 1:colcon.colcon_core.package_identification:_identify(Practica2) by extension 'ros'
[1.273s] Level 1:colcon.colcon_core.package_identification:_identify(Practica2) by extensions ['cmake', 'python']
[1.273s] Level 1:colcon.colcon_core.package_identification:_identify(Practica2) by extension 'cmake'
[1.273s] Level 1:colcon.colcon_core.package_identification:_identify(Practica2) by extension 'python'
[1.273s] Level 1:colcon.colcon_core.package_identification:_identify(Practica2) by extensions ['python_setup_py']
[1.273s] Level 1:colcon.colcon_core.package_identification:_identify(Practica2) by extension 'python_setup_py'
[1.274s] Level 1:colcon.colcon_core.package_identification:_identify(Practica3) by extensions ['ignore', 'ignore_ament_install']
[1.274s] Level 1:colcon.colcon_core.package_identification:_identify(Practica3) by extension 'ignore'
[1.274s] Level 1:colcon.colcon_core.package_identification:_identify(Practica3) by extension 'ignore_ament_install'
[1.274s] Level 1:colcon.colcon_core.package_identification:_identify(Practica3) by extensions ['colcon_pkg']
[1.274s] Level 1:colcon.colcon_core.package_identification:_identify(Practica3) by extension 'colcon_pkg'
[1.274s] Level 1:colcon.colcon_core.package_identification:_identify(Practica3) by extensions ['colcon_meta']
[1.275s] Level 1:colcon.colcon_core.package_identification:_identify(Practica3) by extension 'colcon_meta'
[1.275s] Level 1:colcon.colcon_core.package_identification:_identify(Practica3) by extensions ['ros']
[1.275s] Level 1:colcon.colcon_core.package_identification:_identify(Practica3) by extension 'ros'
[1.275s] Level 1:colcon.colcon_core.package_identification:_identify(Practica3) by extensions ['cmake', 'python']
[1.275s] Level 1:colcon.colcon_core.package_identification:_identify(Practica3) by extension 'cmake'
[1.275s] Level 1:colcon.colcon_core.package_identification:_identify(Practica3) by extension 'python'
[1.275s] Level 1:colcon.colcon_core.package_identification:_identify(Practica3) by extensions ['python_setup_py']
[1.275s] Level 1:colcon.colcon_core.package_identification:_identify(Practica3) by extension 'python_setup_py'
[1.276s] Level 1:colcon.colcon_core.package_identification:_identify(Practica4) by extensions ['ignore', 'ignore_ament_install']
[1.276s] Level 1:colcon.colcon_core.package_identification:_identify(Practica4) by extension 'ignore'
[1.276s] Level 1:colcon.colcon_core.package_identification:_identify(Practica4) by extension 'ignore_ament_install'
[1.276s] Level 1:colcon.colcon_core.package_identification:_identify(Practica4) by extensions ['colcon_pkg']
[1.276s] Level 1:colcon.colcon_core.package_identification:_identify(Practica4) by extension 'colcon_pkg'
[1.276s] Level 1:colcon.colcon_core.package_identification:_identify(Practica4) by extensions ['colcon_meta']
[1.276s] Level 1:colcon.colcon_core.package_identification:_identify(Practica4) by extension 'colcon_meta'
[1.277s] Level 1:colcon.colcon_core.package_identification:_identify(Practica4) by extensions ['ros']
[1.277s] Level 1:colcon.colcon_core.package_identification:_identify(Practica4) by extension 'ros'
[1.277s] Level 1:colcon.colcon_core.package_identification:_identify(Practica4) by extensions ['cmake', 'python']
[1.277s] Level 1:colcon.colcon_core.package_identification:_identify(Practica4) by extension 'cmake'
[1.277s] Level 1:colcon.colcon_core.package_identification:_identify(Practica4) by extension 'python'
[1.277s] Level 1:colcon.colcon_core.package_identification:_identify(Practica4) by extensions ['python_setup_py']
[1.277s] Level 1:colcon.colcon_core.package_identification:_identify(Practica4) by extension 'python_setup_py'
[1.277s] Level 1:colcon.colcon_core.package_identification:_identify(Practica5) by extensions ['ignore', 'ignore_ament_install']
[1.278s] Level 1:colcon.colcon_core.package_identification:_identify(Practica5) by extension 'ignore'
[1.278s] Level 1:colcon.colcon_core.package_identification:_identify(Practica5) by extension 'ignore_ament_install'
[1.278s] Level 1:colcon.colcon_core.package_identification:_identify(Practica5) by extensions ['colcon_pkg']
[1.278s] Level 1:colcon.colcon_core.package_identification:_identify(Practica5) by extension 'colcon_pkg'
[1.278s] Level 1:colcon.colcon_core.package_identification:_identify(Practica5) by extensions ['colcon_meta']
[1.278s] Level 1:colcon.colcon_core.package_identification:_identify(Practica5) by extension 'colcon_meta'
[1.278s] Level 1:colcon.colcon_core.package_identification:_identify(Practica5) by extensions ['ros']
[1.278s] Level 1:colcon.colcon_core.package_identification:_identify(Practica5) by extension 'ros'
[1.278s] Level 1:colcon.colcon_core.package_identification:_identify(Practica5) by extensions ['cmake', 'python']
[1.278s] Level 1:colcon.colcon_core.package_identification:_identify(Practica5) by extension 'cmake'
[1.279s] Level 1:colcon.colcon_core.package_identification:_identify(Practica5) by extension 'python'
[1.279s] Level 1:colcon.colcon_core.package_identification:_identify(Practica5) by extensions ['python_setup_py']
[1.279s] Level 1:colcon.colcon_core.package_identification:_identify(Practica5) by extension 'python_setup_py'
[1.280s] Level 1:colcon.colcon_core.package_identification:_identify(Practica6) by extensions ['ignore', 'ignore_ament_install']
[1.280s] Level 1:colcon.colcon_core.package_identification:_identify(Practica6) by extension 'ignore'
[1.280s] Level 1:colcon.colcon_core.package_identification:_identify(Practica6) by extension 'ignore_ament_install'
[1.281s] Level 1:colcon.colcon_core.package_identification:_identify(Practica6) by extensions ['colcon_pkg']
[1.281s] Level 1:colcon.colcon_core.package_identification:_identify(Practica6) by extension 'colcon_pkg'
[1.281s] Level 1:colcon.colcon_core.package_identification:_identify(Practica6) by extensions ['colcon_meta']
[1.281s] Level 1:colcon.colcon_core.package_identification:_identify(Practica6) by extension 'colcon_meta'
[1.281s] Level 1:colcon.colcon_core.package_identification:_identify(Practica6) by extensions ['ros']
[1.281s] Level 1:colcon.colcon_core.package_identification:_identify(Practica6) by extension 'ros'
[1.281s] Level 1:colcon.colcon_core.package_identification:_identify(Practica6) by extensions ['cmake', 'python']
[1.282s] Level 1:colcon.colcon_core.package_identification:_identify(Practica6) by extension 'cmake'
[1.282s] Level 1:colcon.colcon_core.package_identification:_identify(Practica6) by extension 'python'
[1.282s] Level 1:colcon.colcon_core.package_identification:_identify(Practica6) by extensions ['python_setup_py']
[1.282s] Level 1:colcon.colcon_core.package_identification:_identify(Practica6) by extension 'python_setup_py'
[1.282s] Level 1:colcon.colcon_core.package_identification:_identify(Practica7) by extensions ['ignore', 'ignore_ament_install']
[1.282s] Level 1:colcon.colcon_core.package_identification:_identify(Practica7) by extension 'ignore'
[1.282s] Level 1:colcon.colcon_core.package_identification:_identify(Practica7) by extension 'ignore_ament_install'
[1.283s] Level 1:colcon.colcon_core.package_identification:_identify(Practica7) by extensions ['colcon_pkg']
[1.283s] Level 1:colcon.colcon_core.package_identification:_identify(Practica7) by extension 'colcon_pkg'
[1.283s] Level 1:colcon.colcon_core.package_identification:_identify(Practica7) by extensions ['colcon_meta']
[1.283s] Level 1:colcon.colcon_core.package_identification:_identify(Practica7) by extension 'colcon_meta'
[1.283s] Level 1:colcon.colcon_core.package_identification:_identify(Practica7) by extensions ['ros']
[1.283s] Level 1:colcon.colcon_core.package_identification:_identify(Practica7) by extension 'ros'
[1.283s] Level 1:colcon.colcon_core.package_identification:_identify(Practica7) by extensions ['cmake', 'python']
[1.283s] Level 1:colcon.colcon_core.package_identification:_identify(Practica7) by extension 'cmake'
[1.283s] Level 1:colcon.colcon_core.package_identification:_identify(Practica7) by extension 'python'
[1.283s] Level 1:colcon.colcon_core.package_identification:_identify(Practica7) by extensions ['python_setup_py']
[1.283s] Level 1:colcon.colcon_core.package_identification:_identify(Practica7) by extension 'python_setup_py'
[1.284s] Level 1:colcon.colcon_core.package_identification:_identify(Practica8) by extensions ['ignore', 'ignore_ament_install']
[1.284s] Level 1:colcon.colcon_core.package_identification:_identify(Practica8) by extension 'ignore'
[1.284s] Level 1:colcon.colcon_core.package_identification:_identify(Practica8) by extension 'ignore_ament_install'
[1.284s] Level 1:colcon.colcon_core.package_identification:_identify(Practica8) by extensions ['colcon_pkg']
[1.284s] Level 1:colcon.colcon_core.package_identification:_identify(Practica8) by extension 'colcon_pkg'
[1.284s] Level 1:colcon.colcon_core.package_identification:_identify(Practica8) by extensions ['colcon_meta']
[1.284s] Level 1:colcon.colcon_core.package_identification:_identify(Practica8) by extension 'colcon_meta'
[1.284s] Level 1:colcon.colcon_core.package_identification:_identify(Practica8) by extensions ['ros']
[1.284s] Level 1:colcon.colcon_core.package_identification:_identify(Practica8) by extension 'ros'
[1.285s] Level 1:colcon.colcon_core.package_identification:_identify(Practica8) by extensions ['cmake', 'python']
[1.285s] Level 1:colcon.colcon_core.package_identification:_identify(Practica8) by extension 'cmake'
[1.285s] Level 1:colcon.colcon_core.package_identification:_identify(Practica8) by extension 'python'
[1.285s] Level 1:colcon.colcon_core.package_identification:_identify(Practica8) by extensions ['python_setup_py']
[1.285s] Level 1:colcon.colcon_core.package_identification:_identify(Practica8) by extension 'python_setup_py'
[1.285s] Level 1:colcon.colcon_core.package_identification:_identify(build) by extensions ['ignore', 'ignore_ament_install']
[1.285s] Level 1:colcon.colcon_core.package_identification:_identify(build) by extension 'ignore'
[1.286s] Level 1:colcon.colcon_core.package_identification:_identify(build) ignored
[1.286s] Level 1:colcon.colcon_core.package_identification:_identify(install) by extensions ['ignore', 'ignore_ament_install']
[1.286s] Level 1:colcon.colcon_core.package_identification:_identify(install) by extension 'ignore'
[1.286s] Level 1:colcon.colcon_core.package_identification:_identify(install) ignored
[1.286s] Level 1:colcon.colcon_core.package_identification:_identify(log) by extensions ['ignore', 'ignore_ament_install']
[1.286s] Level 1:colcon.colcon_core.package_identification:_identify(log) by extension 'ignore'
[1.286s] Level 1:colcon.colcon_core.package_identification:_identify(log) ignored
[1.286s] Level 1:colcon.colcon_core.package_discovery:discover_packages(recursive) using defaults
[1.287s] Level 1:colcon.colcon_core.package_discovery:discover_packages(ignore) discover
[1.287s] Level 1:colcon.colcon_core.package_discovery:discover_packages(ignore) using defaults
[1.287s] Level 1:colcon.colcon_core.package_discovery:discover_packages(path) discover
[1.287s] Level 1:colcon.colcon_core.package_discovery:discover_packages(path) using defaults
[1.368s] INFO:colcon.colcon_core.package_selection:Skipping not selected package 'practica_1' in 'Practica1/ros2_ws/practica_1'
[1.372s] Level 1:colcon.colcon_core.package_discovery:discover_packages(prefix_path) check parameters
[1.372s] Level 1:colcon.colcon_core.package_discovery:discover_packages(prefix_path) discover
[1.395s] DEBUG:colcon.colcon_installed_package_information.package_discovery:Found 331 installed packages in /opt/ros/humble
[1.401s] Level 1:colcon.colcon_core.package_discovery:discover_packages(prefix_path) using defaults
[1.525s] Level 5:colcon.colcon_core.verb:set package 'scara_bringup' build argument 'cmake_args' from command line to 'None'
[1.525s] Level 5:colcon.colcon_core.verb:set package 'scara_bringup' build argument 'cmake_target' from command line to 'None'
[1.525s] Level 5:colcon.colcon_core.verb:set package 'scara_bringup' build argument 'cmake_target_skip_unavailable' from command line to 'False'
[1.526s] Level 5:colcon.colcon_core.verb:set package 'scara_bringup' build argument 'cmake_clean_cache' from command line to 'False'
[1.526s] Level 5:colcon.colcon_core.verb:set package 'scara_bringup' build argument 'cmake_clean_first' from command line to 'False'
[1.526s] Level 5:colcon.colcon_core.verb:set package 'scara_bringup' build argument 'cmake_force_configure' from command line to 'False'
[1.526s] Level 5:colcon.colcon_core.verb:set package 'scara_bringup' build argument 'ament_cmake_args' from command line to 'None'
[1.526s] Level 5:colcon.colcon_core.verb:set package 'scara_bringup' build argument 'catkin_cmake_args' from command line to 'None'
[1.526s] Level 5:colcon.colcon_core.verb:set package 'scara_bringup' build argument 'catkin_skip_building_tests' from command line to 'False'
[1.526s] DEBUG:colcon.colcon_core.verb:Building package 'scara_bringup' with the following arguments: {'ament_cmake_args': None, 'build_base': '/home/robousr/Robotica2025-2/robolab20252/build/scara_bringup', 'catkin_cmake_args': None, 'catkin_skip_building_tests': False, 'cmake_args': None, 'cmake_clean_cache': False, 'cmake_clean_first': False, 'cmake_force_configure': False, 'cmake_target': None, 'cmake_target_skip_unavailable': False, 'install_base': '/home/robousr/Robotica2025-2/robolab20252/install/scara_bringup', 'merge_install': False, 'path': '/home/robousr/Robotica2025-2/robolab20252/ExamenParcial2/ros2_ws/src/scara_bringup', 'symlink_install': False, 'test_result_base': None}
[1.527s] Level 5:colcon.colcon_core.verb:set package 'scara_control' build argument 'cmake_args' from command line to 'None'
[1.527s] Level 5:colcon.colcon_core.verb:set package 'scara_control' build argument 'cmake_target' from command line to 'None'
[1.527s] Level 5:colcon.colcon_core.verb:set package 'scara_control' build argument 'cmake_target_skip_unavailable' from command line to 'False'
[1.527s] Level 5:colcon.colcon_core.verb:set package 'scara_control' build argument 'cmake_clean_cache' from command line to 'False'
[1.527s] Level 5:colcon.colcon_core.verb:set package 'scara_control' build argument 'cmake_clean_first' from command line to 'False'
[1.527s] Level 5:colcon.colcon_core.verb:set package 'scara_control' build argument 'cmake_force_configure' from command line to 'False'
[1.527s] Level 5:colcon.colcon_core.verb:set package 'scara_control' build argument 'ament_cmake_args' from command line to 'None'
[1.527s] Level 5:colcon.colcon_core.verb:set package 'scara_control' build argument 'catkin_cmake_args' from command line to 'None'
[1.527s] Level 5:colcon.colcon_core.verb:set package 'scara_control' build argument 'catkin_skip_building_tests' from command line to 'False'
[1.527s] DEBUG:colcon.colcon_core.verb:Building package 'scara_control' with the following arguments: {'ament_cmake_args': None, 'build_base': '/home/robousr/Robotica2025-2/robolab20252/build/scara_control', 'catkin_cmake_args': None, 'catkin_skip_building_tests': False, 'cmake_args': None, 'cmake_clean_cache': False, 'cmake_clean_first': False, 'cmake_force_configure': False, 'cmake_target': None, 'cmake_target_skip_unavailable': False, 'install_base': '/home/robousr/Robotica2025-2/robolab20252/install/scara_control', 'merge_install': False, 'path': '/home/robousr/Robotica2025-2/robolab20252/ExamenParcial2/ros2_ws/src/scara_control', 'symlink_install': False, 'test_result_base': None}
[1.528s] Level 5:colcon.colcon_core.verb:set package 'scara_description' build argument 'cmake_args' from command line to 'None'
[1.528s] Level 5:colcon.colcon_core.verb:set package 'scara_description' build argument 'cmake_target' from command line to 'None'
[1.528s] Level 5:colcon.colcon_core.verb:set package 'scara_description' build argument 'cmake_target_skip_unavailable' from command line to 'False'
[1.528s] Level 5:colcon.colcon_core.verb:set package 'scara_description' build argument 'cmake_clean_cache' from command line to 'False'
[1.528s] Level 5:colcon.colcon_core.verb:set package 'scara_description' build argument 'cmake_clean_first' from command line to 'False'
[1.528s] Level 5:colcon.colcon_core.verb:set package 'scara_description' build argument 'cmake_force_configure' from command line to 'False'
[1.528s] Level 5:colcon.colcon_core.verb:set package 'scara_description' build argument 'ament_cmake_args' from command line to 'None'
[1.528s] Level 5:colcon.colcon_core.verb:set package 'scara_description' build argument 'catkin_cmake_args' from command line to 'None'
[1.528s] Level 5:colcon.colcon_core.verb:set package 'scara_description' build argument 'catkin_skip_building_tests' from command line to 'False'
[1.528s] DEBUG:colcon.colcon_core.verb:Building package 'scara_description' with the following arguments: {'ament_cmake_args': None, 'build_base': '/home/robousr/Robotica2025-2/robolab20252/build/scara_description', 'catkin_cmake_args': None, 'catkin_skip_building_tests': False, 'cmake_args': None, 'cmake_clean_cache': False, 'cmake_clean_first': False, 'cmake_force_configure': False, 'cmake_target': None, 'cmake_target_skip_unavailable': False, 'install_base': '/home/robousr/Robotica2025-2/robolab20252/install/scara_description', 'merge_install': False, 'path': '/home/robousr/Robotica2025-2/robolab20252/ExamenParcial2/ros2_ws/src/scara_description', 'symlink_install': False, 'test_result_base': None}
[1.528s] INFO:colcon.colcon_core.executor:Executing jobs using 'parallel' executor
[1.536s] DEBUG:colcon.colcon_parallel_executor.executor.parallel:run_until_complete
[1.537s] INFO:colcon.colcon_ros.task.ament_python.build:Building ROS package in '/home/robousr/Robotica2025-2/robolab20252/ExamenParcial2/ros2_ws/src/scara_bringup' with build type 'ament_python'
[1.538s] Level 1:colcon.colcon_core.shell:create_environment_hook('scara_bringup', 'ament_prefix_path')
[1.554s] INFO:colcon.colcon_core.plugin_system:Skipping extension 'colcon_core.shell.bat': Not used on non-Windows systems
[1.554s] INFO:colcon.colcon_core.shell:Creating environment hook '/home/robousr/Robotica2025-2/robolab20252/install/scara_bringup/share/scara_bringup/hook/ament_prefix_path.ps1'
[1.562s] INFO:colcon.colcon_core.shell:Creating environment descriptor '/home/robousr/Robotica2025-2/robolab20252/install/scara_bringup/share/scara_bringup/hook/ament_prefix_path.dsv'
[1.564s] INFO:colcon.colcon_core.shell:Creating environment hook '/home/robousr/Robotica2025-2/robolab20252/install/scara_bringup/share/scara_bringup/hook/ament_prefix_path.sh'
[1.567s] INFO:colcon.colcon_core.shell:Skip shell extension 'powershell' for command environment: Not usable outside of PowerShell
[1.567s] DEBUG:colcon.colcon_core.shell:Skip shell extension 'dsv' for command environment
[1.578s] INFO:colcon.colcon_ros.task.ament_python.build:Building ROS package in '/home/robousr/Robotica2025-2/robolab20252/ExamenParcial2/ros2_ws/src/scara_control' with build type 'ament_python'
[1.578s] Level 1:colcon.colcon_core.shell:create_environment_hook('scara_control', 'ament_prefix_path')
[1.579s] INFO:colcon.colcon_core.shell:Creating environment hook '/home/robousr/Robotica2025-2/robolab20252/install/scara_control/share/scara_control/hook/ament_prefix_path.ps1'
[1.581s] INFO:colcon.colcon_core.shell:Creating environment descriptor '/home/robousr/Robotica2025-2/robolab20252/install/scara_control/share/scara_control/hook/ament_prefix_path.dsv'
[1.583s] INFO:colcon.colcon_core.shell:Creating environment hook '/home/robousr/Robotica2025-2/robolab20252/install/scara_control/share/scara_control/hook/ament_prefix_path.sh'
[1.584s] INFO:colcon.colcon_core.shell:Skip shell extension 'powershell' for command environment: Not usable outside of PowerShell
[1.585s] DEBUG:colcon.colcon_core.shell:Skip shell extension 'dsv' for command environment
[1.594s] INFO:colcon.colcon_ros.task.ament_cmake.build:Building ROS package in '/home/robousr/Robotica2025-2/robolab20252/ExamenParcial2/ros2_ws/src/scara_description' with build type 'ament_cmake'
[1.594s] INFO:colcon.colcon_cmake.task.cmake.build:Building CMake package in '/home/robousr/Robotica2025-2/robolab20252/ExamenParcial2/ros2_ws/src/scara_description'
[1.595s] INFO:colcon.colcon_core.shell:Skip shell extension 'powershell' for command environment: Not usable outside of PowerShell
[1.595s] DEBUG:colcon.colcon_core.shell:Skip shell extension 'dsv' for command environment
[2.428s] INFO:colcon.colcon_core.task.python.build:Building Python package in '/home/robousr/Robotica2025-2/robolab20252/ExamenParcial2/ros2_ws/src/scara_bringup'
[2.429s] INFO:colcon.colcon_core.shell:Skip shell extension 'powershell' for command environment: Not usable outside of PowerShell
[2.429s] DEBUG:colcon.colcon_core.shell:Skip shell extension 'dsv' for command environment
[3.116s] INFO:colcon.colcon_core.task.python.build:Building Python package in '/home/robousr/Robotica2025-2/robolab20252/ExamenParcial2/ros2_ws/src/scara_control'
[3.117s] INFO:colcon.colcon_core.shell:Skip shell extension 'powershell' for command environment: Not usable outside of PowerShell
[3.117s] DEBUG:colcon.colcon_core.shell:Skip shell extension 'dsv' for command environment
[3.142s] DEBUG:colcon.colcon_core.event_handler.log_command:Invoking command in '/home/robousr/Robotica2025-2/robolab20252/build/scara_description': CMAKE_PREFIX_PATH=/opt/ros/humble /usr/bin/cmake /home/robousr/Robotica2025-2/robolab20252/ExamenParcial2/ros2_ws/src/scara_description -DCMAKE_INSTALL_PREFIX=/home/robousr/Robotica2025-2/robolab20252/install/scara_description
[4.587s] DEBUG:colcon.colcon_core.event_handler.log_command:Invoking command in '/home/robousr/Robotica2025-2/robolab20252/ExamenParcial2/ros2_ws/src/scara_control': PYTHONPATH=/home/robousr/Robotica2025-2/robolab20252/build/scara_control/prefix_override:/usr/lib/python3/dist-packages/colcon_core/task/python/colcon_distutils_commands:/home/robousr/Robotica2025-2/robolab20252/install/scara_control/lib/python3.10/site-packages:${PYTHONPATH} /usr/bin/python3 -W ignore:setup.py install is deprecated -W ignore:easy_install command is deprecated setup.py egg_info --egg-base ../../../../build/scara_control build --build-base /home/robousr/Robotica2025-2/robolab20252/build/scara_control/build install --record /home/robousr/Robotica2025-2/robolab20252/build/scara_control/install.log --single-version-externally-managed install_data
[4.602s] DEBUG:colcon.colcon_core.event_handler.log_command:Invoking command in '/home/robousr/Robotica2025-2/robolab20252/ExamenParcial2/ros2_ws/src/scara_bringup': PYTHONPATH=/home/robousr/Robotica2025-2/robolab20252/build/scara_bringup/prefix_override:/usr/lib/python3/dist-packages/colcon_core/task/python/colcon_distutils_commands:/home/robousr/Robotica2025-2/robolab20252/install/scara_bringup/lib/python3.10/site-packages:${PYTHONPATH} /usr/bin/python3 -W ignore:setup.py install is deprecated -W ignore:easy_install command is deprecated setup.py egg_info --egg-base ../../../../build/scara_bringup build --build-base /home/robousr/Robotica2025-2/robolab20252/build/scara_bringup/build install --record /home/robousr/Robotica2025-2/robolab20252/build/scara_bringup/install.log --single-version-externally-managed install_data
[5.429s] DEBUG:colcon.colcon_core.event_handler.log_command:Invoked command in '/home/robousr/Robotica2025-2/robolab20252/ExamenParcial2/ros2_ws/src/scara_control' returned '0': PYTHONPATH=/home/robousr/Robotica2025-2/robolab20252/build/scara_control/prefix_override:/usr/lib/python3/dist-packages/colcon_core/task/python/colcon_distutils_commands:/home/robousr/Robotica2025-2/robolab20252/install/scara_control/lib/python3.10/site-packages:${PYTHONPATH} /usr/bin/python3 -W ignore:setup.py install is deprecated -W ignore:easy_install command is deprecated setup.py egg_info --egg-base ../../../../build/scara_control build --build-base /home/robousr/Robotica2025-2/robolab20252/build/scara_control/build install --record /home/robousr/Robotica2025-2/robolab20252/build/scara_control/install.log --single-version-externally-managed install_data
[5.451s] Level 1:colcon.colcon_core.environment:checking '/home/robousr/Robotica2025-2/robolab20252/install/scara_control' for CMake module files
[5.452s] Level 1:colcon.colcon_core.environment:checking '/home/robousr/Robotica2025-2/robolab20252/install/scara_control' for CMake config files
[5.454s] Level 1:colcon.colcon_core.environment:checking '/home/robousr/Robotica2025-2/robolab20252/install/scara_control/lib'
[5.454s] Level 1:colcon.colcon_core.environment:checking '/home/robousr/Robotica2025-2/robolab20252/install/scara_control/bin'
[5.455s] Level 1:colcon.colcon_core.environment:checking '/home/robousr/Robotica2025-2/robolab20252/install/scara_control/lib/pkgconfig/scara_control.pc'
[5.455s] Level 1:colcon.colcon_core.environment:checking '/home/robousr/Robotica2025-2/robolab20252/install/scara_control/lib/python3.10/site-packages'
[5.455s] Level 1:colcon.colcon_core.shell:create_environment_hook('scara_control', 'pythonpath')
[5.456s] INFO:colcon.colcon_core.shell:Creating environment hook '/home/robousr/Robotica2025-2/robolab20252/install/scara_control/share/scara_control/hook/pythonpath.ps1'
[5.457s] INFO:colcon.colcon_core.shell:Creating environment descriptor '/home/robousr/Robotica2025-2/robolab20252/install/scara_control/share/scara_control/hook/pythonpath.dsv'
[5.458s] INFO:colcon.colcon_core.shell:Creating environment hook '/home/robousr/Robotica2025-2/robolab20252/install/scara_control/share/scara_control/hook/pythonpath.sh'
[5.459s] Level 1:colcon.colcon_core.environment:checking '/home/robousr/Robotica2025-2/robolab20252/install/scara_control/bin'
[5.459s] Level 1:colcon.colcon_core.environment:create_environment_scripts_only(scara_control)
[5.460s] INFO:colcon.colcon_core.shell:Creating package script '/home/robousr/Robotica2025-2/robolab20252/install/scara_control/share/scara_control/package.ps1'
[5.461s] INFO:colcon.colcon_core.shell:Creating package descriptor '/home/robousr/Robotica2025-2/robolab20252/install/scara_control/share/scara_control/package.dsv'
[5.465s] INFO:colcon.colcon_core.shell:Creating package script '/home/robousr/Robotica2025-2/robolab20252/install/scara_control/share/scara_control/package.sh'
[5.468s] INFO:colcon.colcon_core.shell:Creating package script '/home/robousr/Robotica2025-2/robolab20252/install/scara_control/share/scara_control/package.bash'
[5.470s] INFO:colcon.colcon_core.shell:Creating package script '/home/robousr/Robotica2025-2/robolab20252/install/scara_control/share/scara_control/package.zsh'
[5.474s] Level 1:colcon.colcon_core.environment:create_file_with_runtime_dependencies(/home/robousr/Robotica2025-2/robolab20252/install/scara_control/share/colcon-core/packages/scara_control)
[5.504s] Level 1:colcon.colcon_core.environment:checking '/home/robousr/Robotica2025-2/robolab20252/install/scara_bringup' for CMake module files
[5.506s] Level 1:colcon.colcon_core.environment:checking '/home/robousr/Robotica2025-2/robolab20252/install/scara_bringup' for CMake config files
[5.506s] DEBUG:colcon.colcon_core.event_handler.log_command:Invoked command in '/home/robousr/Robotica2025-2/robolab20252/ExamenParcial2/ros2_ws/src/scara_bringup' returned '0': PYTHONPATH=/home/robousr/Robotica2025-2/robolab20252/build/scara_bringup/prefix_override:/usr/lib/python3/dist-packages/colcon_core/task/python/colcon_distutils_commands:/home/robousr/Robotica2025-2/robolab20252/install/scara_bringup/lib/python3.10/site-packages:${PYTHONPATH} /usr/bin/python3 -W ignore:setup.py install is deprecated -W ignore:easy_install command is deprecated setup.py egg_info --egg-base ../../../../build/scara_bringup build --build-base /home/robousr/Robotica2025-2/robolab20252/build/scara_bringup/build install --record /home/robousr/Robotica2025-2/robolab20252/build/scara_bringup/install.log --single-version-externally-managed install_data
[5.507s] Level 1:colcon.colcon_core.environment:checking '/home/robousr/Robotica2025-2/robolab20252/install/scara_bringup/lib'
[5.508s] Level 1:colcon.colcon_core.environment:checking '/home/robousr/Robotica2025-2/robolab20252/install/scara_bringup/bin'
[5.508s] Level 1:colcon.colcon_core.environment:checking '/home/robousr/Robotica2025-2/robolab20252/install/scara_bringup/lib/pkgconfig/scara_bringup.pc'
[5.508s] Level 1:colcon.colcon_core.environment:checking '/home/robousr/Robotica2025-2/robolab20252/install/scara_bringup/lib/python3.10/site-packages'
[5.509s] Level 1:colcon.colcon_core.shell:create_environment_hook('scara_bringup', 'pythonpath')
[5.509s] INFO:colcon.colcon_core.shell:Creating environment hook '/home/robousr/Robotica2025-2/robolab20252/install/scara_bringup/share/scara_bringup/hook/pythonpath.ps1'
[5.510s] INFO:colcon.colcon_core.shell:Creating environment descriptor '/home/robousr/Robotica2025-2/robolab20252/install/scara_bringup/share/scara_bringup/hook/pythonpath.dsv'
[5.511s] INFO:colcon.colcon_core.shell:Creating environment hook '/home/robousr/Robotica2025-2/robolab20252/install/scara_bringup/share/scara_bringup/hook/pythonpath.sh'
[5.512s] Level 1:colcon.colcon_core.environment:checking '/home/robousr/Robotica2025-2/robolab20252/install/scara_bringup/bin'
[5.513s] Level 1:colcon.colcon_core.environment:create_environment_scripts_only(scara_bringup)
[5.513s] INFO:colcon.colcon_core.shell:Creating package script '/home/robousr/Robotica2025-2/robolab20252/install/scara_bringup/share/scara_bringup/package.ps1'
[5.514s] INFO:colcon.colcon_core.shell:Creating package descriptor '/home/robousr/Robotica2025-2/robolab20252/install/scara_bringup/share/scara_bringup/package.dsv'
[5.516s] INFO:colcon.colcon_core.shell:Creating package script '/home/robousr/Robotica2025-2/robolab20252/install/scara_bringup/share/scara_bringup/package.sh'
[5.518s] INFO:colcon.colcon_core.shell:Creating package script '/home/robousr/Robotica2025-2/robolab20252/install/scara_bringup/share/scara_bringup/package.bash'
[5.520s] INFO:colcon.colcon_core.shell:Creating package script '/home/robousr/Robotica2025-2/robolab20252/install/scara_bringup/share/scara_bringup/package.zsh'
[5.521s] Level 1:colcon.colcon_core.environment:create_file_with_runtime_dependencies(/home/robousr/Robotica2025-2/robolab20252/install/scara_bringup/share/colcon-core/packages/scara_bringup)
[12.294s] DEBUG:colcon.colcon_core.event_handler.log_command:Invoked command in '/home/robousr/Robotica2025-2/robolab20252/build/scara_description' returned '0': CMAKE_PREFIX_PATH=/opt/ros/humble /usr/bin/cmake /home/robousr/Robotica2025-2/robolab20252/ExamenParcial2/ros2_ws/src/scara_description -DCMAKE_INSTALL_PREFIX=/home/robousr/Robotica2025-2/robolab20252/install/scara_description
[12.296s] DEBUG:colcon.colcon_core.event_handler.log_command:Invoking command in '/home/robousr/Robotica2025-2/robolab20252/build/scara_description': CMAKE_PREFIX_PATH=/opt/ros/humble /usr/bin/cmake --build /home/robousr/Robotica2025-2/robolab20252/build/scara_description -- -j4 -l4
[12.419s] DEBUG:colcon.colcon_core.event_handler.log_command:Invoked command in '/home/robousr/Robotica2025-2/robolab20252/build/scara_description' returned '0': CMAKE_PREFIX_PATH=/opt/ros/humble /usr/bin/cmake --build /home/robousr/Robotica2025-2/robolab20252/build/scara_description -- -j4 -l4
[12.463s] DEBUG:colcon.colcon_core.event_handler.log_command:Invoking command in '/home/robousr/Robotica2025-2/robolab20252/build/scara_description': CMAKE_PREFIX_PATH=/opt/ros/humble /usr/bin/cmake --install /home/robousr/Robotica2025-2/robolab20252/build/scara_description
[12.575s] Level 1:colcon.colcon_core.environment:create_environment_scripts_only(scara_description)
[12.575s] Level 1:colcon.colcon_core.environment:checking '/home/robousr/Robotica2025-2/robolab20252/install/scara_description' for CMake module files
[12.576s] DEBUG:colcon.colcon_core.event_handler.log_command:Invoked command in '/home/robousr/Robotica2025-2/robolab20252/build/scara_description' returned '0': CMAKE_PREFIX_PATH=/opt/ros/humble /usr/bin/cmake --install /home/robousr/Robotica2025-2/robolab20252/build/scara_description
[12.577s] Level 1:colcon.colcon_core.environment:checking '/home/robousr/Robotica2025-2/robolab20252/install/scara_description' for CMake config files
[12.577s] Level 1:colcon.colcon_core.shell:create_environment_hook('scara_description', 'cmake_prefix_path')
[12.578s] INFO:colcon.colcon_core.shell:Creating environment hook '/home/robousr/Robotica2025-2/robolab20252/install/scara_description/share/scara_description/hook/cmake_prefix_path.ps1'
[12.579s] INFO:colcon.colcon_core.shell:Creating environment descriptor '/home/robousr/Robotica2025-2/robolab20252/install/scara_description/share/scara_description/hook/cmake_prefix_path.dsv'
[12.580s] INFO:colcon.colcon_core.shell:Creating environment hook '/home/robousr/Robotica2025-2/robolab20252/install/scara_description/share/scara_description/hook/cmake_prefix_path.sh'
[12.581s] Level 1:colcon.colcon_core.environment:checking '/home/robousr/Robotica2025-2/robolab20252/install/scara_description/bin'
[12.581s] Level 1:colcon.colcon_core.environment:checking '/home/robousr/Robotica2025-2/robolab20252/install/scara_description/lib/pkgconfig/scara_description.pc'
[12.581s] Level 1:colcon.colcon_core.environment:checking '/home/robousr/Robotica2025-2/robolab20252/install/scara_description/lib/python3.10/site-packages'
[12.582s] Level 1:colcon.colcon_core.environment:checking '/home/robousr/Robotica2025-2/robolab20252/install/scara_description/bin'
[12.582s] INFO:colcon.colcon_core.shell:Creating package script '/home/robousr/Robotica2025-2/robolab20252/install/scara_description/share/scara_description/package.ps1'
[12.583s] INFO:colcon.colcon_core.shell:Creating package descriptor '/home/robousr/Robotica2025-2/robolab20252/install/scara_description/share/scara_description/package.dsv'
[12.584s] INFO:colcon.colcon_core.shell:Creating package script '/home/robousr/Robotica2025-2/robolab20252/install/scara_description/share/scara_description/package.sh'
[12.585s] INFO:colcon.colcon_core.shell:Creating package script '/home/robousr/Robotica2025-2/robolab20252/install/scara_description/share/scara_description/package.bash'
[12.586s] INFO:colcon.colcon_core.shell:Creating package script '/home/robousr/Robotica2025-2/robolab20252/install/scara_description/share/scara_description/package.zsh'
[12.587s] Level 1:colcon.colcon_core.environment:create_file_with_runtime_dependencies(/home/robousr/Robotica2025-2/robolab20252/install/scara_description/share/colcon-core/packages/scara_description)
[12.588s] Level 1:colcon.colcon_core.environment:create_environment_scripts_only(scara_description)
[12.589s] Level 1:colcon.colcon_core.environment:checking '/home/robousr/Robotica2025-2/robolab20252/install/scara_description' for CMake module files
[12.590s] Level 1:colcon.colcon_core.environment:checking '/home/robousr/Robotica2025-2/robolab20252/install/scara_description' for CMake config files
[12.590s] Level 1:colcon.colcon_core.shell:create_environment_hook('scara_description', 'cmake_prefix_path')
[12.591s] INFO:colcon.colcon_core.shell:Creating environment hook '/home/robousr/Robotica2025-2/robolab20252/install/scara_description/share/scara_description/hook/cmake_prefix_path.ps1'
[12.592s] INFO:colcon.colcon_core.shell:Creating environment descriptor '/home/robousr/Robotica2025-2/robolab20252/install/scara_description/share/scara_description/hook/cmake_prefix_path.dsv'
[12.593s] INFO:colcon.colcon_core.shell:Creating environment hook '/home/robousr/Robotica2025-2/robolab20252/install/scara_description/share/scara_description/hook/cmake_prefix_path.sh'
[12.595s] Level 1:colcon.colcon_core.environment:checking '/home/robousr/Robotica2025-2/robolab20252/install/scara_description/bin'
[12.595s] Level 1:colcon.colcon_core.environment:checking '/home/robousr/Robotica2025-2/robolab20252/install/scara_description/lib/pkgconfig/scara_description.pc'
[12.596s] Level 1:colcon.colcon_core.environment:checking '/home/robousr/Robotica2025-2/robolab20252/install/scara_description/lib/python3.10/site-packages'
[12.597s] Level 1:colcon.colcon_core.environment:checking '/home/robousr/Robotica2025-2/robolab20252/install/scara_description/bin'
[12.597s] INFO:colcon.colcon_core.shell:Creating package script '/home/robousr/Robotica2025-2/robolab20252/install/scara_description/share/scara_description/package.ps1'
[12.599s] INFO:colcon.colcon_core.shell:Creating package descriptor '/home/robousr/Robotica2025-2/robolab20252/install/scara_description/share/scara_description/package.dsv'
[12.602s] INFO:colcon.colcon_core.shell:Creating package script '/home/robousr/Robotica2025-2/robolab20252/install/scara_description/share/scara_description/package.sh'
[12.605s] INFO:colcon.colcon_core.shell:Creating package script '/home/robousr/Robotica2025-2/robolab20252/install/scara_description/share/scara_description/package.bash'
[12.607s] INFO:colcon.colcon_core.shell:Creating package script '/home/robousr/Robotica2025-2/robolab20252/install/scara_description/share/scara_description/package.zsh'
[12.610s] Level 1:colcon.colcon_core.environment:create_file_with_runtime_dependencies(/home/robousr/Robotica2025-2/robolab20252/install/scara_description/share/colcon-core/packages/scara_description)
[12.611s] DEBUG:colcon.colcon_parallel_executor.executor.parallel:closing loop
[12.612s] DEBUG:colcon.colcon_parallel_executor.executor.parallel:loop closed
[12.612s] DEBUG:colcon.colcon_parallel_executor.executor.parallel:run_until_complete finished with '0'
[12.612s] DEBUG:colcon.colcon_core.event_reactor:joining thread
[12.646s] INFO:colcon.colcon_core.plugin_system:Skipping extension 'colcon_notification.desktop_notification.terminal_notifier': Not used on non-Darwin systems
[12.646s] INFO:colcon.colcon_core.plugin_system:Skipping extension 'colcon_notification.desktop_notification.win32': Not used on non-Windows systems
[12.646s] INFO:colcon.colcon_notification.desktop_notification:Sending desktop notification using 'notify2'
[12.783s] DEBUG:colcon.colcon_core.event_reactor:joined thread
[12.784s] INFO:colcon.colcon_core.shell:Creating prefix script '/home/robousr/Robotica2025-2/robolab20252/install/local_setup.ps1'
[12.786s] INFO:colcon.colcon_core.shell:Creating prefix util module '/home/robousr/Robotica2025-2/robolab20252/install/_local_setup_util_ps1.py'
[12.791s] INFO:colcon.colcon_core.shell:Creating prefix chain script '/home/robousr/Robotica2025-2/robolab20252/install/setup.ps1'
[12.795s] INFO:colcon.colcon_core.shell:Creating prefix script '/home/robousr/Robotica2025-2/robolab20252/install/local_setup.sh'
[12.798s] INFO:colcon.colcon_core.shell:Creating prefix util module '/home/robousr/Robotica2025-2/robolab20252/install/_local_setup_util_sh.py'
[12.799s] INFO:colcon.colcon_core.shell:Creating prefix chain script '/home/robousr/Robotica2025-2/robolab20252/install/setup.sh'
[12.802s] INFO:colcon.colcon_core.shell:Creating prefix script '/home/robousr/Robotica2025-2/robolab20252/install/local_setup.bash'
[12.803s] INFO:colcon.colcon_core.shell:Creating prefix chain script '/home/robousr/Robotica2025-2/robolab20252/install/setup.bash'
[12.805s] INFO:colcon.colcon_core.shell:Creating prefix script '/home/robousr/Robotica2025-2/robolab20252/install/local_setup.zsh'
[12.808s] INFO:colcon.colcon_core.shell:Creating prefix chain script '/home/robousr/Robotica2025-2/robolab20252/install/setup.zsh'
