running egg_info
creating ../../build/scara_control/scara_control.egg-info
writing ../../build/scara_control/scara_control.egg-info/PKG-INFO
writing dependency_links to ../../build/scara_control/scara_control.egg-info/dependency_links.txt
writing entry points to ../../build/scara_control/scara_control.egg-info/entry_points.txt
writing requirements to ../../build/scara_control/scara_control.egg-info/requires.txt
writing top-level names to ../../build/scara_control/scara_control.egg-info/top_level.txt
writing manifest file '../../build/scara_control/scara_control.egg-info/SOURCES.txt'
reading manifest file '../../build/scara_control/scara_control.egg-info/SOURCES.txt'
writing manifest file '../../build/scara_control/scara_control.egg-info/SOURCES.txt'
running build
running build_py
creating /home/robousr/Robotica2025-2/robolab20252/ExamenParcial2/ros2_ws/build/scara_control/build
creating /home/robousr/Robotica2025-2/robolab20252/ExamenParcial2/ros2_ws/build/scara_control/build/lib
creating /home/robousr/Robotica2025-2/robolab20252/ExamenParcial2/ros2_ws/build/scara_control/build/lib/scara_control
copying scara_control/scara_tray_line_py.py -> /home/robousr/Robotica2025-2/robolab20252/ExamenParcial2/ros2_ws/build/scara_control/build/lib/scara_control
copying scara_control/__init__.py -> /home/robousr/Robotica2025-2/robolab20252/ExamenParcial2/ros2_ws/build/scara_control/build/lib/scara_control
copying scara_control/scara_test_py.py -> /home/robousr/Robotica2025-2/robolab20252/ExamenParcial2/ros2_ws/build/scara_control/build/lib/scara_control
running install
running install_lib
creating /home/robousr/Robotica2025-2/robolab20252/ExamenParcial2/ros2_ws/install/scara_control/lib/python3.10/site-packages/scara_control
copying /home/robousr/Robotica2025-2/robolab20252/ExamenParcial2/ros2_ws/build/scara_control/build/lib/scara_control/scara_tray_line_py.py -> /home/robousr/Robotica2025-2/robolab20252/ExamenParcial2/ros2_ws/install/scara_control/lib/python3.10/site-packages/scara_control
copying /home/robousr/Robotica2025-2/robolab20252/ExamenParcial2/ros2_ws/build/scara_control/build/lib/scara_control/__init__.py -> /home/robousr/Robotica2025-2/robolab20252/ExamenParcial2/ros2_ws/install/scara_control/lib/python3.10/site-packages/scara_control
copying /home/robousr/Robotica2025-2/robolab20252/ExamenParcial2/ros2_ws/build/scara_control/build/lib/scara_control/scara_test_py.py -> /home/robousr/Robotica2025-2/robolab20252/ExamenParcial2/ros2_ws/install/scara_control/lib/python3.10/site-packages/scara_control
byte-compiling /home/robousr/Robotica2025-2/robolab20252/ExamenParcial2/ros2_ws/install/scara_control/lib/python3.10/site-packages/scara_control/scara_tray_line_py.py to scara_tray_line_py.cpython-310.pyc
byte-compiling /home/robousr/Robotica2025-2/robolab20252/ExamenParcial2/ros2_ws/install/scara_control/lib/python3.10/site-packages/scara_control/__init__.py to __init__.cpython-310.pyc
byte-compiling /home/robousr/Robotica2025-2/robolab20252/ExamenParcial2/ros2_ws/install/scara_control/lib/python3.10/site-packages/scara_control/scara_test_py.py to scara_test_py.cpython-310.pyc
running install_data
creating /home/robousr/Robotica2025-2/robolab20252/ExamenParcial2/ros2_ws/install/scara_control/share/ament_index
creating /home/robousr/Robotica2025-2/robolab20252/ExamenParcial2/ros2_ws/install/scara_control/share/ament_index/resource_index
creating /home/robousr/Robotica2025-2/robolab20252/ExamenParcial2/ros2_ws/install/scara_control/share/ament_index/resource_index/packages
copying resource/scara_control -> /home/robousr/Robotica2025-2/robolab20252/ExamenParcial2/ros2_ws/install/scara_control/share/ament_index/resource_index/packages
copying package.xml -> /home/robousr/Robotica2025-2/robolab20252/ExamenParcial2/ros2_ws/install/scara_control/share/scara_control
creating /home/robousr/Robotica2025-2/robolab20252/ExamenParcial2/ros2_ws/install/scara_control/share/scara_control/config
copying config/scara_controllers.yaml -> /home/robousr/Robotica2025-2/robolab20252/ExamenParcial2/ros2_ws/install/scara_control/share/scara_control/config
creating /home/robousr/Robotica2025-2/robolab20252/ExamenParcial2/ros2_ws/install/scara_control/share/scara_control/launch
copying launch/execute_trajectory.launch.py -> /home/robousr/Robotica2025-2/robolab20252/ExamenParcial2/ros2_ws/install/scara_control/share/scara_control/launch
running install_egg_info
Copying ../../build/scara_control/scara_control.egg-info to /home/robousr/Robotica2025-2/robolab20252/ExamenParcial2/ros2_ws/install/scara_control/lib/python3.10/site-packages/scara_control-0.0.0-py3.10.egg-info
running install_scripts
Installing scara_tray_line script to /home/robousr/Robotica2025-2/robolab20252/ExamenParcial2/ros2_ws/install/scara_control/lib/scara_control
writing list of installed files to '/home/robousr/Robotica2025-2/robolab20252/ExamenParcial2/ros2_ws/build/scara_control/install.log'
