[0.011s] Invoking command in '/home/robousr/Robotica2025-2/robolab20252/Practica1/ros2_ws/build/practica_1': CMAKE_PREFIX_PATH=${CMAKE_PREFIX_PATH}:/opt/ros/humble /usr/bin/cmake --build /home/robousr/Robotica2025-2/robolab20252/Practica1/ros2_ws/build/practica_1 -- -j4 -l4
[0.068s] Invoked command in '/home/robousr/Robotica2025-2/robolab20252/Practica1/ros2_ws/build/practica_1' returned '0': CMAKE_PREFIX_PATH=${CMAKE_PREFIX_PATH}:/opt/ros/humble /usr/bin/cmake --build /home/robousr/Robotica2025-2/robolab20252/Practica1/ros2_ws/build/practica_1 -- -j4 -l4
[0.113s] Invoking command in '/home/robousr/Robotica2025-2/robolab20252/Practica1/ros2_ws/build/practica_1': CMAKE_PREFIX_PATH=${CMAKE_PREFIX_PATH}:/opt/ros/humble /usr/bin/cmake --install /home/robousr/Robotica2025-2/robolab20252/Practica1/ros2_ws/build/practica_1
[0.128s] -- Install configuration: ""
[0.128s] -- Up-to-date: /home/robousr/Robotica2025-2/robolab20252/Practica1/ros2_ws/install/practica_1/share/ament_index/resource_index/package_run_dependencies/practica_1
[0.128s] -- Up-to-date: /home/robousr/Robotica2025-2/robolab20252/Practica1/ros2_ws/install/practica_1/share/ament_index/resource_index/parent_prefix_path/practica_1
[0.128s] -- Up-to-date: /home/robousr/Robotica2025-2/robolab20252/Practica1/ros2_ws/install/practica_1/share/practica_1/environment/ament_prefix_path.sh
[0.129s] -- Up-to-date: /home/robousr/Robotica2025-2/robolab20252/Practica1/ros2_ws/install/practica_1/share/practica_1/environment/ament_prefix_path.dsv
[0.130s] -- Up-to-date: /home/robousr/Robotica2025-2/robolab20252/Practica1/ros2_ws/install/practica_1/share/practica_1/environment/path.sh
[0.130s] -- Up-to-date: /home/robousr/Robotica2025-2/robolab20252/Practica1/ros2_ws/install/practica_1/share/practica_1/environment/path.dsv
[0.130s] -- Up-to-date: /home/robousr/Robotica2025-2/robolab20252/Practica1/ros2_ws/install/practica_1/share/practica_1/local_setup.bash
[0.130s] -- Up-to-date: /home/robousr/Robotica2025-2/robolab20252/Practica1/ros2_ws/install/practica_1/share/practica_1/local_setup.sh
[0.130s] -- Up-to-date: /home/robousr/Robotica2025-2/robolab20252/Practica1/ros2_ws/install/practica_1/share/practica_1/local_setup.zsh
[0.130s] -- Up-to-date: /home/robousr/Robotica2025-2/robolab20252/Practica1/ros2_ws/install/practica_1/share/practica_1/local_setup.dsv
[0.130s] -- Up-to-date: /home/robousr/Robotica2025-2/robolab20252/Practica1/ros2_ws/install/practica_1/share/practica_1/package.dsv
[0.130s] -- Up-to-date: /home/robousr/Robotica2025-2/robolab20252/Practica1/ros2_ws/install/practica_1/share/ament_index/resource_index/packages/practica_1
[0.130s] -- Up-to-date: /home/robousr/Robotica2025-2/robolab20252/Practica1/ros2_ws/install/practica_1/share/practica_1/cmake/practica_1Config.cmake
[0.130s] -- Up-to-date: /home/robousr/Robotica2025-2/robolab20252/Practica1/ros2_ws/install/practica_1/share/practica_1/cmake/practica_1Config-version.cmake
[0.130s] -- Up-to-date: /home/robousr/Robotica2025-2/robolab20252/Practica1/ros2_ws/install/practica_1/share/practica_1/package.xml
[0.134s] Invoked command in '/home/robousr/Robotica2025-2/robolab20252/Practica1/ros2_ws/build/practica_1' returned '0': CMAKE_PREFIX_PATH=${CMAKE_PREFIX_PATH}:/opt/ros/humble /usr/bin/cmake --install /home/robousr/Robotica2025-2/robolab20252/Practica1/ros2_ws/build/practica_1
