[3.007s] Invoking command in '/home/robousr/Robotica2025-2/robolab20252/ExamenParcial2/ros2_ws/src/scara_control': PYTHONPATH=/home/robousr/Robotica2025-2/robolab20252/build/scara_control/prefix_override:/usr/lib/python3/dist-packages/colcon_core/task/python/colcon_distutils_commands:/home/robousr/Robotica2025-2/robolab20252/install/scara_control/lib/python3.10/site-packages:${PYTHONPATH} /usr/bin/python3 -W ignore:setup.py install is deprecated -W ignore:easy_install command is deprecated setup.py egg_info --egg-base ../../../../build/scara_control build --build-base /home/robousr/Robotica2025-2/robolab20252/build/scara_control/build install --record /home/robousr/Robotica2025-2/robolab20252/build/scara_control/install.log --single-version-externally-managed install_data
[3.689s] running egg_info
[3.690s] creating ../../../../build/scara_control/scara_control.egg-info
[3.691s] writing ../../../../build/scara_control/scara_control.egg-info/PKG-INFO
[3.692s] writing dependency_links to ../../../../build/scara_control/scara_control.egg-info/dependency_links.txt
[3.692s] writing entry points to ../../../../build/scara_control/scara_control.egg-info/entry_points.txt
[3.695s] writing requirements to ../../../../build/scara_control/scara_control.egg-info/requires.txt
[3.696s] writing top-level names to ../../../../build/scara_control/scara_control.egg-info/top_level.txt
[3.696s] writing manifest file '../../../../build/scara_control/scara_control.egg-info/SOURCES.txt'
[3.700s] reading manifest file '../../../../build/scara_control/scara_control.egg-info/SOURCES.txt'
[3.703s] writing manifest file '../../../../build/scara_control/scara_control.egg-info/SOURCES.txt'
[3.704s] running build
[3.704s] running build_py
[3.704s] creating /home/robousr/Robotica2025-2/robolab20252/build/scara_control/build
[3.704s] creating /home/robousr/Robotica2025-2/robolab20252/build/scara_control/build/lib
[3.704s] creating /home/robousr/Robotica2025-2/robolab20252/build/scara_control/build/lib/scara_control
[3.705s] copying scara_control/scara_tray_line_py.py -> /home/robousr/Robotica2025-2/robolab20252/build/scara_control/build/lib/scara_control
[3.705s] copying scara_control/__init__.py -> /home/robousr/Robotica2025-2/robolab20252/build/scara_control/build/lib/scara_control
[3.706s] copying scara_control/scara_test_py.py -> /home/robousr/Robotica2025-2/robolab20252/build/scara_control/build/lib/scara_control
[3.706s] running install
[3.707s] running install_lib
[3.708s] creating /home/robousr/Robotica2025-2/robolab20252/install/scara_control/lib/python3.10/site-packages/scara_control
[3.708s] copying /home/robousr/Robotica2025-2/robolab20252/build/scara_control/build/lib/scara_control/scara_tray_line_py.py -> /home/robousr/Robotica2025-2/robolab20252/install/scara_control/lib/python3.10/site-packages/scara_control
[3.709s] copying /home/robousr/Robotica2025-2/robolab20252/build/scara_control/build/lib/scara_control/__init__.py -> /home/robousr/Robotica2025-2/robolab20252/install/scara_control/lib/python3.10/site-packages/scara_control
[3.709s] copying /home/robousr/Robotica2025-2/robolab20252/build/scara_control/build/lib/scara_control/scara_test_py.py -> /home/robousr/Robotica2025-2/robolab20252/install/scara_control/lib/python3.10/site-packages/scara_control
[3.712s] byte-compiling /home/robousr/Robotica2025-2/robolab20252/install/scara_control/lib/python3.10/site-packages/scara_control/scara_tray_line_py.py to scara_tray_line_py.cpython-310.pyc
[3.715s] byte-compiling /home/robousr/Robotica2025-2/robolab20252/install/scara_control/lib/python3.10/site-packages/scara_control/__init__.py to __init__.cpython-310.pyc
[3.717s] byte-compiling /home/robousr/Robotica2025-2/robolab20252/install/scara_control/lib/python3.10/site-packages/scara_control/scara_test_py.py to scara_test_py.cpython-310.pyc
[3.718s] running install_data
[3.718s] creating /home/robousr/Robotica2025-2/robolab20252/install/scara_control/share/ament_index
[3.718s] creating /home/robousr/Robotica2025-2/robolab20252/install/scara_control/share/ament_index/resource_index
[3.719s] creating /home/robousr/Robotica2025-2/robolab20252/install/scara_control/share/ament_index/resource_index/packages
[3.719s] copying resource/scara_control -> /home/robousr/Robotica2025-2/robolab20252/install/scara_control/share/ament_index/resource_index/packages
[3.720s] copying package.xml -> /home/robousr/Robotica2025-2/robolab20252/install/scara_control/share/scara_control
[3.720s] creating /home/robousr/Robotica2025-2/robolab20252/install/scara_control/share/scara_control/config
[3.720s] copying config/scara_controllers.yaml -> /home/robousr/Robotica2025-2/robolab20252/install/scara_control/share/scara_control/config
[3.722s] creating /home/robousr/Robotica2025-2/robolab20252/install/scara_control/share/scara_control/launch
[3.723s] copying launch/execute_trajectory.launch.py -> /home/robousr/Robotica2025-2/robolab20252/install/scara_control/share/scara_control/launch
[3.723s] running install_egg_info
[3.730s] Copying ../../../../build/scara_control/scara_control.egg-info to /home/robousr/Robotica2025-2/robolab20252/install/scara_control/lib/python3.10/site-packages/scara_control-0.0.0-py3.10.egg-info
[3.734s] running install_scripts
[3.777s] Installing scara_tray_line script to /home/robousr/Robotica2025-2/robolab20252/install/scara_control/lib/scara_control
[3.778s] writing list of installed files to '/home/robousr/Robotica2025-2/robolab20252/build/scara_control/install.log'
[3.849s] Invoked command in '/home/robousr/Robotica2025-2/robolab20252/ExamenParcial2/ros2_ws/src/scara_control' returned '0': PYTHONPATH=/home/robousr/Robotica2025-2/robolab20252/build/scara_control/prefix_override:/usr/lib/python3/dist-packages/colcon_core/task/python/colcon_distutils_commands:/home/robousr/Robotica2025-2/robolab20252/install/scara_control/lib/python3.10/site-packages:${PYTHONPATH} /usr/bin/python3 -W ignore:setup.py install is deprecated -W ignore:easy_install command is deprecated setup.py egg_info --egg-base ../../../../build/scara_control build --build-base /home/robousr/Robotica2025-2/robolab20252/build/scara_control/build install --record /home/robousr/Robotica2025-2/robolab20252/build/scara_control/install.log --single-version-externally-managed install_data
