[0.053s] Invoking command in '/home/robousr/Robotica2025-2/robolab20252/ExamenParcial2/ros2_ws/build/scara_description': CMAKE_PREFIX_PATH=${CMAKE_PREFIX_PATH}:/home/robousr/Robotica2025-2/robolab20252/ExamenParcial2/ros2_ws/install/scara_bringup:/opt/ros/humble /usr/bin/cmake --build /home/robousr/Robotica2025-2/robolab20252/ExamenParcial2/ros2_ws/build/scara_description -- -j4 -l4
[0.481s] Invoked command in '/home/robousr/Robotica2025-2/robolab20252/ExamenParcial2/ros2_ws/build/scara_description' returned '0': CMAKE_PREFIX_PATH=${CMAKE_PREFIX_PATH}:/home/robousr/Robotica2025-2/robolab20252/ExamenParcial2/ros2_ws/install/scara_bringup:/opt/ros/humble /usr/bin/cmake --build /home/robousr/Robotica2025-2/robolab20252/ExamenParcial2/ros2_ws/build/scara_description -- -j4 -l4
[0.578s] Invoking command in '/home/robousr/Robotica2025-2/robolab20252/ExamenParcial2/ros2_ws/build/scara_description': CMAKE_PREFIX_PATH=${CMAKE_PREFIX_PATH}:/home/robousr/Robotica2025-2/robolab20252/ExamenParcial2/ros2_ws/install/scara_bringup:/opt/ros/humble /usr/bin/cmake --install /home/robousr/Robotica2025-2/robolab20252/ExamenParcial2/ros2_ws/build/scara_description
[0.616s] -- Install configuration: ""
[0.627s] -- Execute custom install script
[0.644s] -- Up-to-date symlink: /home/robousr/Robotica2025-2/robolab20252/ExamenParcial2/ros2_ws/install/scara_description/share/scara_description//launch/scara_display.launch.py
[0.648s] -- Up-to-date symlink: /home/robousr/Robotica2025-2/robolab20252/ExamenParcial2/ros2_ws/install/scara_description/share/scara_description//urdf/.ipynb_checkpoints/scara-checkpoint.urdf
[0.648s] -- Up-to-date symlink: /home/robousr/Robotica2025-2/robolab20252/ExamenParcial2/ros2_ws/install/scara_description/share/scara_description//urdf/.ipynb_checkpoints/scara_manual-checkpoint.urdf
[0.651s] -- Up-to-date symlink: /home/robousr/Robotica2025-2/robolab20252/ExamenParcial2/ros2_ws/install/scara_description/share/scara_description//urdf/meshes/base_link.stl
[0.651s] -- Up-to-date symlink: /home/robousr/Robotica2025-2/robolab20252/ExamenParcial2/ros2_ws/install/scara_description/share/scara_description//urdf/meshes/link11.stl
[0.651s] -- Up-to-date symlink: /home/robousr/Robotica2025-2/robolab20252/ExamenParcial2/ros2_ws/install/scara_description/share/scara_description//urdf/meshes/link21.stl
[0.651s] -- Up-to-date symlink: /home/robousr/Robotica2025-2/robolab20252/ExamenParcial2/ros2_ws/install/scara_description/share/scara_description//urdf/meshes/link31.stl
[0.651s] -- Up-to-date symlink: /home/robousr/Robotica2025-2/robolab20252/ExamenParcial2/ros2_ws/install/scara_description/share/scara_description//urdf/scara.urdf
[0.652s] -- Up-to-date symlink: /home/robousr/Robotica2025-2/robolab20252/ExamenParcial2/ros2_ws/install/scara_description/share/scara_description//urdf/scara_cad.urdf
[0.652s] -- Symlinking: /home/robousr/Robotica2025-2/robolab20252/ExamenParcial2/ros2_ws/install/scara_description/share/scara_description//urdf/scara_test.urdf
[0.676s] -- Up-to-date symlink: /home/robousr/Robotica2025-2/robolab20252/ExamenParcial2/ros2_ws/install/scara_description/share/scara_description//rviz/scara_rviz.rviz
[0.679s] -- Up-to-date symlink: /home/robousr/Robotica2025-2/robolab20252/ExamenParcial2/ros2_ws/install/scara_description/share/ament_index/resource_index/package_run_dependencies/scara_description
[0.681s] -- Up-to-date symlink: /home/robousr/Robotica2025-2/robolab20252/ExamenParcial2/ros2_ws/install/scara_description/share/ament_index/resource_index/parent_prefix_path/scara_description
[0.681s] -- Up-to-date symlink: /home/robousr/Robotica2025-2/robolab20252/ExamenParcial2/ros2_ws/install/scara_description/share/scara_description/environment/ament_prefix_path.sh
[0.682s] -- Up-to-date symlink: /home/robousr/Robotica2025-2/robolab20252/ExamenParcial2/ros2_ws/install/scara_description/share/scara_description/environment/ament_prefix_path.dsv
[0.682s] -- Up-to-date symlink: /home/robousr/Robotica2025-2/robolab20252/ExamenParcial2/ros2_ws/install/scara_description/share/scara_description/environment/path.sh
[0.682s] -- Up-to-date symlink: /home/robousr/Robotica2025-2/robolab20252/ExamenParcial2/ros2_ws/install/scara_description/share/scara_description/environment/path.dsv
[0.682s] -- Up-to-date symlink: /home/robousr/Robotica2025-2/robolab20252/ExamenParcial2/ros2_ws/install/scara_description/share/scara_description/local_setup.bash
[0.682s] -- Up-to-date symlink: /home/robousr/Robotica2025-2/robolab20252/ExamenParcial2/ros2_ws/install/scara_description/share/scara_description/local_setup.sh
[0.682s] -- Up-to-date symlink: /home/robousr/Robotica2025-2/robolab20252/ExamenParcial2/ros2_ws/install/scara_description/share/scara_description/local_setup.zsh
[0.682s] -- Up-to-date symlink: /home/robousr/Robotica2025-2/robolab20252/ExamenParcial2/ros2_ws/install/scara_description/share/scara_description/local_setup.dsv
[0.683s] -- Symlinking: /home/robousr/Robotica2025-2/robolab20252/ExamenParcial2/ros2_ws/install/scara_description/share/scara_description/package.dsv
[0.704s] -- Up-to-date symlink: /home/robousr/Robotica2025-2/robolab20252/ExamenParcial2/ros2_ws/install/scara_description/share/ament_index/resource_index/packages/scara_description
[0.707s] -- Up-to-date symlink: /home/robousr/Robotica2025-2/robolab20252/ExamenParcial2/ros2_ws/install/scara_description/share/scara_description/cmake/scara_descriptionConfig.cmake
[0.707s] -- Up-to-date symlink: /home/robousr/Robotica2025-2/robolab20252/ExamenParcial2/ros2_ws/install/scara_description/share/scara_description/cmake/scara_descriptionConfig-version.cmake
[0.707s] -- Up-to-date symlink: /home/robousr/Robotica2025-2/robolab20252/ExamenParcial2/ros2_ws/install/scara_description/share/scara_description/package.xml
[0.711s] Invoked command in '/home/robousr/Robotica2025-2/robolab20252/ExamenParcial2/ros2_ws/build/scara_description' returned '0': CMAKE_PREFIX_PATH=${CMAKE_PREFIX_PATH}:/home/robousr/Robotica2025-2/robolab20252/ExamenParcial2/ros2_ws/install/scara_bringup:/opt/ros/humble /usr/bin/cmake --install /home/robousr/Robotica2025-2/robolab20252/ExamenParcial2/ros2_ws/build/scara_description
