[0.847s] DEBUG:colcon:Command line arguments: ['/usr/bin/colcon', 'build', '--packages-select', 'scara_description', 'scara_control', 'scara_bringup']
[0.848s] DEBUG:colcon:Parsed command line arguments: Namespace(log_base=None, log_level=None, verb_name='build', build_base='build', install_base='install', merge_install=False, symlink_install=False, test_result_base=None, continue_on_error=False, executor='parallel', parallel_workers=4, event_handlers=None, ignore_user_meta=False, metas=['./colcon.meta'], base_paths=['.'], packages_ignore=None, packages_ignore_regex=None, paths=None, packages_up_to=None, packages_up_to_regex=None, packages_above=None, packages_above_and_dependencies=None, packages_above_depth=None, packages_select_by_dep=None, packages_skip_by_dep=None, packages_skip_up_to=None, packages_select_build_failed=False, packages_skip_build_finished=False, packages_select_test_failures=False, packages_skip_test_passed=False, packages_select=['scara_description', 'scara_control', 'scara_bringup'], packages_skip=None, packages_select_regex=None, packages_skip_regex=None, packages_start=None, packages_end=None, allow_overriding=[], cmake_args=None, cmake_target=None, cmake_target_skip_unavailable=False, cmake_clean_cache=False, cmake_clean_first=False, cmake_force_configure=False, ament_cmake_args=None, catkin_cmake_args=None, catkin_skip_building_tests=False, mixin_files=None, mixin=None, verb_parser=<colcon_mixin.mixin.mixin_argument.MixinArgumentDecorator object at 0x7e9a182943a0>, verb_extension=<colcon_core.verb.build.BuildVerb object at 0x7e9a1825be20>, main=<bound method BuildVerb.main of <colcon_core.verb.build.BuildVerb object at 0x7e9a1825be20>>, mixin_verb=('build',))
[2.134s] Level 1:colcon.colcon_core.package_discovery:discover_packages(colcon_meta) check parameters
[2.135s] Level 1:colcon.colcon_core.package_discovery:discover_packages(recursive) check parameters
[2.135s] Level 1:colcon.colcon_core.package_discovery:discover_packages(ignore) check parameters
[2.136s] Level 1:colcon.colcon_core.package_discovery:discover_packages(path) check parameters
[2.136s] Level 1:colcon.colcon_core.package_discovery:discover_packages(colcon_meta) discover
[2.136s] Level 1:colcon.colcon_core.package_discovery:discover_packages(recursive) discover
[2.136s] INFO:colcon.colcon_core.package_discovery:Crawling recursively for packages in '/home/robousr/Robotica2025-2/robolab20252/ExamenParcial2/ros2_ws'
[2.136s] Level 1:colcon.colcon_core.package_identification:_identify(.) by extensions ['ignore', 'ignore_ament_install']
[2.138s] Level 1:colcon.colcon_core.package_identification:_identify(.) by extension 'ignore'
[2.138s] Level 1:colcon.colcon_core.package_identification:_identify(.) by extension 'ignore_ament_install'
[2.138s] Level 1:colcon.colcon_core.package_identification:_identify(.) by extensions ['colcon_pkg']
[2.138s] Level 1:colcon.colcon_core.package_identification:_identify(.) by extension 'colcon_pkg'
[2.138s] Level 1:colcon.colcon_core.package_identification:_identify(.) by extensions ['colcon_meta']
[2.138s] Level 1:colcon.colcon_core.package_identification:_identify(.) by extension 'colcon_meta'
[2.138s] Level 1:colcon.colcon_core.package_identification:_identify(.) by extensions ['ros']
[2.139s] Level 1:colcon.colcon_core.package_identification:_identify(.) by extension 'ros'
[2.296s] Level 1:colcon.colcon_core.package_identification:_identify(.) by extensions ['cmake', 'python']
[2.297s] Level 1:colcon.colcon_core.package_identification:_identify(.) by extension 'cmake'
[2.297s] Level 1:colcon.colcon_core.package_identification:_identify(.) by extension 'python'
[2.297s] Level 1:colcon.colcon_core.package_identification:_identify(.) by extensions ['python_setup_py']
[2.297s] Level 1:colcon.colcon_core.package_identification:_identify(.) by extension 'python_setup_py'
[2.298s] Level 1:colcon.colcon_core.package_identification:_identify(build) by extensions ['ignore', 'ignore_ament_install']
[2.298s] Level 1:colcon.colcon_core.package_identification:_identify(build) by extension 'ignore'
[2.298s] Level 1:colcon.colcon_core.package_identification:_identify(build) ignored
[2.299s] Level 1:colcon.colcon_core.package_identification:_identify(install) by extensions ['ignore', 'ignore_ament_install']
[2.299s] Level 1:colcon.colcon_core.package_identification:_identify(install) by extension 'ignore'
[2.299s] Level 1:colcon.colcon_core.package_identification:_identify(install) ignored
[2.299s] Level 1:colcon.colcon_core.package_identification:_identify(log) by extensions ['ignore', 'ignore_ament_install']
[2.300s] Level 1:colcon.colcon_core.package_identification:_identify(log) by extension 'ignore'
[2.300s] Level 1:colcon.colcon_core.package_identification:_identify(log) ignored
[2.301s] Level 1:colcon.colcon_core.package_identification:_identify(src) by extensions ['ignore', 'ignore_ament_install']
[2.301s] Level 1:colcon.colcon_core.package_identification:_identify(src) by extension 'ignore'
[2.301s] Level 1:colcon.colcon_core.package_identification:_identify(src) by extension 'ignore_ament_install'
[2.301s] Level 1:colcon.colcon_core.package_identification:_identify(src) by extensions ['colcon_pkg']
[2.302s] Level 1:colcon.colcon_core.package_identification:_identify(src) by extension 'colcon_pkg'
[2.302s] Level 1:colcon.colcon_core.package_identification:_identify(src) by extensions ['colcon_meta']
[2.302s] Level 1:colcon.colcon_core.package_identification:_identify(src) by extension 'colcon_meta'
[2.302s] Level 1:colcon.colcon_core.package_identification:_identify(src) by extensions ['ros']
[2.302s] Level 1:colcon.colcon_core.package_identification:_identify(src) by extension 'ros'
[2.302s] Level 1:colcon.colcon_core.package_identification:_identify(src) by extensions ['cmake', 'python']
[2.303s] Level 1:colcon.colcon_core.package_identification:_identify(src) by extension 'cmake'
[2.303s] Level 1:colcon.colcon_core.package_identification:_identify(src) by extension 'python'
[2.303s] Level 1:colcon.colcon_core.package_identification:_identify(src) by extensions ['python_setup_py']
[2.303s] Level 1:colcon.colcon_core.package_identification:_identify(src) by extension 'python_setup_py'
[2.304s] Level 1:colcon.colcon_core.package_identification:_identify(src/scara_bringup) by extensions ['ignore', 'ignore_ament_install']
[2.304s] Level 1:colcon.colcon_core.package_identification:_identify(src/scara_bringup) by extension 'ignore'
[2.304s] Level 1:colcon.colcon_core.package_identification:_identify(src/scara_bringup) by extension 'ignore_ament_install'
[2.304s] Level 1:colcon.colcon_core.package_identification:_identify(src/scara_bringup) by extensions ['colcon_pkg']
[2.304s] Level 1:colcon.colcon_core.package_identification:_identify(src/scara_bringup) by extension 'colcon_pkg'
[2.304s] Level 1:colcon.colcon_core.package_identification:_identify(src/scara_bringup) by extensions ['colcon_meta']
[2.304s] Level 1:colcon.colcon_core.package_identification:_identify(src/scara_bringup) by extension 'colcon_meta'
[2.305s] Level 1:colcon.colcon_core.package_identification:_identify(src/scara_bringup) by extensions ['ros']
[2.305s] Level 1:colcon.colcon_core.package_identification:_identify(src/scara_bringup) by extension 'ros'
[2.318s] DEBUG:colcon.colcon_core.package_identification:Package 'src/scara_bringup' with type 'ros.ament_python' and name 'scara_bringup'
[2.319s] Level 1:colcon.colcon_core.package_identification:_identify(src/scara_control) by extensions ['ignore', 'ignore_ament_install']
[2.319s] Level 1:colcon.colcon_core.package_identification:_identify(src/scara_control) by extension 'ignore'
[2.319s] Level 1:colcon.colcon_core.package_identification:_identify(src/scara_control) by extension 'ignore_ament_install'
[2.319s] Level 1:colcon.colcon_core.package_identification:_identify(src/scara_control) by extensions ['colcon_pkg']
[2.320s] Level 1:colcon.colcon_core.package_identification:_identify(src/scara_control) by extension 'colcon_pkg'
[2.320s] Level 1:colcon.colcon_core.package_identification:_identify(src/scara_control) by extensions ['colcon_meta']
[2.320s] Level 1:colcon.colcon_core.package_identification:_identify(src/scara_control) by extension 'colcon_meta'
[2.320s] Level 1:colcon.colcon_core.package_identification:_identify(src/scara_control) by extensions ['ros']
[2.320s] Level 1:colcon.colcon_core.package_identification:_identify(src/scara_control) by extension 'ros'
[2.322s] DEBUG:colcon.colcon_core.package_identification:Package 'src/scara_control' with type 'ros.ament_python' and name 'scara_control'
[2.322s] Level 1:colcon.colcon_core.package_identification:_identify(src/scara_description) by extensions ['ignore', 'ignore_ament_install']
[2.323s] Level 1:colcon.colcon_core.package_identification:_identify(src/scara_description) by extension 'ignore'
[2.323s] Level 1:colcon.colcon_core.package_identification:_identify(src/scara_description) by extension 'ignore_ament_install'
[2.323s] Level 1:colcon.colcon_core.package_identification:_identify(src/scara_description) by extensions ['colcon_pkg']
[2.324s] Level 1:colcon.colcon_core.package_identification:_identify(src/scara_description) by extension 'colcon_pkg'
[2.324s] Level 1:colcon.colcon_core.package_identification:_identify(src/scara_description) by extensions ['colcon_meta']
[2.324s] Level 1:colcon.colcon_core.package_identification:_identify(src/scara_description) by extension 'colcon_meta'
[2.324s] Level 1:colcon.colcon_core.package_identification:_identify(src/scara_description) by extensions ['ros']
[2.324s] Level 1:colcon.colcon_core.package_identification:_identify(src/scara_description) by extension 'ros'
[2.327s] DEBUG:colcon.colcon_core.package_identification:Package 'src/scara_description' with type 'ros.ament_cmake' and name 'scara_description'
[2.327s] Level 1:colcon.colcon_core.package_discovery:discover_packages(recursive) using defaults
[2.327s] Level 1:colcon.colcon_core.package_discovery:discover_packages(ignore) discover
[2.328s] Level 1:colcon.colcon_core.package_discovery:discover_packages(ignore) using defaults
[2.328s] Level 1:colcon.colcon_core.package_discovery:discover_packages(path) discover
[2.328s] Level 1:colcon.colcon_core.package_discovery:discover_packages(path) using defaults
[2.447s] Level 1:colcon.colcon_core.package_discovery:discover_packages(prefix_path) check parameters
[2.447s] Level 1:colcon.colcon_core.package_discovery:discover_packages(prefix_path) discover
[2.458s] DEBUG:colcon.colcon_installed_package_information.package_discovery:Found 3 installed packages in /home/robousr/Robotica2025-2/robolab20252/ExamenParcial2/ros2_ws/install
[2.460s] DEBUG:colcon.colcon_installed_package_information.package_discovery:Found 3 installed packages in /home/robousr/Robotica2025-2/robolab20252/install
[2.468s] DEBUG:colcon.colcon_installed_package_information.package_discovery:Found 331 installed packages in /opt/ros/humble
[2.473s] Level 1:colcon.colcon_core.package_discovery:discover_packages(prefix_path) using defaults
[2.803s] Level 5:colcon.colcon_core.verb:set package 'scara_bringup' build argument 'cmake_args' from command line to 'None'
[2.803s] Level 5:colcon.colcon_core.verb:set package 'scara_bringup' build argument 'cmake_target' from command line to 'None'
[2.804s] Level 5:colcon.colcon_core.verb:set package 'scara_bringup' build argument 'cmake_target_skip_unavailable' from command line to 'False'
[2.804s] Level 5:colcon.colcon_core.verb:set package 'scara_bringup' build argument 'cmake_clean_cache' from command line to 'False'
[2.804s] Level 5:colcon.colcon_core.verb:set package 'scara_bringup' build argument 'cmake_clean_first' from command line to 'False'
[2.804s] Level 5:colcon.colcon_core.verb:set package 'scara_bringup' build argument 'cmake_force_configure' from command line to 'False'
[2.804s] Level 5:colcon.colcon_core.verb:set package 'scara_bringup' build argument 'ament_cmake_args' from command line to 'None'
[2.804s] Level 5:colcon.colcon_core.verb:set package 'scara_bringup' build argument 'catkin_cmake_args' from command line to 'None'
[2.804s] Level 5:colcon.colcon_core.verb:set package 'scara_bringup' build argument 'catkin_skip_building_tests' from command line to 'False'
[2.804s] DEBUG:colcon.colcon_core.verb:Building package 'scara_bringup' with the following arguments: {'ament_cmake_args': None, 'build_base': '/home/robousr/Robotica2025-2/robolab20252/ExamenParcial2/ros2_ws/build/scara_bringup', 'catkin_cmake_args': None, 'catkin_skip_building_tests': False, 'cmake_args': None, 'cmake_clean_cache': False, 'cmake_clean_first': False, 'cmake_force_configure': False, 'cmake_target': None, 'cmake_target_skip_unavailable': False, 'install_base': '/home/robousr/Robotica2025-2/robolab20252/ExamenParcial2/ros2_ws/install/scara_bringup', 'merge_install': False, 'path': '/home/robousr/Robotica2025-2/robolab20252/ExamenParcial2/ros2_ws/src/scara_bringup', 'symlink_install': False, 'test_result_base': None}
[2.805s] Level 5:colcon.colcon_core.verb:set package 'scara_control' build argument 'cmake_args' from command line to 'None'
[2.805s] Level 5:colcon.colcon_core.verb:set package 'scara_control' build argument 'cmake_target' from command line to 'None'
[2.805s] Level 5:colcon.colcon_core.verb:set package 'scara_control' build argument 'cmake_target_skip_unavailable' from command line to 'False'
[2.805s] Level 5:colcon.colcon_core.verb:set package 'scara_control' build argument 'cmake_clean_cache' from command line to 'False'
[2.805s] Level 5:colcon.colcon_core.verb:set package 'scara_control' build argument 'cmake_clean_first' from command line to 'False'
[2.805s] Level 5:colcon.colcon_core.verb:set package 'scara_control' build argument 'cmake_force_configure' from command line to 'False'
[2.805s] Level 5:colcon.colcon_core.verb:set package 'scara_control' build argument 'ament_cmake_args' from command line to 'None'
[2.805s] Level 5:colcon.colcon_core.verb:set package 'scara_control' build argument 'catkin_cmake_args' from command line to 'None'
[2.805s] Level 5:colcon.colcon_core.verb:set package 'scara_control' build argument 'catkin_skip_building_tests' from command line to 'False'
[2.805s] DEBUG:colcon.colcon_core.verb:Building package 'scara_control' with the following arguments: {'ament_cmake_args': None, 'build_base': '/home/robousr/Robotica2025-2/robolab20252/ExamenParcial2/ros2_ws/build/scara_control', 'catkin_cmake_args': None, 'catkin_skip_building_tests': False, 'cmake_args': None, 'cmake_clean_cache': False, 'cmake_clean_first': False, 'cmake_force_configure': False, 'cmake_target': None, 'cmake_target_skip_unavailable': False, 'install_base': '/home/robousr/Robotica2025-2/robolab20252/ExamenParcial2/ros2_ws/install/scara_control', 'merge_install': False, 'path': '/home/robousr/Robotica2025-2/robolab20252/ExamenParcial2/ros2_ws/src/scara_control', 'symlink_install': False, 'test_result_base': None}
[2.806s] Level 5:colcon.colcon_core.verb:set package 'scara_description' build argument 'cmake_args' from command line to 'None'
[2.807s] Level 5:colcon.colcon_core.verb:set package 'scara_description' build argument 'cmake_target' from command line to 'None'
[2.807s] Level 5:colcon.colcon_core.verb:set package 'scara_description' build argument 'cmake_target_skip_unavailable' from command line to 'False'
[2.807s] Level 5:colcon.colcon_core.verb:set package 'scara_description' build argument 'cmake_clean_cache' from command line to 'False'
[2.807s] Level 5:colcon.colcon_core.verb:set package 'scara_description' build argument 'cmake_clean_first' from command line to 'False'
[2.808s] Level 5:colcon.colcon_core.verb:set package 'scara_description' build argument 'cmake_force_configure' from command line to 'False'
[2.808s] Level 5:colcon.colcon_core.verb:set package 'scara_description' build argument 'ament_cmake_args' from command line to 'None'
[2.808s] Level 5:colcon.colcon_core.verb:set package 'scara_description' build argument 'catkin_cmake_args' from command line to 'None'
[2.808s] Level 5:colcon.colcon_core.verb:set package 'scara_description' build argument 'catkin_skip_building_tests' from command line to 'False'
[2.808s] DEBUG:colcon.colcon_core.verb:Building package 'scara_description' with the following arguments: {'ament_cmake_args': None, 'build_base': '/home/robousr/Robotica2025-2/robolab20252/ExamenParcial2/ros2_ws/build/scara_description', 'catkin_cmake_args': None, 'catkin_skip_building_tests': False, 'cmake_args': None, 'cmake_clean_cache': False, 'cmake_clean_first': False, 'cmake_force_configure': False, 'cmake_target': None, 'cmake_target_skip_unavailable': False, 'install_base': '/home/robousr/Robotica2025-2/robolab20252/ExamenParcial2/ros2_ws/install/scara_description', 'merge_install': False, 'path': '/home/robousr/Robotica2025-2/robolab20252/ExamenParcial2/ros2_ws/src/scara_description', 'symlink_install': False, 'test_result_base': None}
[2.808s] INFO:colcon.colcon_core.executor:Executing jobs using 'parallel' executor
[2.812s] DEBUG:colcon.colcon_parallel_executor.executor.parallel:run_until_complete
[2.813s] INFO:colcon.colcon_ros.task.ament_python.build:Building ROS package in '/home/robousr/Robotica2025-2/robolab20252/ExamenParcial2/ros2_ws/src/scara_bringup' with build type 'ament_python'
[2.814s] Level 1:colcon.colcon_core.shell:create_environment_hook('scara_bringup', 'ament_prefix_path')
[2.825s] INFO:colcon.colcon_core.plugin_system:Skipping extension 'colcon_core.shell.bat': Not used on non-Windows systems
[2.826s] INFO:colcon.colcon_core.shell:Creating environment hook '/home/robousr/Robotica2025-2/robolab20252/ExamenParcial2/ros2_ws/install/scara_bringup/share/scara_bringup/hook/ament_prefix_path.ps1'
[2.829s] INFO:colcon.colcon_core.shell:Creating environment descriptor '/home/robousr/Robotica2025-2/robolab20252/ExamenParcial2/ros2_ws/install/scara_bringup/share/scara_bringup/hook/ament_prefix_path.dsv'
[2.831s] INFO:colcon.colcon_core.shell:Creating environment hook '/home/robousr/Robotica2025-2/robolab20252/ExamenParcial2/ros2_ws/install/scara_bringup/share/scara_bringup/hook/ament_prefix_path.sh'
[2.834s] INFO:colcon.colcon_core.shell:Skip shell extension 'powershell' for command environment: Not usable outside of PowerShell
[2.834s] DEBUG:colcon.colcon_core.shell:Skip shell extension 'dsv' for command environment
[2.847s] INFO:colcon.colcon_ros.task.ament_python.build:Building ROS package in '/home/robousr/Robotica2025-2/robolab20252/ExamenParcial2/ros2_ws/src/scara_control' with build type 'ament_python'
[2.847s] Level 1:colcon.colcon_core.shell:create_environment_hook('scara_control', 'ament_prefix_path')
[2.848s] INFO:colcon.colcon_core.shell:Creating environment hook '/home/robousr/Robotica2025-2/robolab20252/ExamenParcial2/ros2_ws/install/scara_control/share/scara_control/hook/ament_prefix_path.ps1'
[2.850s] INFO:colcon.colcon_core.shell:Creating environment descriptor '/home/robousr/Robotica2025-2/robolab20252/ExamenParcial2/ros2_ws/install/scara_control/share/scara_control/hook/ament_prefix_path.dsv'
[2.852s] INFO:colcon.colcon_core.shell:Creating environment hook '/home/robousr/Robotica2025-2/robolab20252/ExamenParcial2/ros2_ws/install/scara_control/share/scara_control/hook/ament_prefix_path.sh'
[2.855s] INFO:colcon.colcon_core.shell:Skip shell extension 'powershell' for command environment: Not usable outside of PowerShell
[2.855s] DEBUG:colcon.colcon_core.shell:Skip shell extension 'dsv' for command environment
[2.871s] INFO:colcon.colcon_ros.task.ament_cmake.build:Building ROS package in '/home/robousr/Robotica2025-2/robolab20252/ExamenParcial2/ros2_ws/src/scara_description' with build type 'ament_cmake'
[2.871s] INFO:colcon.colcon_cmake.task.cmake.build:Building CMake package in '/home/robousr/Robotica2025-2/robolab20252/ExamenParcial2/ros2_ws/src/scara_description'
[2.872s] INFO:colcon.colcon_core.shell:Skip shell extension 'powershell' for command environment: Not usable outside of PowerShell
[2.873s] DEBUG:colcon.colcon_core.shell:Skip shell extension 'dsv' for command environment
[3.993s] INFO:colcon.colcon_core.task.python.build:Building Python package in '/home/robousr/Robotica2025-2/robolab20252/ExamenParcial2/ros2_ws/src/scara_bringup'
[3.994s] INFO:colcon.colcon_core.shell:Skip shell extension 'powershell' for command environment: Not usable outside of PowerShell
[3.995s] DEBUG:colcon.colcon_core.shell:Skip shell extension 'dsv' for command environment
[4.932s] INFO:colcon.colcon_core.task.python.build:Building Python package in '/home/robousr/Robotica2025-2/robolab20252/ExamenParcial2/ros2_ws/src/scara_control'
[4.933s] INFO:colcon.colcon_core.shell:Skip shell extension 'powershell' for command environment: Not usable outside of PowerShell
[4.934s] DEBUG:colcon.colcon_core.shell:Skip shell extension 'dsv' for command environment
[4.982s] DEBUG:colcon.colcon_core.event_handler.log_command:Invoking command in '/home/robousr/Robotica2025-2/robolab20252/ExamenParcial2/ros2_ws/build/scara_description': CMAKE_PREFIX_PATH=${CMAKE_PREFIX_PATH}:/home/robousr/Robotica2025-2/robolab20252/ExamenParcial2/ros2_ws/install/scara_control:/home/robousr/Robotica2025-2/robolab20252/ExamenParcial2/ros2_ws/install/scara_bringup:/home/robousr/Robotica2025-2/robolab20252/install/scara_control:/home/robousr/Robotica2025-2/robolab20252/install/scara_bringup:/opt/ros/humble /usr/bin/cmake --build /home/robousr/Robotica2025-2/robolab20252/ExamenParcial2/ros2_ws/build/scara_description -- -j4 -l4
[5.467s] DEBUG:colcon.colcon_core.event_handler.log_command:Invoked command in '/home/robousr/Robotica2025-2/robolab20252/ExamenParcial2/ros2_ws/build/scara_description' returned '0': CMAKE_PREFIX_PATH=${CMAKE_PREFIX_PATH}:/home/robousr/Robotica2025-2/robolab20252/ExamenParcial2/ros2_ws/install/scara_control:/home/robousr/Robotica2025-2/robolab20252/ExamenParcial2/ros2_ws/install/scara_bringup:/home/robousr/Robotica2025-2/robolab20252/install/scara_control:/home/robousr/Robotica2025-2/robolab20252/install/scara_bringup:/opt/ros/humble /usr/bin/cmake --build /home/robousr/Robotica2025-2/robolab20252/ExamenParcial2/ros2_ws/build/scara_description -- -j4 -l4
[5.642s] DEBUG:colcon.colcon_core.event_handler.log_command:Invoking command in '/home/robousr/Robotica2025-2/robolab20252/ExamenParcial2/ros2_ws/build/scara_description': CMAKE_PREFIX_PATH=${CMAKE_PREFIX_PATH}:/home/robousr/Robotica2025-2/robolab20252/ExamenParcial2/ros2_ws/install/scara_control:/home/robousr/Robotica2025-2/robolab20252/ExamenParcial2/ros2_ws/install/scara_bringup:/home/robousr/Robotica2025-2/robolab20252/install/scara_control:/home/robousr/Robotica2025-2/robolab20252/install/scara_bringup:/opt/ros/humble /usr/bin/cmake --install /home/robousr/Robotica2025-2/robolab20252/ExamenParcial2/ros2_ws/build/scara_description
[5.731s] Level 1:colcon.colcon_core.environment:create_environment_scripts_only(scara_description)
[5.755s] DEBUG:colcon.colcon_core.event_handler.log_command:Invoked command in '/home/robousr/Robotica2025-2/robolab20252/ExamenParcial2/ros2_ws/build/scara_description' returned '0': CMAKE_PREFIX_PATH=${CMAKE_PREFIX_PATH}:/home/robousr/Robotica2025-2/robolab20252/ExamenParcial2/ros2_ws/install/scara_control:/home/robousr/Robotica2025-2/robolab20252/ExamenParcial2/ros2_ws/install/scara_bringup:/home/robousr/Robotica2025-2/robolab20252/install/scara_control:/home/robousr/Robotica2025-2/robolab20252/install/scara_bringup:/opt/ros/humble /usr/bin/cmake --install /home/robousr/Robotica2025-2/robolab20252/ExamenParcial2/ros2_ws/build/scara_description
[5.787s] Level 1:colcon.colcon_core.environment:checking '/home/robousr/Robotica2025-2/robolab20252/ExamenParcial2/ros2_ws/install/scara_description' for CMake module files
[5.788s] Level 1:colcon.colcon_core.environment:checking '/home/robousr/Robotica2025-2/robolab20252/ExamenParcial2/ros2_ws/install/scara_description' for CMake config files
[5.789s] Level 1:colcon.colcon_core.shell:create_environment_hook('scara_description', 'cmake_prefix_path')
[5.790s] INFO:colcon.colcon_core.shell:Creating environment hook '/home/robousr/Robotica2025-2/robolab20252/ExamenParcial2/ros2_ws/install/scara_description/share/scara_description/hook/cmake_prefix_path.ps1'
[5.794s] INFO:colcon.colcon_core.shell:Creating environment descriptor '/home/robousr/Robotica2025-2/robolab20252/ExamenParcial2/ros2_ws/install/scara_description/share/scara_description/hook/cmake_prefix_path.dsv'
[5.799s] INFO:colcon.colcon_core.shell:Creating environment hook '/home/robousr/Robotica2025-2/robolab20252/ExamenParcial2/ros2_ws/install/scara_description/share/scara_description/hook/cmake_prefix_path.sh'
[5.804s] Level 1:colcon.colcon_core.environment:checking '/home/robousr/Robotica2025-2/robolab20252/ExamenParcial2/ros2_ws/install/scara_description/bin'
[5.805s] Level 1:colcon.colcon_core.environment:checking '/home/robousr/Robotica2025-2/robolab20252/ExamenParcial2/ros2_ws/install/scara_description/lib/pkgconfig/scara_description.pc'
[5.805s] Level 1:colcon.colcon_core.environment:checking '/home/robousr/Robotica2025-2/robolab20252/ExamenParcial2/ros2_ws/install/scara_description/lib/python3.10/site-packages'
[5.806s] Level 1:colcon.colcon_core.environment:checking '/home/robousr/Robotica2025-2/robolab20252/ExamenParcial2/ros2_ws/install/scara_description/bin'
[5.808s] INFO:colcon.colcon_core.shell:Creating package script '/home/robousr/Robotica2025-2/robolab20252/ExamenParcial2/ros2_ws/install/scara_description/share/scara_description/package.ps1'
[5.816s] INFO:colcon.colcon_core.shell:Creating package descriptor '/home/robousr/Robotica2025-2/robolab20252/ExamenParcial2/ros2_ws/install/scara_description/share/scara_description/package.dsv'
[5.818s] INFO:colcon.colcon_core.shell:Creating package script '/home/robousr/Robotica2025-2/robolab20252/ExamenParcial2/ros2_ws/install/scara_description/share/scara_description/package.sh'
[5.822s] INFO:colcon.colcon_core.shell:Creating package script '/home/robousr/Robotica2025-2/robolab20252/ExamenParcial2/ros2_ws/install/scara_description/share/scara_description/package.bash'
[5.825s] INFO:colcon.colcon_core.shell:Creating package script '/home/robousr/Robotica2025-2/robolab20252/ExamenParcial2/ros2_ws/install/scara_description/share/scara_description/package.zsh'
[5.828s] Level 1:colcon.colcon_core.environment:create_file_with_runtime_dependencies(/home/robousr/Robotica2025-2/robolab20252/ExamenParcial2/ros2_ws/install/scara_description/share/colcon-core/packages/scara_description)
[5.830s] Level 1:colcon.colcon_core.environment:create_environment_scripts_only(scara_description)
[5.830s] Level 1:colcon.colcon_core.environment:checking '/home/robousr/Robotica2025-2/robolab20252/ExamenParcial2/ros2_ws/install/scara_description' for CMake module files
[5.832s] Level 1:colcon.colcon_core.environment:checking '/home/robousr/Robotica2025-2/robolab20252/ExamenParcial2/ros2_ws/install/scara_description' for CMake config files
[5.832s] Level 1:colcon.colcon_core.shell:create_environment_hook('scara_description', 'cmake_prefix_path')
[5.833s] INFO:colcon.colcon_core.shell:Creating environment hook '/home/robousr/Robotica2025-2/robolab20252/ExamenParcial2/ros2_ws/install/scara_description/share/scara_description/hook/cmake_prefix_path.ps1'
[5.835s] INFO:colcon.colcon_core.shell:Creating environment descriptor '/home/robousr/Robotica2025-2/robolab20252/ExamenParcial2/ros2_ws/install/scara_description/share/scara_description/hook/cmake_prefix_path.dsv'
[5.836s] INFO:colcon.colcon_core.shell:Creating environment hook '/home/robousr/Robotica2025-2/robolab20252/ExamenParcial2/ros2_ws/install/scara_description/share/scara_description/hook/cmake_prefix_path.sh'
[5.839s] Level 1:colcon.colcon_core.environment:checking '/home/robousr/Robotica2025-2/robolab20252/ExamenParcial2/ros2_ws/install/scara_description/bin'
[5.839s] Level 1:colcon.colcon_core.environment:checking '/home/robousr/Robotica2025-2/robolab20252/ExamenParcial2/ros2_ws/install/scara_description/lib/pkgconfig/scara_description.pc'
[5.840s] Level 1:colcon.colcon_core.environment:checking '/home/robousr/Robotica2025-2/robolab20252/ExamenParcial2/ros2_ws/install/scara_description/lib/python3.10/site-packages'
[5.841s] Level 1:colcon.colcon_core.environment:checking '/home/robousr/Robotica2025-2/robolab20252/ExamenParcial2/ros2_ws/install/scara_description/bin'
[5.842s] INFO:colcon.colcon_core.shell:Creating package script '/home/robousr/Robotica2025-2/robolab20252/ExamenParcial2/ros2_ws/install/scara_description/share/scara_description/package.ps1'
[5.845s] INFO:colcon.colcon_core.shell:Creating package descriptor '/home/robousr/Robotica2025-2/robolab20252/ExamenParcial2/ros2_ws/install/scara_description/share/scara_description/package.dsv'
[5.847s] INFO:colcon.colcon_core.shell:Creating package script '/home/robousr/Robotica2025-2/robolab20252/ExamenParcial2/ros2_ws/install/scara_description/share/scara_description/package.sh'
[5.849s] INFO:colcon.colcon_core.shell:Creating package script '/home/robousr/Robotica2025-2/robolab20252/ExamenParcial2/ros2_ws/install/scara_description/share/scara_description/package.bash'
[5.850s] INFO:colcon.colcon_core.shell:Creating package script '/home/robousr/Robotica2025-2/robolab20252/ExamenParcial2/ros2_ws/install/scara_description/share/scara_description/package.zsh'
[5.852s] Level 1:colcon.colcon_core.environment:create_file_with_runtime_dependencies(/home/robousr/Robotica2025-2/robolab20252/ExamenParcial2/ros2_ws/install/scara_description/share/colcon-core/packages/scara_description)
[6.937s] DEBUG:colcon.colcon_core.event_handler.log_command:Invoking command in '/home/robousr/Robotica2025-2/robolab20252/ExamenParcial2/ros2_ws/src/scara_control': PYTHONPATH=/home/robousr/Robotica2025-2/robolab20252/ExamenParcial2/ros2_ws/build/scara_control/prefix_override:/usr/lib/python3/dist-packages/colcon_core/task/python/colcon_distutils_commands:/home/robousr/Robotica2025-2/robolab20252/ExamenParcial2/ros2_ws/install/scara_control/lib/python3.10/site-packages:${PYTHONPATH} /usr/bin/python3 -W ignore:setup.py install is deprecated -W ignore:easy_install command is deprecated setup.py egg_info --egg-base ../../build/scara_control build --build-base /home/robousr/Robotica2025-2/robolab20252/ExamenParcial2/ros2_ws/build/scara_control/build install --record /home/robousr/Robotica2025-2/robolab20252/ExamenParcial2/ros2_ws/build/scara_control/install.log --single-version-externally-managed install_data
[6.948s] DEBUG:colcon.colcon_core.event_handler.log_command:Invoking command in '/home/robousr/Robotica2025-2/robolab20252/ExamenParcial2/ros2_ws/src/scara_bringup': PYTHONPATH=/home/robousr/Robotica2025-2/robolab20252/ExamenParcial2/ros2_ws/build/scara_bringup/prefix_override:/usr/lib/python3/dist-packages/colcon_core/task/python/colcon_distutils_commands:/home/robousr/Robotica2025-2/robolab20252/ExamenParcial2/ros2_ws/install/scara_bringup/lib/python3.10/site-packages:${PYTHONPATH} /usr/bin/python3 -W ignore:setup.py install is deprecated -W ignore:easy_install command is deprecated setup.py egg_info --egg-base ../../build/scara_bringup build --build-base /home/robousr/Robotica2025-2/robolab20252/ExamenParcial2/ros2_ws/build/scara_bringup/build install --record /home/robousr/Robotica2025-2/robolab20252/ExamenParcial2/ros2_ws/build/scara_bringup/install.log --single-version-externally-managed install_data
[7.864s] Level 1:colcon.colcon_core.environment:checking '/home/robousr/Robotica2025-2/robolab20252/ExamenParcial2/ros2_ws/install/scara_control' for CMake module files
[7.865s] Level 1:colcon.colcon_core.environment:checking '/home/robousr/Robotica2025-2/robolab20252/ExamenParcial2/ros2_ws/install/scara_control' for CMake config files
[7.866s] DEBUG:colcon.colcon_core.event_handler.log_command:Invoked command in '/home/robousr/Robotica2025-2/robolab20252/ExamenParcial2/ros2_ws/src/scara_control' returned '0': PYTHONPATH=/home/robousr/Robotica2025-2/robolab20252/ExamenParcial2/ros2_ws/build/scara_control/prefix_override:/usr/lib/python3/dist-packages/colcon_core/task/python/colcon_distutils_commands:/home/robousr/Robotica2025-2/robolab20252/ExamenParcial2/ros2_ws/install/scara_control/lib/python3.10/site-packages:${PYTHONPATH} /usr/bin/python3 -W ignore:setup.py install is deprecated -W ignore:easy_install command is deprecated setup.py egg_info --egg-base ../../build/scara_control build --build-base /home/robousr/Robotica2025-2/robolab20252/ExamenParcial2/ros2_ws/build/scara_control/build install --record /home/robousr/Robotica2025-2/robolab20252/ExamenParcial2/ros2_ws/build/scara_control/install.log --single-version-externally-managed install_data
[7.869s] Level 1:colcon.colcon_core.environment:checking '/home/robousr/Robotica2025-2/robolab20252/ExamenParcial2/ros2_ws/install/scara_control/lib'
[7.869s] Level 1:colcon.colcon_core.environment:checking '/home/robousr/Robotica2025-2/robolab20252/ExamenParcial2/ros2_ws/install/scara_control/bin'
[7.869s] Level 1:colcon.colcon_core.environment:checking '/home/robousr/Robotica2025-2/robolab20252/ExamenParcial2/ros2_ws/install/scara_control/lib/pkgconfig/scara_control.pc'
[7.875s] Level 1:colcon.colcon_core.environment:checking '/home/robousr/Robotica2025-2/robolab20252/ExamenParcial2/ros2_ws/install/scara_control/lib/python3.10/site-packages'
[7.875s] Level 1:colcon.colcon_core.shell:create_environment_hook('scara_control', 'pythonpath')
[7.876s] INFO:colcon.colcon_core.shell:Creating environment hook '/home/robousr/Robotica2025-2/robolab20252/ExamenParcial2/ros2_ws/install/scara_control/share/scara_control/hook/pythonpath.ps1'
[7.878s] INFO:colcon.colcon_core.shell:Creating environment descriptor '/home/robousr/Robotica2025-2/robolab20252/ExamenParcial2/ros2_ws/install/scara_control/share/scara_control/hook/pythonpath.dsv'
[7.880s] INFO:colcon.colcon_core.shell:Creating environment hook '/home/robousr/Robotica2025-2/robolab20252/ExamenParcial2/ros2_ws/install/scara_control/share/scara_control/hook/pythonpath.sh'
[7.882s] Level 1:colcon.colcon_core.environment:checking '/home/robousr/Robotica2025-2/robolab20252/ExamenParcial2/ros2_ws/install/scara_control/bin'
[7.882s] Level 1:colcon.colcon_core.environment:create_environment_scripts_only(scara_control)
[7.883s] INFO:colcon.colcon_core.shell:Creating package script '/home/robousr/Robotica2025-2/robolab20252/ExamenParcial2/ros2_ws/install/scara_control/share/scara_control/package.ps1'
[7.885s] INFO:colcon.colcon_core.shell:Creating package descriptor '/home/robousr/Robotica2025-2/robolab20252/ExamenParcial2/ros2_ws/install/scara_control/share/scara_control/package.dsv'
[7.887s] INFO:colcon.colcon_core.shell:Creating package script '/home/robousr/Robotica2025-2/robolab20252/ExamenParcial2/ros2_ws/install/scara_control/share/scara_control/package.sh'
[7.889s] INFO:colcon.colcon_core.shell:Creating package script '/home/robousr/Robotica2025-2/robolab20252/ExamenParcial2/ros2_ws/install/scara_control/share/scara_control/package.bash'
[7.891s] INFO:colcon.colcon_core.shell:Creating package script '/home/robousr/Robotica2025-2/robolab20252/ExamenParcial2/ros2_ws/install/scara_control/share/scara_control/package.zsh'
[7.893s] Level 1:colcon.colcon_core.environment:create_file_with_runtime_dependencies(/home/robousr/Robotica2025-2/robolab20252/ExamenParcial2/ros2_ws/install/scara_control/share/colcon-core/packages/scara_control)
[7.959s] Level 1:colcon.colcon_core.environment:checking '/home/robousr/Robotica2025-2/robolab20252/ExamenParcial2/ros2_ws/install/scara_bringup' for CMake module files
[7.961s] DEBUG:colcon.colcon_core.event_handler.log_command:Invoked command in '/home/robousr/Robotica2025-2/robolab20252/ExamenParcial2/ros2_ws/src/scara_bringup' returned '0': PYTHONPATH=/home/robousr/Robotica2025-2/robolab20252/ExamenParcial2/ros2_ws/build/scara_bringup/prefix_override:/usr/lib/python3/dist-packages/colcon_core/task/python/colcon_distutils_commands:/home/robousr/Robotica2025-2/robolab20252/ExamenParcial2/ros2_ws/install/scara_bringup/lib/python3.10/site-packages:${PYTHONPATH} /usr/bin/python3 -W ignore:setup.py install is deprecated -W ignore:easy_install command is deprecated setup.py egg_info --egg-base ../../build/scara_bringup build --build-base /home/robousr/Robotica2025-2/robolab20252/ExamenParcial2/ros2_ws/build/scara_bringup/build install --record /home/robousr/Robotica2025-2/robolab20252/ExamenParcial2/ros2_ws/build/scara_bringup/install.log --single-version-externally-managed install_data
[7.962s] Level 1:colcon.colcon_core.environment:checking '/home/robousr/Robotica2025-2/robolab20252/ExamenParcial2/ros2_ws/install/scara_bringup' for CMake config files
[7.964s] Level 1:colcon.colcon_core.environment:checking '/home/robousr/Robotica2025-2/robolab20252/ExamenParcial2/ros2_ws/install/scara_bringup/lib'
[7.965s] Level 1:colcon.colcon_core.environment:checking '/home/robousr/Robotica2025-2/robolab20252/ExamenParcial2/ros2_ws/install/scara_bringup/bin'
[7.965s] Level 1:colcon.colcon_core.environment:checking '/home/robousr/Robotica2025-2/robolab20252/ExamenParcial2/ros2_ws/install/scara_bringup/lib/pkgconfig/scara_bringup.pc'
[7.966s] Level 1:colcon.colcon_core.environment:checking '/home/robousr/Robotica2025-2/robolab20252/ExamenParcial2/ros2_ws/install/scara_bringup/lib/python3.10/site-packages'
[7.966s] Level 1:colcon.colcon_core.shell:create_environment_hook('scara_bringup', 'pythonpath')
[7.966s] INFO:colcon.colcon_core.shell:Creating environment hook '/home/robousr/Robotica2025-2/robolab20252/ExamenParcial2/ros2_ws/install/scara_bringup/share/scara_bringup/hook/pythonpath.ps1'
[7.968s] INFO:colcon.colcon_core.shell:Creating environment descriptor '/home/robousr/Robotica2025-2/robolab20252/ExamenParcial2/ros2_ws/install/scara_bringup/share/scara_bringup/hook/pythonpath.dsv'
[7.970s] INFO:colcon.colcon_core.shell:Creating environment hook '/home/robousr/Robotica2025-2/robolab20252/ExamenParcial2/ros2_ws/install/scara_bringup/share/scara_bringup/hook/pythonpath.sh'
[7.973s] Level 1:colcon.colcon_core.environment:checking '/home/robousr/Robotica2025-2/robolab20252/ExamenParcial2/ros2_ws/install/scara_bringup/bin'
[7.973s] Level 1:colcon.colcon_core.environment:create_environment_scripts_only(scara_bringup)
[7.975s] INFO:colcon.colcon_core.shell:Creating package script '/home/robousr/Robotica2025-2/robolab20252/ExamenParcial2/ros2_ws/install/scara_bringup/share/scara_bringup/package.ps1'
[7.977s] INFO:colcon.colcon_core.shell:Creating package descriptor '/home/robousr/Robotica2025-2/robolab20252/ExamenParcial2/ros2_ws/install/scara_bringup/share/scara_bringup/package.dsv'
[7.979s] INFO:colcon.colcon_core.shell:Creating package script '/home/robousr/Robotica2025-2/robolab20252/ExamenParcial2/ros2_ws/install/scara_bringup/share/scara_bringup/package.sh'
[7.981s] INFO:colcon.colcon_core.shell:Creating package script '/home/robousr/Robotica2025-2/robolab20252/ExamenParcial2/ros2_ws/install/scara_bringup/share/scara_bringup/package.bash'
[7.983s] INFO:colcon.colcon_core.shell:Creating package script '/home/robousr/Robotica2025-2/robolab20252/ExamenParcial2/ros2_ws/install/scara_bringup/share/scara_bringup/package.zsh'
[7.985s] Level 1:colcon.colcon_core.environment:create_file_with_runtime_dependencies(/home/robousr/Robotica2025-2/robolab20252/ExamenParcial2/ros2_ws/install/scara_bringup/share/colcon-core/packages/scara_bringup)
[7.986s] DEBUG:colcon.colcon_parallel_executor.executor.parallel:closing loop
[7.987s] DEBUG:colcon.colcon_parallel_executor.executor.parallel:loop closed
[7.987s] DEBUG:colcon.colcon_parallel_executor.executor.parallel:run_until_complete finished with '0'
[7.987s] DEBUG:colcon.colcon_core.event_reactor:joining thread
[8.041s] INFO:colcon.colcon_core.plugin_system:Skipping extension 'colcon_notification.desktop_notification.terminal_notifier': Not used on non-Darwin systems
[8.042s] INFO:colcon.colcon_core.plugin_system:Skipping extension 'colcon_notification.desktop_notification.win32': Not used on non-Windows systems
[8.042s] INFO:colcon.colcon_notification.desktop_notification:Sending desktop notification using 'notify2'
[8.205s] DEBUG:colcon.colcon_core.event_reactor:joined thread
[8.207s] INFO:colcon.colcon_core.shell:Creating prefix script '/home/robousr/Robotica2025-2/robolab20252/ExamenParcial2/ros2_ws/install/local_setup.ps1'
[8.211s] INFO:colcon.colcon_core.shell:Creating prefix util module '/home/robousr/Robotica2025-2/robolab20252/ExamenParcial2/ros2_ws/install/_local_setup_util_ps1.py'
[8.219s] INFO:colcon.colcon_core.shell:Creating prefix chain script '/home/robousr/Robotica2025-2/robolab20252/ExamenParcial2/ros2_ws/install/setup.ps1'
[8.226s] INFO:colcon.colcon_core.shell:Creating prefix script '/home/robousr/Robotica2025-2/robolab20252/ExamenParcial2/ros2_ws/install/local_setup.sh'
[8.230s] INFO:colcon.colcon_core.shell:Creating prefix util module '/home/robousr/Robotica2025-2/robolab20252/ExamenParcial2/ros2_ws/install/_local_setup_util_sh.py'
[8.232s] INFO:colcon.colcon_core.shell:Creating prefix chain script '/home/robousr/Robotica2025-2/robolab20252/ExamenParcial2/ros2_ws/install/setup.sh'
[8.238s] INFO:colcon.colcon_core.shell:Creating prefix script '/home/robousr/Robotica2025-2/robolab20252/ExamenParcial2/ros2_ws/install/local_setup.bash'
[8.241s] INFO:colcon.colcon_core.shell:Creating prefix chain script '/home/robousr/Robotica2025-2/robolab20252/ExamenParcial2/ros2_ws/install/setup.bash'
[8.247s] INFO:colcon.colcon_core.shell:Creating prefix script '/home/robousr/Robotica2025-2/robolab20252/ExamenParcial2/ros2_ws/install/local_setup.zsh'
[8.252s] INFO:colcon.colcon_core.shell:Creating prefix chain script '/home/robousr/Robotica2025-2/robolab20252/ExamenParcial2/ros2_ws/install/setup.zsh'
