[0.017s] Invoking command in '/home/robousr/Robotica2025-2/robolab20252/Practica1/ros2_ws/build/practica_1': CMAKE_PREFIX_PATH=/opt/ros/humble /usr/bin/cmake /home/robousr/Robotica2025-2/robolab20252/Practica1/ros2_ws/practica_1 -DCMAKE_INSTALL_PREFIX=/home/robousr/Robotica2025-2/robolab20252/Practica1/ros2_ws/install/practica_1
[0.304s] -- The C compiler identification is GNU 11.4.0
[0.463s] -- The CXX compiler identification is GNU 11.4.0
[0.481s] -- Detecting C compiler ABI info
[0.592s] -- Detecting C compiler ABI info - done
[0.599s] -- Check for working C compiler: /usr/bin/cc - skipped
[0.601s] -- Detecting C compile features
[0.602s] -- Detecting C compile features - done
[0.608s] -- Detecting CXX compiler ABI info
[0.722s] -- Detecting CXX compiler ABI info - done
[0.726s] -- Check for working CXX compiler: /usr/bin/c++ - skipped
[0.726s] -- Detecting CXX compile features
[0.728s] -- Detecting CXX compile features - done
[0.751s] -- Found ament_cmake: 1.3.10 (/opt/ros/humble/share/ament_cmake/cmake)
[1.372s] -- Found Python3: /home/robousr/.pyenv/shims/python3 (found version "3.10.12") found components: Interpreter 
[1.624s] -- Found rclcpp: 16.0.10 (/opt/ros/humble/share/rclcpp/cmake)
[1.709s] -- Found rosidl_generator_c: 3.1.5 (/opt/ros/humble/share/rosidl_generator_c/cmake)
[1.719s] -- Found rosidl_adapter: 3.1.5 (/opt/ros/humble/share/rosidl_adapter/cmake)
[1.734s] -- Found rosidl_generator_cpp: 3.1.5 (/opt/ros/humble/share/rosidl_generator_cpp/cmake)
[1.761s] -- Using all available rosidl_typesupport_c: rosidl_typesupport_fastrtps_c;rosidl_typesupport_introspection_c
[1.788s] -- Using all available rosidl_typesupport_cpp: rosidl_typesupport_fastrtps_cpp;rosidl_typesupport_introspection_cpp
[1.872s] -- Found rmw_implementation_cmake: 6.1.2 (/opt/ros/humble/share/rmw_implementation_cmake/cmake)
[1.877s] -- Found rmw_fastrtps_cpp: 6.2.7 (/opt/ros/humble/share/rmw_fastrtps_cpp/cmake)
[2.014s] -- Found OpenSSL: /usr/lib/x86_64-linux-gnu/libcrypto.so (found version "3.0.2")  
[2.051s] -- Found FastRTPS: /opt/ros/humble/include  
[2.101s] -- Using RMW implementation 'rmw_fastrtps_cpp' as default
[2.121s] -- Looking for pthread.h
[2.234s] -- Looking for pthread.h - found
[2.235s] -- Performing Test CMAKE_HAVE_LIBC_PTHREAD
[2.351s] -- Performing Test CMAKE_HAVE_LIBC_PTHREAD - Success
[2.351s] -- Found Threads: TRUE  
[2.467s] -- Found robot_state_publisher: 3.0.3 (/opt/ros/humble/share/robot_state_publisher/cmake)
[2.521s] -- Found eigen3_cmake_module: 0.1.1 (/opt/ros/humble/share/eigen3_cmake_module/cmake)
[2.523s] -- Found Eigen3: TRUE (found version "3.4.0") 
[2.524s] -- Ensuring Eigen3 include directory is part of orocos-kdl CMake target
[2.798s] -- Found ament_lint_auto: 0.12.11 (/opt/ros/humble/share/ament_lint_auto/cmake)
[2.957s] -- Added test 'flake8' to check Python code syntax and style conventions
[2.958s] -- Added test 'lint_cmake' to check CMake code style
[2.959s] -- Added test 'pep257' to check Python code against some of the docstring style conventions in PEP 257
[2.962s] -- Added test 'xmllint' to check XML markup files
[2.964s] -- Configuring done
[2.970s] -- Generating done
[2.972s] -- Build files have been written to: /home/robousr/Robotica2025-2/robolab20252/Practica1/ros2_ws/build/practica_1
[2.983s] Invoked command in '/home/robousr/Robotica2025-2/robolab20252/Practica1/ros2_ws/build/practica_1' returned '0': CMAKE_PREFIX_PATH=/opt/ros/humble /usr/bin/cmake /home/robousr/Robotica2025-2/robolab20252/Practica1/ros2_ws/practica_1 -DCMAKE_INSTALL_PREFIX=/home/robousr/Robotica2025-2/robolab20252/Practica1/ros2_ws/install/practica_1
[2.986s] Invoking command in '/home/robousr/Robotica2025-2/robolab20252/Practica1/ros2_ws/build/practica_1': CMAKE_PREFIX_PATH=/opt/ros/humble /usr/bin/cmake --build /home/robousr/Robotica2025-2/robolab20252/Practica1/ros2_ws/build/practica_1 -- -j4 -l4
[3.038s] Invoked command in '/home/robousr/Robotica2025-2/robolab20252/Practica1/ros2_ws/build/practica_1' returned '0': CMAKE_PREFIX_PATH=/opt/ros/humble /usr/bin/cmake --build /home/robousr/Robotica2025-2/robolab20252/Practica1/ros2_ws/build/practica_1 -- -j4 -l4
[3.084s] Invoking command in '/home/robousr/Robotica2025-2/robolab20252/Practica1/ros2_ws/build/practica_1': CMAKE_PREFIX_PATH=/opt/ros/humble /usr/bin/cmake --install /home/robousr/Robotica2025-2/robolab20252/Practica1/ros2_ws/build/practica_1
[3.093s] -- Install configuration: ""
[3.094s] -- Installing: /home/robousr/Robotica2025-2/robolab20252/Practica1/ros2_ws/install/practica_1/share/ament_index/resource_index/package_run_dependencies/practica_1
[3.095s] -- Installing: /home/robousr/Robotica2025-2/robolab20252/Practica1/ros2_ws/install/practica_1/share/ament_index/resource_index/parent_prefix_path/practica_1
[3.095s] -- Installing: /home/robousr/Robotica2025-2/robolab20252/Practica1/ros2_ws/install/practica_1/share/practica_1/environment/ament_prefix_path.sh
[3.095s] -- Installing: /home/robousr/Robotica2025-2/robolab20252/Practica1/ros2_ws/install/practica_1/share/practica_1/environment/ament_prefix_path.dsv
[3.096s] -- Installing: /home/robousr/Robotica2025-2/robolab20252/Practica1/ros2_ws/install/practica_1/share/practica_1/environment/path.sh
[3.096s] -- Installing: /home/robousr/Robotica2025-2/robolab20252/Practica1/ros2_ws/install/practica_1/share/practica_1/environment/path.dsv
[3.096s] -- Installing: /home/robousr/Robotica2025-2/robolab20252/Practica1/ros2_ws/install/practica_1/share/practica_1/local_setup.bash
[3.097s] -- Installing: /home/robousr/Robotica2025-2/robolab20252/Practica1/ros2_ws/install/practica_1/share/practica_1/local_setup.sh
[3.097s] -- Installing: /home/robousr/Robotica2025-2/robolab20252/Practica1/ros2_ws/install/practica_1/share/practica_1/local_setup.zsh
[3.097s] -- Installing: /home/robousr/Robotica2025-2/robolab20252/Practica1/ros2_ws/install/practica_1/share/practica_1/local_setup.dsv
[3.097s] -- Installing: /home/robousr/Robotica2025-2/robolab20252/Practica1/ros2_ws/install/practica_1/share/practica_1/package.dsv
[3.099s] -- Installing: /home/robousr/Robotica2025-2/robolab20252/Practica1/ros2_ws/install/practica_1/share/ament_index/resource_index/packages/practica_1
[3.099s] -- Installing: /home/robousr/Robotica2025-2/robolab20252/Practica1/ros2_ws/install/practica_1/share/practica_1/cmake/practica_1Config.cmake
[3.099s] -- Installing: /home/robousr/Robotica2025-2/robolab20252/Practica1/ros2_ws/install/practica_1/share/practica_1/cmake/practica_1Config-version.cmake
[3.099s] -- Installing: /home/robousr/Robotica2025-2/robolab20252/Practica1/ros2_ws/install/practica_1/share/practica_1/package.xml
[3.101s] Invoked command in '/home/robousr/Robotica2025-2/robolab20252/Practica1/ros2_ws/build/practica_1' returned '0': CMAKE_PREFIX_PATH=/opt/ros/humble /usr/bin/cmake --install /home/robousr/Robotica2025-2/robolab20252/Practica1/ros2_ws/build/practica_1
