[0.016s] Invoking command in '/home/robousr/Robotica2025-2/robolab20252/Practica1/ros2_ws/build/practica_1': CMAKE_PREFIX_PATH=${CMAKE_PREFIX_PATH}:/opt/ros/humble /usr/bin/cmake --build /home/robousr/Robotica2025-2/robolab20252/Practica1/ros2_ws/build/practica_1 -- -j4 -l4
[0.047s] -- Found ament_cmake: 1.3.10 (/opt/ros/humble/share/ament_cmake/cmake)
[0.329s] -- Found rclcpp: 16.0.10 (/opt/ros/humble/share/rclcpp/cmake)
[0.393s] -- Found rosidl_generator_c: 3.1.5 (/opt/ros/humble/share/rosidl_generator_c/cmake)
[0.396s] -- Found rosidl_adapter: 3.1.5 (/opt/ros/humble/share/rosidl_adapter/cmake)
[0.404s] -- Found rosidl_generator_cpp: 3.1.5 (/opt/ros/humble/share/rosidl_generator_cpp/cmake)
[0.416s] -- Using all available rosidl_typesupport_c: rosidl_typesupport_fastrtps_c;rosidl_typesupport_introspection_c
[0.428s] -- Using all available rosidl_typesupport_cpp: rosidl_typesupport_fastrtps_cpp;rosidl_typesupport_introspection_cpp
[0.460s] -- Found rmw_implementation_cmake: 6.1.2 (/opt/ros/humble/share/rmw_implementation_cmake/cmake)
[0.461s] -- Found rmw_fastrtps_cpp: 6.2.7 (/opt/ros/humble/share/rmw_fastrtps_cpp/cmake)
[0.618s] -- Using RMW implementation 'rmw_fastrtps_cpp' as default
[0.683s] -- Found robot_state_publisher: 3.0.3 (/opt/ros/humble/share/robot_state_publisher/cmake)
[0.700s] -- Found eigen3_cmake_module: 0.1.1 (/opt/ros/humble/share/eigen3_cmake_module/cmake)
[0.702s] -- Ensuring Eigen3 include directory is part of orocos-kdl CMake target
[0.851s] [31mCMake Error at CMakeLists.txt:11 (find_package):
[0.852s]   By not providing "Findlaunch.cmake" in CMAKE_MODULE_PATH this project has
[0.852s]   asked CMake to find a package configuration file provided by "launch", but
[0.852s]   CMake did not find one.
[0.852s] 
[0.852s]   Could not find a package configuration file provided by "launch" with any
[0.852s]   of the following names:
[0.852s] 
[0.852s]     launchConfig.cmake
[0.852s]     launch-config.cmake
[0.852s] 
[0.852s]   Add the installation prefix of "launch" to CMAKE_PREFIX_PATH or set
[0.852s]   "launch_DIR" to a directory containing one of the above files.  If "launch"
[0.852s]   provides a separate development package or SDK, be sure it has been
[0.852s]   installed.
[0.852s] 
[0.853s] [0m
[0.853s] -- Configuring incomplete, errors occurred!
[0.853s] See also "/home/robousr/Robotica2025-2/robolab20252/Practica1/ros2_ws/build/practica_1/CMakeFiles/CMakeOutput.log".
[0.865s] gmake: *** [Makefile:226: cmake_check_build_system] Error 1
[0.867s] Invoked command in '/home/robousr/Robotica2025-2/robolab20252/Practica1/ros2_ws/build/practica_1' returned '2': CMAKE_PREFIX_PATH=${CMAKE_PREFIX_PATH}:/opt/ros/humble /usr/bin/cmake --build /home/robousr/Robotica2025-2/robolab20252/Practica1/ros2_ws/build/practica_1 -- -j4 -l4
