[1.952s] Invoking command in '/home/robousr/Robotica2025-2/robolab20252/ExamenParcial2/ros2_ws/src/scara_bringup': PYTHONPATH=/home/robousr/Robotica2025-2/robolab20252/ExamenParcial2/ros2_ws/build/scara_bringup/prefix_override:/usr/lib/python3/dist-packages/colcon_core/task/python/colcon_distutils_commands:/home/robousr/Robotica2025-2/robolab20252/ExamenParcial2/ros2_ws/install/scara_bringup/lib/python3.10/site-packages:${PYTHONPATH} /usr/bin/python3 -W ignore:setup.py install is deprecated setup.py egg_info --egg-base ../../build/scara_bringup build --build-base /home/robousr/Robotica2025-2/robolab20252/ExamenParcial2/ros2_ws/build/scara_bringup/build install --record /home/robousr/Robotica2025-2/robolab20252/ExamenParcial2/ros2_ws/build/scara_bringup/install.log --single-version-externally-managed install_data
[2.760s] running egg_info
[2.761s] writing ../../build/scara_bringup/scara_bringup.egg-info/PKG-INFO
[2.761s] writing dependency_links to ../../build/scara_bringup/scara_bringup.egg-info/dependency_links.txt
[2.762s] writing entry points to ../../build/scara_bringup/scara_bringup.egg-info/entry_points.txt
[2.763s] writing requirements to ../../build/scara_bringup/scara_bringup.egg-info/requires.txt
[2.763s] writing top-level names to ../../build/scara_bringup/scara_bringup.egg-info/top_level.txt
[2.773s] reading manifest file '../../build/scara_bringup/scara_bringup.egg-info/SOURCES.txt'
[2.773s] adding license file 'LICENSE'
[2.777s] writing manifest file '../../build/scara_bringup/scara_bringup.egg-info/SOURCES.txt'
[2.777s] running build
[2.777s] running build_py
[2.777s] running install
[2.780s] running install_lib
[2.780s] running install_data
[2.780s] copying launch/scara_control.launch.py -> /home/robousr/Robotica2025-2/robolab20252/ExamenParcial2/ros2_ws/install/scara_bringup/share/scara_bringup/launch
[2.781s] running install_egg_info
[2.786s] removing '/home/robousr/Robotica2025-2/robolab20252/ExamenParcial2/ros2_ws/install/scara_bringup/lib/python3.10/site-packages/scara_bringup-0.0.0-py3.10.egg-info' (and everything under it)
[2.787s] Copying ../../build/scara_bringup/scara_bringup.egg-info to /home/robousr/Robotica2025-2/robolab20252/ExamenParcial2/ros2_ws/install/scara_bringup/lib/python3.10/site-packages/scara_bringup-0.0.0-py3.10.egg-info
[2.788s] running install_scripts
[2.841s] Installing mobile_control script to lib/scara_bringup
[2.841s] Installing scara_test script to lib/scara_bringup
[2.842s] Installing scara_tray_line script to lib/scara_bringup
[2.844s] writing list of installed files to '/home/robousr/Robotica2025-2/robolab20252/ExamenParcial2/ros2_ws/build/scara_bringup/install.log'
[2.909s] Invoked command in '/home/robousr/Robotica2025-2/robolab20252/ExamenParcial2/ros2_ws/src/scara_bringup' returned '0': PYTHONPATH=/home/robousr/Robotica2025-2/robolab20252/ExamenParcial2/ros2_ws/build/scara_bringup/prefix_override:/usr/lib/python3/dist-packages/colcon_core/task/python/colcon_distutils_commands:/home/robousr/Robotica2025-2/robolab20252/ExamenParcial2/ros2_ws/install/scara_bringup/lib/python3.10/site-packages:${PYTHONPATH} /usr/bin/python3 -W ignore:setup.py install is deprecated setup.py egg_info --egg-base ../../build/scara_bringup build --build-base /home/robousr/Robotica2025-2/robolab20252/ExamenParcial2/ros2_ws/build/scara_bringup/build install --record /home/robousr/Robotica2025-2/robolab20252/ExamenParcial2/ros2_ws/build/scara_bringup/install.log --single-version-externally-managed install_data
