[3.063s] Invoking command in '/home/robousr/Robotica2025-2/robolab20252/ExamenParcial2/ros2_ws/src/scara_bringup': PYTHONPATH=/home/robousr/Robotica2025-2/robolab20252/build/scara_bringup/prefix_override:/usr/lib/python3/dist-packages/colcon_core/task/python/colcon_distutils_commands:/home/robousr/Robotica2025-2/robolab20252/install/scara_bringup/lib/python3.10/site-packages:${PYTHONPATH} /usr/bin/python3 -W ignore:setup.py install is deprecated -W ignore:easy_install command is deprecated setup.py egg_info --egg-base ../../../../build/scara_bringup build --build-base /home/robousr/Robotica2025-2/robolab20252/build/scara_bringup/build install --record /home/robousr/Robotica2025-2/robolab20252/build/scara_bringup/install.log --single-version-externally-managed install_data
[3.799s] running egg_info
[3.799s] creating ../../../../build/scara_bringup/scara_bringup.egg-info
[3.800s] writing ../../../../build/scara_bringup/scara_bringup.egg-info/PKG-INFO
[3.800s] writing dependency_links to ../../../../build/scara_bringup/scara_bringup.egg-info/dependency_links.txt
[3.800s] writing entry points to ../../../../build/scara_bringup/scara_bringup.egg-info/entry_points.txt
[3.803s] writing requirements to ../../../../build/scara_bringup/scara_bringup.egg-info/requires.txt
[3.803s] writing top-level names to ../../../../build/scara_bringup/scara_bringup.egg-info/top_level.txt
[3.803s] writing manifest file '../../../../build/scara_bringup/scara_bringup.egg-info/SOURCES.txt'
[3.806s] reading manifest file '../../../../build/scara_bringup/scara_bringup.egg-info/SOURCES.txt'
[3.806s] adding license file 'LICENSE'
[3.808s] writing manifest file '../../../../build/scara_bringup/scara_bringup.egg-info/SOURCES.txt'
[3.809s] running build
[3.810s] running build_py
[3.810s] creating /home/robousr/Robotica2025-2/robolab20252/build/scara_bringup/build
[3.810s] creating /home/robousr/Robotica2025-2/robolab20252/build/scara_bringup/build/lib
[3.810s] creating /home/robousr/Robotica2025-2/robolab20252/build/scara_bringup/build/lib/scara_bringup
[3.810s] copying scara_bringup/__init__.py -> /home/robousr/Robotica2025-2/robolab20252/build/scara_bringup/build/lib/scara_bringup
[3.811s] copying scara_bringup/initial_joint_state_publisher_py.py -> /home/robousr/Robotica2025-2/robolab20252/build/scara_bringup/build/lib/scara_bringup
[3.812s] running install
[3.812s] running install_lib
[3.814s] creating /home/robousr/Robotica2025-2/robolab20252/install/scara_bringup/lib/python3.10/site-packages/scara_bringup
[3.815s] copying /home/robousr/Robotica2025-2/robolab20252/build/scara_bringup/build/lib/scara_bringup/__init__.py -> /home/robousr/Robotica2025-2/robolab20252/install/scara_bringup/lib/python3.10/site-packages/scara_bringup
[3.815s] copying /home/robousr/Robotica2025-2/robolab20252/build/scara_bringup/build/lib/scara_bringup/initial_joint_state_publisher_py.py -> /home/robousr/Robotica2025-2/robolab20252/install/scara_bringup/lib/python3.10/site-packages/scara_bringup
[3.818s] byte-compiling /home/robousr/Robotica2025-2/robolab20252/install/scara_bringup/lib/python3.10/site-packages/scara_bringup/__init__.py to __init__.cpython-310.pyc
[3.820s] byte-compiling /home/robousr/Robotica2025-2/robolab20252/install/scara_bringup/lib/python3.10/site-packages/scara_bringup/initial_joint_state_publisher_py.py to initial_joint_state_publisher_py.cpython-310.pyc
[3.821s] running install_data
[3.821s] creating /home/robousr/Robotica2025-2/robolab20252/install/scara_bringup/share/ament_index
[3.822s] creating /home/robousr/Robotica2025-2/robolab20252/install/scara_bringup/share/ament_index/resource_index
[3.824s] creating /home/robousr/Robotica2025-2/robolab20252/install/scara_bringup/share/ament_index/resource_index/packages
[3.825s] copying resource/scara_bringup -> /home/robousr/Robotica2025-2/robolab20252/install/scara_bringup/share/ament_index/resource_index/packages
[3.825s] copying package.xml -> /home/robousr/Robotica2025-2/robolab20252/install/scara_bringup/share/scara_bringup
[3.828s] creating /home/robousr/Robotica2025-2/robolab20252/install/scara_bringup/share/scara_bringup/launch
[3.828s] copying launch/bringup_gazebo.launch.py -> /home/robousr/Robotica2025-2/robolab20252/install/scara_bringup/share/scara_bringup/launch
[3.829s] copying launch/bringup.launch.py -> /home/robousr/Robotica2025-2/robolab20252/install/scara_bringup/share/scara_bringup/launch
[3.830s] creating /home/robousr/Robotica2025-2/robolab20252/install/scara_bringup/share/scara_bringup/worlds
[3.830s] copying worlds/scara_world.sdf -> /home/robousr/Robotica2025-2/robolab20252/install/scara_bringup/share/scara_bringup/worlds
[3.840s] copying worlds/scara_world.config -> /home/robousr/Robotica2025-2/robolab20252/install/scara_bringup/share/scara_bringup/worlds
[3.841s] running install_egg_info
[3.845s] Copying ../../../../build/scara_bringup/scara_bringup.egg-info to /home/robousr/Robotica2025-2/robolab20252/install/scara_bringup/lib/python3.10/site-packages/scara_bringup-0.0.0-py3.10.egg-info
[3.849s] running install_scripts
[3.907s] Installing initial_joint_state script to /home/robousr/Robotica2025-2/robolab20252/install/scara_bringup/lib/scara_bringup
[3.909s] writing list of installed files to '/home/robousr/Robotica2025-2/robolab20252/build/scara_bringup/install.log'
[3.967s] Invoked command in '/home/robousr/Robotica2025-2/robolab20252/ExamenParcial2/ros2_ws/src/scara_bringup' returned '0': PYTHONPATH=/home/robousr/Robotica2025-2/robolab20252/build/scara_bringup/prefix_override:/usr/lib/python3/dist-packages/colcon_core/task/python/colcon_distutils_commands:/home/robousr/Robotica2025-2/robolab20252/install/scara_bringup/lib/python3.10/site-packages:${PYTHONPATH} /usr/bin/python3 -W ignore:setup.py install is deprecated -W ignore:easy_install command is deprecated setup.py egg_info --egg-base ../../../../build/scara_bringup build --build-base /home/robousr/Robotica2025-2/robolab20252/build/scara_bringup/build install --record /home/robousr/Robotica2025-2/robolab20252/build/scara_bringup/install.log --single-version-externally-managed install_data
