[0.264s] DEBUG:colcon:Command line arguments: ['/usr/bin/colcon', 'build', '--symlink-install', '--packages-select', 'scara_bringup', 'scara_description']
[0.265s] DEBUG:colcon:Parsed command line arguments: Namespace(log_base=None, log_level=None, verb_name='build', build_base='build', install_base='install', merge_install=False, symlink_install=True, test_result_base=None, continue_on_error=False, executor='parallel', parallel_workers=4, event_handlers=None, ignore_user_meta=False, metas=['./colcon.meta'], base_paths=['.'], packages_ignore=None, packages_ignore_regex=None, paths=None, packages_up_to=None, packages_up_to_regex=None, packages_above=None, packages_above_and_dependencies=None, packages_above_depth=None, packages_select_by_dep=None, packages_skip_by_dep=None, packages_skip_up_to=None, packages_select_build_failed=False, packages_skip_build_finished=False, packages_select_test_failures=False, packages_skip_test_passed=False, packages_select=['scara_bringup', 'scara_description'], packages_skip=None, packages_select_regex=None, packages_skip_regex=None, packages_start=None, packages_end=None, allow_overriding=[], cmake_args=None, cmake_target=None, cmake_target_skip_unavailable=False, cmake_clean_cache=False, cmake_clean_first=False, cmake_force_configure=False, ament_cmake_args=None, catkin_cmake_args=None, catkin_skip_building_tests=False, mixin_files=None, mixin=None, verb_parser=<colcon_mixin.mixin.mixin_argument.MixinArgumentDecorator object at 0x7687ea35eaa0>, verb_extension=<colcon_core.verb.build.BuildVerb object at 0x7687ea35e560>, main=<bound method BuildVerb.main of <colcon_core.verb.build.BuildVerb object at 0x7687ea35e560>>, mixin_verb=('build',))
[0.689s] Level 1:colcon.colcon_core.package_discovery:discover_packages(colcon_meta) check parameters
[0.689s] Level 1:colcon.colcon_core.package_discovery:discover_packages(recursive) check parameters
[0.690s] Level 1:colcon.colcon_core.package_discovery:discover_packages(ignore) check parameters
[0.690s] Level 1:colcon.colcon_core.package_discovery:discover_packages(path) check parameters
[0.690s] Level 1:colcon.colcon_core.package_discovery:discover_packages(colcon_meta) discover
[0.690s] Level 1:colcon.colcon_core.package_discovery:discover_packages(recursive) discover
[0.691s] INFO:colcon.colcon_core.package_discovery:Crawling recursively for packages in '/home/robousr/Robotica2025-2/robolab20252/ExamenParcial2/ros2_ws'
[0.691s] Level 1:colcon.colcon_core.package_identification:_identify(.) by extensions ['ignore', 'ignore_ament_install']
[0.691s] Level 1:colcon.colcon_core.package_identification:_identify(.) by extension 'ignore'
[0.691s] Level 1:colcon.colcon_core.package_identification:_identify(.) by extension 'ignore_ament_install'
[0.691s] Level 1:colcon.colcon_core.package_identification:_identify(.) by extensions ['colcon_pkg']
[0.691s] Level 1:colcon.colcon_core.package_identification:_identify(.) by extension 'colcon_pkg'
[0.692s] Level 1:colcon.colcon_core.package_identification:_identify(.) by extensions ['colcon_meta']
[0.692s] Level 1:colcon.colcon_core.package_identification:_identify(.) by extension 'colcon_meta'
[0.692s] Level 1:colcon.colcon_core.package_identification:_identify(.) by extensions ['ros']
[0.692s] Level 1:colcon.colcon_core.package_identification:_identify(.) by extension 'ros'
[0.726s] Level 1:colcon.colcon_core.package_identification:_identify(.) by extensions ['cmake', 'python']
[0.726s] Level 1:colcon.colcon_core.package_identification:_identify(.) by extension 'cmake'
[0.726s] Level 1:colcon.colcon_core.package_identification:_identify(.) by extension 'python'
[0.726s] Level 1:colcon.colcon_core.package_identification:_identify(.) by extensions ['python_setup_py']
[0.726s] Level 1:colcon.colcon_core.package_identification:_identify(.) by extension 'python_setup_py'
[0.727s] Level 1:colcon.colcon_core.package_identification:_identify(build) by extensions ['ignore', 'ignore_ament_install']
[0.727s] Level 1:colcon.colcon_core.package_identification:_identify(build) by extension 'ignore'
[0.727s] Level 1:colcon.colcon_core.package_identification:_identify(build) ignored
[0.727s] Level 1:colcon.colcon_core.package_identification:_identify(install) by extensions ['ignore', 'ignore_ament_install']
[0.728s] Level 1:colcon.colcon_core.package_identification:_identify(install) by extension 'ignore'
[0.728s] Level 1:colcon.colcon_core.package_identification:_identify(install) ignored
[0.728s] Level 1:colcon.colcon_core.package_identification:_identify(log) by extensions ['ignore', 'ignore_ament_install']
[0.728s] Level 1:colcon.colcon_core.package_identification:_identify(log) by extension 'ignore'
[0.728s] Level 1:colcon.colcon_core.package_identification:_identify(log) ignored
[0.728s] Level 1:colcon.colcon_core.package_identification:_identify(src) by extensions ['ignore', 'ignore_ament_install']
[0.729s] Level 1:colcon.colcon_core.package_identification:_identify(src) by extension 'ignore'
[0.729s] Level 1:colcon.colcon_core.package_identification:_identify(src) by extension 'ignore_ament_install'
[0.729s] Level 1:colcon.colcon_core.package_identification:_identify(src) by extensions ['colcon_pkg']
[0.729s] Level 1:colcon.colcon_core.package_identification:_identify(src) by extension 'colcon_pkg'
[0.729s] Level 1:colcon.colcon_core.package_identification:_identify(src) by extensions ['colcon_meta']
[0.729s] Level 1:colcon.colcon_core.package_identification:_identify(src) by extension 'colcon_meta'
[0.729s] Level 1:colcon.colcon_core.package_identification:_identify(src) by extensions ['ros']
[0.729s] Level 1:colcon.colcon_core.package_identification:_identify(src) by extension 'ros'
[0.729s] Level 1:colcon.colcon_core.package_identification:_identify(src) by extensions ['cmake', 'python']
[0.730s] Level 1:colcon.colcon_core.package_identification:_identify(src) by extension 'cmake'
[0.730s] Level 1:colcon.colcon_core.package_identification:_identify(src) by extension 'python'
[0.730s] Level 1:colcon.colcon_core.package_identification:_identify(src) by extensions ['python_setup_py']
[0.730s] Level 1:colcon.colcon_core.package_identification:_identify(src) by extension 'python_setup_py'
[0.730s] Level 1:colcon.colcon_core.package_identification:_identify(src/scara_bringup) by extensions ['ignore', 'ignore_ament_install']
[0.731s] Level 1:colcon.colcon_core.package_identification:_identify(src/scara_bringup) by extension 'ignore'
[0.731s] Level 1:colcon.colcon_core.package_identification:_identify(src/scara_bringup) by extension 'ignore_ament_install'
[0.731s] Level 1:colcon.colcon_core.package_identification:_identify(src/scara_bringup) by extensions ['colcon_pkg']
[0.731s] Level 1:colcon.colcon_core.package_identification:_identify(src/scara_bringup) by extension 'colcon_pkg'
[0.731s] Level 1:colcon.colcon_core.package_identification:_identify(src/scara_bringup) by extensions ['colcon_meta']
[0.731s] Level 1:colcon.colcon_core.package_identification:_identify(src/scara_bringup) by extension 'colcon_meta'
[0.731s] Level 1:colcon.colcon_core.package_identification:_identify(src/scara_bringup) by extensions ['ros']
[0.731s] Level 1:colcon.colcon_core.package_identification:_identify(src/scara_bringup) by extension 'ros'
[0.740s] DEBUG:colcon.colcon_core.package_identification:Package 'src/scara_bringup' with type 'ros.ament_python' and name 'scara_bringup'
[0.741s] Level 1:colcon.colcon_core.package_identification:_identify(src/scara_description) by extensions ['ignore', 'ignore_ament_install']
[0.741s] Level 1:colcon.colcon_core.package_identification:_identify(src/scara_description) by extension 'ignore'
[0.741s] Level 1:colcon.colcon_core.package_identification:_identify(src/scara_description) by extension 'ignore_ament_install'
[0.741s] Level 1:colcon.colcon_core.package_identification:_identify(src/scara_description) by extensions ['colcon_pkg']
[0.741s] Level 1:colcon.colcon_core.package_identification:_identify(src/scara_description) by extension 'colcon_pkg'
[0.742s] Level 1:colcon.colcon_core.package_identification:_identify(src/scara_description) by extensions ['colcon_meta']
[0.742s] Level 1:colcon.colcon_core.package_identification:_identify(src/scara_description) by extension 'colcon_meta'
[0.742s] Level 1:colcon.colcon_core.package_identification:_identify(src/scara_description) by extensions ['ros']
[0.742s] Level 1:colcon.colcon_core.package_identification:_identify(src/scara_description) by extension 'ros'
[0.744s] DEBUG:colcon.colcon_core.package_identification:Package 'src/scara_description' with type 'ros.ament_cmake' and name 'scara_description'
[0.744s] Level 1:colcon.colcon_core.package_discovery:discover_packages(recursive) using defaults
[0.744s] Level 1:colcon.colcon_core.package_discovery:discover_packages(ignore) discover
[0.745s] Level 1:colcon.colcon_core.package_discovery:discover_packages(ignore) using defaults
[0.745s] Level 1:colcon.colcon_core.package_discovery:discover_packages(path) discover
[0.745s] Level 1:colcon.colcon_core.package_discovery:discover_packages(path) using defaults
[0.793s] Level 1:colcon.colcon_core.package_discovery:discover_packages(prefix_path) check parameters
[0.794s] Level 1:colcon.colcon_core.package_discovery:discover_packages(prefix_path) discover
[0.797s] DEBUG:colcon.colcon_installed_package_information.package_discovery:Found 2 installed packages in /home/robousr/Robotica2025-2/robolab20252/ExamenParcial2/ros2_ws/install
[0.801s] DEBUG:colcon.colcon_installed_package_information.package_discovery:Found 330 installed packages in /opt/ros/humble
[0.804s] Level 1:colcon.colcon_core.package_discovery:discover_packages(prefix_path) using defaults
[0.936s] Level 5:colcon.colcon_core.verb:set package 'scara_bringup' build argument 'cmake_args' from command line to 'None'
[0.936s] Level 5:colcon.colcon_core.verb:set package 'scara_bringup' build argument 'cmake_target' from command line to 'None'
[0.936s] Level 5:colcon.colcon_core.verb:set package 'scara_bringup' build argument 'cmake_target_skip_unavailable' from command line to 'False'
[0.936s] Level 5:colcon.colcon_core.verb:set package 'scara_bringup' build argument 'cmake_clean_cache' from command line to 'False'
[0.937s] Level 5:colcon.colcon_core.verb:set package 'scara_bringup' build argument 'cmake_clean_first' from command line to 'False'
[0.937s] Level 5:colcon.colcon_core.verb:set package 'scara_bringup' build argument 'cmake_force_configure' from command line to 'False'
[0.937s] Level 5:colcon.colcon_core.verb:set package 'scara_bringup' build argument 'ament_cmake_args' from command line to 'None'
[0.937s] Level 5:colcon.colcon_core.verb:set package 'scara_bringup' build argument 'catkin_cmake_args' from command line to 'None'
[0.937s] Level 5:colcon.colcon_core.verb:set package 'scara_bringup' build argument 'catkin_skip_building_tests' from command line to 'False'
[0.937s] DEBUG:colcon.colcon_core.verb:Building package 'scara_bringup' with the following arguments: {'ament_cmake_args': None, 'build_base': '/home/robousr/Robotica2025-2/robolab20252/ExamenParcial2/ros2_ws/build/scara_bringup', 'catkin_cmake_args': None, 'catkin_skip_building_tests': False, 'cmake_args': None, 'cmake_clean_cache': False, 'cmake_clean_first': False, 'cmake_force_configure': False, 'cmake_target': None, 'cmake_target_skip_unavailable': False, 'install_base': '/home/robousr/Robotica2025-2/robolab20252/ExamenParcial2/ros2_ws/install/scara_bringup', 'merge_install': False, 'path': '/home/robousr/Robotica2025-2/robolab20252/ExamenParcial2/ros2_ws/src/scara_bringup', 'symlink_install': True, 'test_result_base': None}
[0.939s] Level 5:colcon.colcon_core.verb:set package 'scara_description' build argument 'cmake_args' from command line to 'None'
[0.939s] Level 5:colcon.colcon_core.verb:set package 'scara_description' build argument 'cmake_target' from command line to 'None'
[0.939s] Level 5:colcon.colcon_core.verb:set package 'scara_description' build argument 'cmake_target_skip_unavailable' from command line to 'False'
[0.939s] Level 5:colcon.colcon_core.verb:set package 'scara_description' build argument 'cmake_clean_cache' from command line to 'False'
[0.939s] Level 5:colcon.colcon_core.verb:set package 'scara_description' build argument 'cmake_clean_first' from command line to 'False'
[0.939s] Level 5:colcon.colcon_core.verb:set package 'scara_description' build argument 'cmake_force_configure' from command line to 'False'
[0.939s] Level 5:colcon.colcon_core.verb:set package 'scara_description' build argument 'ament_cmake_args' from command line to 'None'
[0.939s] Level 5:colcon.colcon_core.verb:set package 'scara_description' build argument 'catkin_cmake_args' from command line to 'None'
[0.940s] Level 5:colcon.colcon_core.verb:set package 'scara_description' build argument 'catkin_skip_building_tests' from command line to 'False'
[0.940s] DEBUG:colcon.colcon_core.verb:Building package 'scara_description' with the following arguments: {'ament_cmake_args': None, 'build_base': '/home/robousr/Robotica2025-2/robolab20252/ExamenParcial2/ros2_ws/build/scara_description', 'catkin_cmake_args': None, 'catkin_skip_building_tests': False, 'cmake_args': None, 'cmake_clean_cache': False, 'cmake_clean_first': False, 'cmake_force_configure': False, 'cmake_target': None, 'cmake_target_skip_unavailable': False, 'install_base': '/home/robousr/Robotica2025-2/robolab20252/ExamenParcial2/ros2_ws/install/scara_description', 'merge_install': False, 'path': '/home/robousr/Robotica2025-2/robolab20252/ExamenParcial2/ros2_ws/src/scara_description', 'symlink_install': True, 'test_result_base': None}
[0.941s] INFO:colcon.colcon_core.executor:Executing jobs using 'parallel' executor
[0.945s] DEBUG:colcon.colcon_parallel_executor.executor.parallel:run_until_complete
[0.945s] INFO:colcon.colcon_ros.task.ament_python.build:Building ROS package in '/home/robousr/Robotica2025-2/robolab20252/ExamenParcial2/ros2_ws/src/scara_bringup' with build type 'ament_python'
[0.946s] Level 1:colcon.colcon_core.shell:create_environment_hook('scara_bringup', 'ament_prefix_path')
[0.951s] INFO:colcon.colcon_core.plugin_system:Skipping extension 'colcon_core.shell.bat': Not used on non-Windows systems
[0.952s] INFO:colcon.colcon_core.shell:Creating environment hook '/home/robousr/Robotica2025-2/robolab20252/ExamenParcial2/ros2_ws/install/scara_bringup/share/scara_bringup/hook/ament_prefix_path.ps1'
[0.955s] INFO:colcon.colcon_core.shell:Creating environment descriptor '/home/robousr/Robotica2025-2/robolab20252/ExamenParcial2/ros2_ws/install/scara_bringup/share/scara_bringup/hook/ament_prefix_path.dsv'
[0.958s] INFO:colcon.colcon_core.shell:Creating environment hook '/home/robousr/Robotica2025-2/robolab20252/ExamenParcial2/ros2_ws/install/scara_bringup/share/scara_bringup/hook/ament_prefix_path.sh'
[0.960s] INFO:colcon.colcon_core.shell:Skip shell extension 'powershell' for command environment: Not usable outside of PowerShell
[0.961s] DEBUG:colcon.colcon_core.shell:Skip shell extension 'dsv' for command environment
[0.986s] INFO:colcon.colcon_ros.task.ament_cmake.build:Building ROS package in '/home/robousr/Robotica2025-2/robolab20252/ExamenParcial2/ros2_ws/src/scara_description' with build type 'ament_cmake'
[0.986s] INFO:colcon.colcon_cmake.task.cmake.build:Building CMake package in '/home/robousr/Robotica2025-2/robolab20252/ExamenParcial2/ros2_ws/src/scara_description'
[0.987s] INFO:colcon.colcon_core.shell:Skip shell extension 'powershell' for command environment: Not usable outside of PowerShell
[0.987s] DEBUG:colcon.colcon_core.shell:Skip shell extension 'dsv' for command environment
[1.901s] INFO:colcon.colcon_core.task.python.build:Building Python package in '/home/robousr/Robotica2025-2/robolab20252/ExamenParcial2/ros2_ws/src/scara_bringup'
[1.902s] INFO:colcon.colcon_core.shell:Skip shell extension 'powershell' for command environment: Not usable outside of PowerShell
[1.902s] DEBUG:colcon.colcon_core.shell:Skip shell extension 'dsv' for command environment
[1.934s] DEBUG:colcon.colcon_core.event_handler.log_command:Invoking command in '/home/robousr/Robotica2025-2/robolab20252/ExamenParcial2/ros2_ws/build/scara_description': CMAKE_PREFIX_PATH=${CMAKE_PREFIX_PATH}:/home/robousr/Robotica2025-2/robolab20252/ExamenParcial2/ros2_ws/install/scara_bringup:/opt/ros/humble /usr/bin/cmake --build /home/robousr/Robotica2025-2/robolab20252/ExamenParcial2/ros2_ws/build/scara_description -- -j4 -l4
[2.067s] DEBUG:colcon.colcon_core.event_handler.log_command:Invoked command in '/home/robousr/Robotica2025-2/robolab20252/ExamenParcial2/ros2_ws/build/scara_description' returned '0': CMAKE_PREFIX_PATH=${CMAKE_PREFIX_PATH}:/home/robousr/Robotica2025-2/robolab20252/ExamenParcial2/ros2_ws/install/scara_bringup:/opt/ros/humble /usr/bin/cmake --build /home/robousr/Robotica2025-2/robolab20252/ExamenParcial2/ros2_ws/build/scara_description -- -j4 -l4
[2.197s] DEBUG:colcon.colcon_core.event_handler.log_command:Invoking command in '/home/robousr/Robotica2025-2/robolab20252/ExamenParcial2/ros2_ws/build/scara_description': CMAKE_PREFIX_PATH=${CMAKE_PREFIX_PATH}:/home/robousr/Robotica2025-2/robolab20252/ExamenParcial2/ros2_ws/install/scara_bringup:/opt/ros/humble /usr/bin/cmake --install /home/robousr/Robotica2025-2/robolab20252/ExamenParcial2/ros2_ws/build/scara_description
[2.277s] Level 1:colcon.colcon_core.environment:create_environment_scripts_only(scara_description)
[2.281s] DEBUG:colcon.colcon_core.event_handler.log_command:Invoked command in '/home/robousr/Robotica2025-2/robolab20252/ExamenParcial2/ros2_ws/build/scara_description' returned '0': CMAKE_PREFIX_PATH=${CMAKE_PREFIX_PATH}:/home/robousr/Robotica2025-2/robolab20252/ExamenParcial2/ros2_ws/install/scara_bringup:/opt/ros/humble /usr/bin/cmake --install /home/robousr/Robotica2025-2/robolab20252/ExamenParcial2/ros2_ws/build/scara_description
[2.286s] Level 1:colcon.colcon_core.environment:checking '/home/robousr/Robotica2025-2/robolab20252/ExamenParcial2/ros2_ws/install/scara_description' for CMake module files
[2.287s] Level 1:colcon.colcon_core.environment:checking '/home/robousr/Robotica2025-2/robolab20252/ExamenParcial2/ros2_ws/install/scara_description' for CMake config files
[2.288s] Level 1:colcon.colcon_core.shell:create_environment_hook('scara_description', 'cmake_prefix_path')
[2.289s] INFO:colcon.colcon_core.shell:Creating environment hook '/home/robousr/Robotica2025-2/robolab20252/ExamenParcial2/ros2_ws/install/scara_description/share/scara_description/hook/cmake_prefix_path.ps1'
[2.295s] INFO:colcon.colcon_core.shell:Creating environment descriptor '/home/robousr/Robotica2025-2/robolab20252/ExamenParcial2/ros2_ws/install/scara_description/share/scara_description/hook/cmake_prefix_path.dsv'
[2.296s] INFO:colcon.colcon_core.shell:Creating environment hook '/home/robousr/Robotica2025-2/robolab20252/ExamenParcial2/ros2_ws/install/scara_description/share/scara_description/hook/cmake_prefix_path.sh'
[2.297s] Level 1:colcon.colcon_core.environment:checking '/home/robousr/Robotica2025-2/robolab20252/ExamenParcial2/ros2_ws/install/scara_description/bin'
[2.298s] Level 1:colcon.colcon_core.environment:checking '/home/robousr/Robotica2025-2/robolab20252/ExamenParcial2/ros2_ws/install/scara_description/lib/pkgconfig/scara_description.pc'
[2.298s] Level 1:colcon.colcon_core.environment:checking '/home/robousr/Robotica2025-2/robolab20252/ExamenParcial2/ros2_ws/install/scara_description/lib/python3.10/site-packages'
[2.299s] Level 1:colcon.colcon_core.environment:checking '/home/robousr/Robotica2025-2/robolab20252/ExamenParcial2/ros2_ws/install/scara_description/bin'
[2.299s] INFO:colcon.colcon_core.shell:Creating package script '/home/robousr/Robotica2025-2/robolab20252/ExamenParcial2/ros2_ws/install/scara_description/share/scara_description/package.ps1'
[2.301s] INFO:colcon.colcon_core.shell:Creating package descriptor '/home/robousr/Robotica2025-2/robolab20252/ExamenParcial2/ros2_ws/install/scara_description/share/scara_description/package.dsv'
[2.302s] INFO:colcon.colcon_core.shell:Creating package script '/home/robousr/Robotica2025-2/robolab20252/ExamenParcial2/ros2_ws/install/scara_description/share/scara_description/package.sh'
[2.304s] INFO:colcon.colcon_core.shell:Creating package script '/home/robousr/Robotica2025-2/robolab20252/ExamenParcial2/ros2_ws/install/scara_description/share/scara_description/package.bash'
[2.305s] INFO:colcon.colcon_core.shell:Creating package script '/home/robousr/Robotica2025-2/robolab20252/ExamenParcial2/ros2_ws/install/scara_description/share/scara_description/package.zsh'
[2.307s] Level 1:colcon.colcon_core.environment:create_file_with_runtime_dependencies(/home/robousr/Robotica2025-2/robolab20252/ExamenParcial2/ros2_ws/install/scara_description/share/colcon-core/packages/scara_description)
[2.414s] Level 1:colcon.colcon_core.environment:create_environment_scripts_only(scara_description)
[2.415s] Level 1:colcon.colcon_core.environment:checking '/home/robousr/Robotica2025-2/robolab20252/ExamenParcial2/ros2_ws/install/scara_description' for CMake module files
[2.420s] Level 1:colcon.colcon_core.environment:checking '/home/robousr/Robotica2025-2/robolab20252/ExamenParcial2/ros2_ws/install/scara_description' for CMake config files
[2.421s] Level 1:colcon.colcon_core.shell:create_environment_hook('scara_description', 'cmake_prefix_path')
[2.423s] INFO:colcon.colcon_core.shell:Creating environment hook '/home/robousr/Robotica2025-2/robolab20252/ExamenParcial2/ros2_ws/install/scara_description/share/scara_description/hook/cmake_prefix_path.ps1'
[2.425s] INFO:colcon.colcon_core.shell:Creating environment descriptor '/home/robousr/Robotica2025-2/robolab20252/ExamenParcial2/ros2_ws/install/scara_description/share/scara_description/hook/cmake_prefix_path.dsv'
[2.426s] INFO:colcon.colcon_core.shell:Creating environment hook '/home/robousr/Robotica2025-2/robolab20252/ExamenParcial2/ros2_ws/install/scara_description/share/scara_description/hook/cmake_prefix_path.sh'
[2.428s] Level 1:colcon.colcon_core.environment:checking '/home/robousr/Robotica2025-2/robolab20252/ExamenParcial2/ros2_ws/install/scara_description/bin'
[2.429s] Level 1:colcon.colcon_core.environment:checking '/home/robousr/Robotica2025-2/robolab20252/ExamenParcial2/ros2_ws/install/scara_description/lib/pkgconfig/scara_description.pc'
[2.429s] Level 1:colcon.colcon_core.environment:checking '/home/robousr/Robotica2025-2/robolab20252/ExamenParcial2/ros2_ws/install/scara_description/lib/python3.10/site-packages'
[2.430s] Level 1:colcon.colcon_core.environment:checking '/home/robousr/Robotica2025-2/robolab20252/ExamenParcial2/ros2_ws/install/scara_description/bin'
[2.430s] INFO:colcon.colcon_core.shell:Creating package script '/home/robousr/Robotica2025-2/robolab20252/ExamenParcial2/ros2_ws/install/scara_description/share/scara_description/package.ps1'
[2.431s] INFO:colcon.colcon_core.shell:Creating package descriptor '/home/robousr/Robotica2025-2/robolab20252/ExamenParcial2/ros2_ws/install/scara_description/share/scara_description/package.dsv'
[2.433s] INFO:colcon.colcon_core.shell:Creating package script '/home/robousr/Robotica2025-2/robolab20252/ExamenParcial2/ros2_ws/install/scara_description/share/scara_description/package.sh'
[2.434s] INFO:colcon.colcon_core.shell:Creating package script '/home/robousr/Robotica2025-2/robolab20252/ExamenParcial2/ros2_ws/install/scara_description/share/scara_description/package.bash'
[2.435s] INFO:colcon.colcon_core.shell:Creating package script '/home/robousr/Robotica2025-2/robolab20252/ExamenParcial2/ros2_ws/install/scara_description/share/scara_description/package.zsh'
[2.436s] Level 1:colcon.colcon_core.environment:create_file_with_runtime_dependencies(/home/robousr/Robotica2025-2/robolab20252/ExamenParcial2/ros2_ws/install/scara_description/share/colcon-core/packages/scara_description)
[3.038s] DEBUG:colcon.colcon_core.event_handler.log_command:Invoking command in '/home/robousr/Robotica2025-2/robolab20252/ExamenParcial2/ros2_ws/build/scara_bringup': PYTHONPATH=/home/robousr/Robotica2025-2/robolab20252/ExamenParcial2/ros2_ws/build/scara_bringup/prefix_override:/usr/lib/python3/dist-packages/colcon_core/task/python/colcon_distutils_commands:/home/robousr/Robotica2025-2/robolab20252/ExamenParcial2/ros2_ws/install/scara_bringup/lib/python3.10/site-packages:${PYTHONPATH} /usr/bin/python3 -W ignore:setup.py install is deprecated setup.py develop --editable --build-directory /home/robousr/Robotica2025-2/robolab20252/ExamenParcial2/ros2_ws/build/scara_bringup/build --no-deps symlink_data
[4.286s] Level 1:colcon.colcon_core.shell:create_environment_hook('scara_bringup', 'pythonpath_develop')
[4.286s] INFO:colcon.colcon_core.shell:Creating environment hook '/home/robousr/Robotica2025-2/robolab20252/ExamenParcial2/ros2_ws/build/scara_bringup/share/scara_bringup/hook/pythonpath_develop.ps1'
[4.289s] INFO:colcon.colcon_core.shell:Creating environment descriptor '/home/robousr/Robotica2025-2/robolab20252/ExamenParcial2/ros2_ws/build/scara_bringup/share/scara_bringup/hook/pythonpath_develop.dsv'
[4.291s] DEBUG:colcon.colcon_core.event_handler.log_command:Invoked command in '/home/robousr/Robotica2025-2/robolab20252/ExamenParcial2/ros2_ws/build/scara_bringup' returned '0': PYTHONPATH=/home/robousr/Robotica2025-2/robolab20252/ExamenParcial2/ros2_ws/build/scara_bringup/prefix_override:/usr/lib/python3/dist-packages/colcon_core/task/python/colcon_distutils_commands:/home/robousr/Robotica2025-2/robolab20252/ExamenParcial2/ros2_ws/install/scara_bringup/lib/python3.10/site-packages:${PYTHONPATH} /usr/bin/python3 -W ignore:setup.py install is deprecated setup.py develop --editable --build-directory /home/robousr/Robotica2025-2/robolab20252/ExamenParcial2/ros2_ws/build/scara_bringup/build --no-deps symlink_data
[4.292s] INFO:colcon.colcon_core.shell:Creating environment hook '/home/robousr/Robotica2025-2/robolab20252/ExamenParcial2/ros2_ws/build/scara_bringup/share/scara_bringup/hook/pythonpath_develop.sh'
[4.293s] Level 1:colcon.colcon_core.environment:checking '/home/robousr/Robotica2025-2/robolab20252/ExamenParcial2/ros2_ws/install/scara_bringup' for CMake module files
[4.296s] Level 1:colcon.colcon_core.environment:checking '/home/robousr/Robotica2025-2/robolab20252/ExamenParcial2/ros2_ws/install/scara_bringup' for CMake config files
[4.298s] Level 1:colcon.colcon_core.environment:checking '/home/robousr/Robotica2025-2/robolab20252/ExamenParcial2/ros2_ws/install/scara_bringup/lib'
[4.298s] Level 1:colcon.colcon_core.environment:checking '/home/robousr/Robotica2025-2/robolab20252/ExamenParcial2/ros2_ws/install/scara_bringup/bin'
[4.298s] Level 1:colcon.colcon_core.shell:create_environment_hook('scara_bringup', 'path')
[4.299s] INFO:colcon.colcon_core.shell:Creating environment hook '/home/robousr/Robotica2025-2/robolab20252/ExamenParcial2/ros2_ws/install/scara_bringup/share/scara_bringup/hook/path.ps1'
[4.303s] INFO:colcon.colcon_core.shell:Creating environment descriptor '/home/robousr/Robotica2025-2/robolab20252/ExamenParcial2/ros2_ws/install/scara_bringup/share/scara_bringup/hook/path.dsv'
[4.305s] INFO:colcon.colcon_core.shell:Creating environment hook '/home/robousr/Robotica2025-2/robolab20252/ExamenParcial2/ros2_ws/install/scara_bringup/share/scara_bringup/hook/path.sh'
[4.306s] Level 1:colcon.colcon_core.environment:checking '/home/robousr/Robotica2025-2/robolab20252/ExamenParcial2/ros2_ws/install/scara_bringup/lib/pkgconfig/scara_bringup.pc'
[4.307s] Level 1:colcon.colcon_core.environment:checking '/home/robousr/Robotica2025-2/robolab20252/ExamenParcial2/ros2_ws/install/scara_bringup/lib/python3.10/site-packages'
[4.307s] Level 1:colcon.colcon_core.shell:create_environment_hook('scara_bringup', 'pythonpath')
[4.311s] INFO:colcon.colcon_core.shell:Creating environment hook '/home/robousr/Robotica2025-2/robolab20252/ExamenParcial2/ros2_ws/install/scara_bringup/share/scara_bringup/hook/pythonpath.ps1'
[4.312s] INFO:colcon.colcon_core.shell:Creating environment descriptor '/home/robousr/Robotica2025-2/robolab20252/ExamenParcial2/ros2_ws/install/scara_bringup/share/scara_bringup/hook/pythonpath.dsv'
[4.316s] INFO:colcon.colcon_core.shell:Creating environment hook '/home/robousr/Robotica2025-2/robolab20252/ExamenParcial2/ros2_ws/install/scara_bringup/share/scara_bringup/hook/pythonpath.sh'
[4.317s] Level 1:colcon.colcon_core.environment:checking '/home/robousr/Robotica2025-2/robolab20252/ExamenParcial2/ros2_ws/install/scara_bringup/bin'
[4.318s] Level 1:colcon.colcon_core.shell:create_environment_hook('scara_bringup', 'pythonscriptspath')
[4.318s] INFO:colcon.colcon_core.shell:Creating environment hook '/home/robousr/Robotica2025-2/robolab20252/ExamenParcial2/ros2_ws/install/scara_bringup/share/scara_bringup/hook/pythonscriptspath.ps1'
[4.319s] INFO:colcon.colcon_core.shell:Creating environment descriptor '/home/robousr/Robotica2025-2/robolab20252/ExamenParcial2/ros2_ws/install/scara_bringup/share/scara_bringup/hook/pythonscriptspath.dsv'
[4.326s] INFO:colcon.colcon_core.shell:Creating environment hook '/home/robousr/Robotica2025-2/robolab20252/ExamenParcial2/ros2_ws/install/scara_bringup/share/scara_bringup/hook/pythonscriptspath.sh'
[4.327s] Level 1:colcon.colcon_core.environment:create_environment_scripts_only(scara_bringup)
[4.328s] INFO:colcon.colcon_core.shell:Creating package script '/home/robousr/Robotica2025-2/robolab20252/ExamenParcial2/ros2_ws/install/scara_bringup/share/scara_bringup/package.ps1'
[4.331s] INFO:colcon.colcon_core.shell:Creating package descriptor '/home/robousr/Robotica2025-2/robolab20252/ExamenParcial2/ros2_ws/install/scara_bringup/share/scara_bringup/package.dsv'
[4.336s] INFO:colcon.colcon_core.shell:Creating package script '/home/robousr/Robotica2025-2/robolab20252/ExamenParcial2/ros2_ws/install/scara_bringup/share/scara_bringup/package.sh'
[4.344s] INFO:colcon.colcon_core.shell:Creating package script '/home/robousr/Robotica2025-2/robolab20252/ExamenParcial2/ros2_ws/install/scara_bringup/share/scara_bringup/package.bash'
[4.346s] INFO:colcon.colcon_core.shell:Creating package script '/home/robousr/Robotica2025-2/robolab20252/ExamenParcial2/ros2_ws/install/scara_bringup/share/scara_bringup/package.zsh'
[4.348s] Level 1:colcon.colcon_core.environment:create_file_with_runtime_dependencies(/home/robousr/Robotica2025-2/robolab20252/ExamenParcial2/ros2_ws/install/scara_bringup/share/colcon-core/packages/scara_bringup)
[4.349s] DEBUG:colcon.colcon_parallel_executor.executor.parallel:closing loop
[4.351s] DEBUG:colcon.colcon_parallel_executor.executor.parallel:loop closed
[4.351s] DEBUG:colcon.colcon_parallel_executor.executor.parallel:run_until_complete finished with '0'
[4.351s] DEBUG:colcon.colcon_core.event_reactor:joining thread
[4.366s] INFO:colcon.colcon_core.plugin_system:Skipping extension 'colcon_notification.desktop_notification.terminal_notifier': Not used on non-Darwin systems
[4.367s] INFO:colcon.colcon_core.plugin_system:Skipping extension 'colcon_notification.desktop_notification.win32': Not used on non-Windows systems
[4.367s] INFO:colcon.colcon_notification.desktop_notification:Sending desktop notification using 'notify2'
[4.417s] DEBUG:colcon.colcon_core.event_reactor:joined thread
[4.418s] INFO:colcon.colcon_core.shell:Creating prefix script '/home/robousr/Robotica2025-2/robolab20252/ExamenParcial2/ros2_ws/install/local_setup.ps1'
[4.421s] INFO:colcon.colcon_core.shell:Creating prefix util module '/home/robousr/Robotica2025-2/robolab20252/ExamenParcial2/ros2_ws/install/_local_setup_util_ps1.py'
[4.425s] INFO:colcon.colcon_core.shell:Creating prefix chain script '/home/robousr/Robotica2025-2/robolab20252/ExamenParcial2/ros2_ws/install/setup.ps1'
[4.429s] INFO:colcon.colcon_core.shell:Creating prefix script '/home/robousr/Robotica2025-2/robolab20252/ExamenParcial2/ros2_ws/install/local_setup.sh'
[4.432s] INFO:colcon.colcon_core.shell:Creating prefix util module '/home/robousr/Robotica2025-2/robolab20252/ExamenParcial2/ros2_ws/install/_local_setup_util_sh.py'
[4.434s] INFO:colcon.colcon_core.shell:Creating prefix chain script '/home/robousr/Robotica2025-2/robolab20252/ExamenParcial2/ros2_ws/install/setup.sh'
[4.441s] INFO:colcon.colcon_core.shell:Creating prefix script '/home/robousr/Robotica2025-2/robolab20252/ExamenParcial2/ros2_ws/install/local_setup.bash'
[4.443s] INFO:colcon.colcon_core.shell:Creating prefix chain script '/home/robousr/Robotica2025-2/robolab20252/ExamenParcial2/ros2_ws/install/setup.bash'
[4.447s] INFO:colcon.colcon_core.shell:Creating prefix script '/home/robousr/Robotica2025-2/robolab20252/ExamenParcial2/ros2_ws/install/local_setup.zsh'
[4.449s] INFO:colcon.colcon_core.shell:Creating prefix chain script '/home/robousr/Robotica2025-2/robolab20252/ExamenParcial2/ros2_ws/install/setup.zsh'
