running develop
Removing /home/robousr/Robotica2025-2/robolab20252/ExamenParcial2/ros2_ws/install/scara_bringup/lib/python3.10/site-packages/scara-bringup.egg-link (link to .)
running egg_info
writing ../../build/scara_bringup/scara_bringup.egg-info/PKG-INFO
writing dependency_links to ../../build/scara_bringup/scara_bringup.egg-info/dependency_links.txt
writing entry points to ../../build/scara_bringup/scara_bringup.egg-info/entry_points.txt
writing requirements to ../../build/scara_bringup/scara_bringup.egg-info/requires.txt
writing top-level names to ../../build/scara_bringup/scara_bringup.egg-info/top_level.txt
reading manifest file '../../build/scara_bringup/scara_bringup.egg-info/SOURCES.txt'
adding license file 'LICENSE'
writing manifest file '../../build/scara_bringup/scara_bringup.egg-info/SOURCES.txt'
running build
running build_py
creating /home/robousr/Robotica2025-2/robolab20252/ExamenParcial2/ros2_ws/build/scara_bringup/build
creating /home/robousr/Robotica2025-2/robolab20252/ExamenParcial2/ros2_ws/build/scara_bringup/build/lib
creating /home/robousr/Robotica2025-2/robolab20252/ExamenParcial2/ros2_ws/build/scara_bringup/build/lib/scara_bringup
copying scara_bringup/scara_tray_line_py.py -> /home/robousr/Robotica2025-2/robolab20252/ExamenParcial2/ros2_ws/build/scara_bringup/build/lib/scara_bringup
copying scara_bringup/__init__.py -> /home/robousr/Robotica2025-2/robolab20252/ExamenParcial2/ros2_ws/build/scara_bringup/build/lib/scara_bringup
copying scara_bringup/scara_test_py.py -> /home/robousr/Robotica2025-2/robolab20252/ExamenParcial2/ros2_ws/build/scara_bringup/build/lib/scara_bringup
running install
running install_lib
creating /home/robousr/Robotica2025-2/robolab20252/ExamenParcial2/ros2_ws/install/scara_bringup/lib/python3.10/site-packages/scara_bringup
copying /home/robousr/Robotica2025-2/robolab20252/ExamenParcial2/ros2_ws/build/scara_bringup/build/lib/scara_bringup/scara_tray_line_py.py -> /home/robousr/Robotica2025-2/robolab20252/ExamenParcial2/ros2_ws/install/scara_bringup/lib/python3.10/site-packages/scara_bringup
copying /home/robousr/Robotica2025-2/robolab20252/ExamenParcial2/ros2_ws/build/scara_bringup/build/lib/scara_bringup/__init__.py -> /home/robousr/Robotica2025-2/robolab20252/ExamenParcial2/ros2_ws/install/scara_bringup/lib/python3.10/site-packages/scara_bringup
copying /home/robousr/Robotica2025-2/robolab20252/ExamenParcial2/ros2_ws/build/scara_bringup/build/lib/scara_bringup/scara_test_py.py -> /home/robousr/Robotica2025-2/robolab20252/ExamenParcial2/ros2_ws/install/scara_bringup/lib/python3.10/site-packages/scara_bringup
byte-compiling /home/robousr/Robotica2025-2/robolab20252/ExamenParcial2/ros2_ws/install/scara_bringup/lib/python3.10/site-packages/scara_bringup/scara_tray_line_py.py to scara_tray_line_py.cpython-310.pyc
byte-compiling /home/robousr/Robotica2025-2/robolab20252/ExamenParcial2/ros2_ws/install/scara_bringup/lib/python3.10/site-packages/scara_bringup/__init__.py to __init__.cpython-310.pyc
byte-compiling /home/robousr/Robotica2025-2/robolab20252/ExamenParcial2/ros2_ws/install/scara_bringup/lib/python3.10/site-packages/scara_bringup/scara_test_py.py to scara_test_py.cpython-310.pyc
running install_data
copying resource/scara_bringup -> /home/robousr/Robotica2025-2/robolab20252/ExamenParcial2/ros2_ws/install/scara_bringup/share/ament_index/resource_index/packages
copying package.xml -> /home/robousr/Robotica2025-2/robolab20252/ExamenParcial2/ros2_ws/install/scara_bringup/share/scara_bringup
copying launch/scara_control.launch.py -> /home/robousr/Robotica2025-2/robolab20252/ExamenParcial2/ros2_ws/install/scara_bringup/share/scara_bringup/launch
running install_egg_info
Copying ../../build/scara_bringup/scara_bringup.egg-info to /home/robousr/Robotica2025-2/robolab20252/ExamenParcial2/ros2_ws/install/scara_bringup/lib/python3.10/site-packages/scara_bringup-0.0.0-py3.10.egg-info
running install_scripts
Installing mobile_control script to lib/scara_bringup
Installing scara_test script to lib/scara_bringup
Installing scara_tray_line script to lib/scara_bringup
writing list of installed files to '/home/robousr/Robotica2025-2/robolab20252/ExamenParcial2/ros2_ws/build/scara_bringup/install.log'
