[0.233s] DEBUG:colcon:Command line arguments: ['/usr/bin/colcon', 'build', '--symlink-install']
[0.233s] DEBUG:colcon:Parsed command line arguments: Namespace(log_base=None, log_level=None, verb_name='build', build_base='build', install_base='install', merge_install=False, symlink_install=True, test_result_base=None, continue_on_error=False, executor='parallel', parallel_workers=4, event_handlers=None, ignore_user_meta=False, metas=['./colcon.meta'], base_paths=['.'], packages_ignore=None, packages_ignore_regex=None, paths=None, packages_up_to=None, packages_up_to_regex=None, packages_above=None, packages_above_and_dependencies=None, packages_above_depth=None, packages_select_by_dep=None, packages_skip_by_dep=None, packages_skip_up_to=None, packages_select_build_failed=False, packages_skip_build_finished=False, packages_select_test_failures=False, packages_skip_test_passed=False, packages_select=None, packages_skip=None, packages_select_regex=None, packages_skip_regex=None, packages_start=None, packages_end=None, allow_overriding=[], cmake_args=None, cmake_target=None, cmake_target_skip_unavailable=False, cmake_clean_cache=False, cmake_clean_first=False, cmake_force_configure=False, ament_cmake_args=None, catkin_cmake_args=None, catkin_skip_building_tests=False, mixin_files=None, mixin=None, verb_parser=<colcon_mixin.mixin.mixin_argument.MixinArgumentDecorator object at 0x75c4e0284250>, verb_extension=<colcon_core.verb.build.BuildVerb object at 0x75c4e024fcd0>, main=<bound method BuildVerb.main of <colcon_core.verb.build.BuildVerb object at 0x75c4e024fcd0>>, mixin_verb=('build',))
[0.611s] Level 1:colcon.colcon_core.package_discovery:discover_packages(colcon_meta) check parameters
[0.611s] Level 1:colcon.colcon_core.package_discovery:discover_packages(recursive) check parameters
[0.611s] Level 1:colcon.colcon_core.package_discovery:discover_packages(ignore) check parameters
[0.611s] Level 1:colcon.colcon_core.package_discovery:discover_packages(path) check parameters
[0.611s] Level 1:colcon.colcon_core.package_discovery:discover_packages(colcon_meta) discover
[0.612s] Level 1:colcon.colcon_core.package_discovery:discover_packages(recursive) discover
[0.612s] INFO:colcon.colcon_core.package_discovery:Crawling recursively for packages in '/home/robousr/Robotica2025-2/robolab20252/ExamenParcial2/ros2_ws'
[0.612s] Level 1:colcon.colcon_core.package_identification:_identify(.) by extensions ['ignore', 'ignore_ament_install']
[0.612s] Level 1:colcon.colcon_core.package_identification:_identify(.) by extension 'ignore'
[0.612s] Level 1:colcon.colcon_core.package_identification:_identify(.) by extension 'ignore_ament_install'
[0.612s] Level 1:colcon.colcon_core.package_identification:_identify(.) by extensions ['colcon_pkg']
[0.612s] Level 1:colcon.colcon_core.package_identification:_identify(.) by extension 'colcon_pkg'
[0.613s] Level 1:colcon.colcon_core.package_identification:_identify(.) by extensions ['colcon_meta']
[0.613s] Level 1:colcon.colcon_core.package_identification:_identify(.) by extension 'colcon_meta'
[0.613s] Level 1:colcon.colcon_core.package_identification:_identify(.) by extensions ['ros']
[0.613s] Level 1:colcon.colcon_core.package_identification:_identify(.) by extension 'ros'
[0.636s] Level 1:colcon.colcon_core.package_identification:_identify(.) by extensions ['cmake', 'python']
[0.636s] Level 1:colcon.colcon_core.package_identification:_identify(.) by extension 'cmake'
[0.636s] Level 1:colcon.colcon_core.package_identification:_identify(.) by extension 'python'
[0.636s] Level 1:colcon.colcon_core.package_identification:_identify(.) by extensions ['python_setup_py']
[0.636s] Level 1:colcon.colcon_core.package_identification:_identify(.) by extension 'python_setup_py'
[0.637s] Level 1:colcon.colcon_core.package_identification:_identify(build) by extensions ['ignore', 'ignore_ament_install']
[0.637s] Level 1:colcon.colcon_core.package_identification:_identify(build) by extension 'ignore'
[0.637s] Level 1:colcon.colcon_core.package_identification:_identify(build) ignored
[0.638s] Level 1:colcon.colcon_core.package_identification:_identify(install) by extensions ['ignore', 'ignore_ament_install']
[0.638s] Level 1:colcon.colcon_core.package_identification:_identify(install) by extension 'ignore'
[0.638s] Level 1:colcon.colcon_core.package_identification:_identify(install) ignored
[0.638s] Level 1:colcon.colcon_core.package_identification:_identify(log) by extensions ['ignore', 'ignore_ament_install']
[0.638s] Level 1:colcon.colcon_core.package_identification:_identify(log) by extension 'ignore'
[0.638s] Level 1:colcon.colcon_core.package_identification:_identify(log) ignored
[0.639s] Level 1:colcon.colcon_core.package_identification:_identify(src) by extensions ['ignore', 'ignore_ament_install']
[0.639s] Level 1:colcon.colcon_core.package_identification:_identify(src) by extension 'ignore'
[0.639s] Level 1:colcon.colcon_core.package_identification:_identify(src) by extension 'ignore_ament_install'
[0.639s] Level 1:colcon.colcon_core.package_identification:_identify(src) by extensions ['colcon_pkg']
[0.639s] Level 1:colcon.colcon_core.package_identification:_identify(src) by extension 'colcon_pkg'
[0.639s] Level 1:colcon.colcon_core.package_identification:_identify(src) by extensions ['colcon_meta']
[0.639s] Level 1:colcon.colcon_core.package_identification:_identify(src) by extension 'colcon_meta'
[0.639s] Level 1:colcon.colcon_core.package_identification:_identify(src) by extensions ['ros']
[0.639s] Level 1:colcon.colcon_core.package_identification:_identify(src) by extension 'ros'
[0.640s] Level 1:colcon.colcon_core.package_identification:_identify(src) by extensions ['cmake', 'python']
[0.640s] Level 1:colcon.colcon_core.package_identification:_identify(src) by extension 'cmake'
[0.640s] Level 1:colcon.colcon_core.package_identification:_identify(src) by extension 'python'
[0.640s] Level 1:colcon.colcon_core.package_identification:_identify(src) by extensions ['python_setup_py']
[0.640s] Level 1:colcon.colcon_core.package_identification:_identify(src) by extension 'python_setup_py'
[0.640s] Level 1:colcon.colcon_core.package_identification:_identify(src/scara_bringup) by extensions ['ignore', 'ignore_ament_install']
[0.640s] Level 1:colcon.colcon_core.package_identification:_identify(src/scara_bringup) by extension 'ignore'
[0.641s] Level 1:colcon.colcon_core.package_identification:_identify(src/scara_bringup) by extension 'ignore_ament_install'
[0.641s] Level 1:colcon.colcon_core.package_identification:_identify(src/scara_bringup) by extensions ['colcon_pkg']
[0.641s] Level 1:colcon.colcon_core.package_identification:_identify(src/scara_bringup) by extension 'colcon_pkg'
[0.641s] Level 1:colcon.colcon_core.package_identification:_identify(src/scara_bringup) by extensions ['colcon_meta']
[0.641s] Level 1:colcon.colcon_core.package_identification:_identify(src/scara_bringup) by extension 'colcon_meta'
[0.641s] Level 1:colcon.colcon_core.package_identification:_identify(src/scara_bringup) by extensions ['ros']
[0.641s] Level 1:colcon.colcon_core.package_identification:_identify(src/scara_bringup) by extension 'ros'
[0.645s] DEBUG:colcon.colcon_core.package_identification:Package 'src/scara_bringup' with type 'ros.ament_python' and name 'scara_bringup'
[0.646s] Level 1:colcon.colcon_core.package_identification:_identify(src/scara_control) by extensions ['ignore', 'ignore_ament_install']
[0.646s] Level 1:colcon.colcon_core.package_identification:_identify(src/scara_control) by extension 'ignore'
[0.646s] Level 1:colcon.colcon_core.package_identification:_identify(src/scara_control) by extension 'ignore_ament_install'
[0.646s] Level 1:colcon.colcon_core.package_identification:_identify(src/scara_control) by extensions ['colcon_pkg']
[0.646s] Level 1:colcon.colcon_core.package_identification:_identify(src/scara_control) by extension 'colcon_pkg'
[0.646s] Level 1:colcon.colcon_core.package_identification:_identify(src/scara_control) by extensions ['colcon_meta']
[0.646s] Level 1:colcon.colcon_core.package_identification:_identify(src/scara_control) by extension 'colcon_meta'
[0.646s] Level 1:colcon.colcon_core.package_identification:_identify(src/scara_control) by extensions ['ros']
[0.647s] Level 1:colcon.colcon_core.package_identification:_identify(src/scara_control) by extension 'ros'
[0.647s] DEBUG:colcon.colcon_core.package_identification:Package 'src/scara_control' with type 'ros.ament_python' and name 'scara_control'
[0.648s] Level 1:colcon.colcon_core.package_identification:_identify(src/scara_description) by extensions ['ignore', 'ignore_ament_install']
[0.648s] Level 1:colcon.colcon_core.package_identification:_identify(src/scara_description) by extension 'ignore'
[0.648s] Level 1:colcon.colcon_core.package_identification:_identify(src/scara_description) by extension 'ignore_ament_install'
[0.648s] Level 1:colcon.colcon_core.package_identification:_identify(src/scara_description) by extensions ['colcon_pkg']
[0.648s] Level 1:colcon.colcon_core.package_identification:_identify(src/scara_description) by extension 'colcon_pkg'
[0.648s] Level 1:colcon.colcon_core.package_identification:_identify(src/scara_description) by extensions ['colcon_meta']
[0.648s] Level 1:colcon.colcon_core.package_identification:_identify(src/scara_description) by extension 'colcon_meta'
[0.648s] Level 1:colcon.colcon_core.package_identification:_identify(src/scara_description) by extensions ['ros']
[0.649s] Level 1:colcon.colcon_core.package_identification:_identify(src/scara_description) by extension 'ros'
[0.650s] DEBUG:colcon.colcon_core.package_identification:Package 'src/scara_description' with type 'ros.ament_cmake' and name 'scara_description'
[0.650s] Level 1:colcon.colcon_core.package_discovery:discover_packages(recursive) using defaults
[0.650s] Level 1:colcon.colcon_core.package_discovery:discover_packages(ignore) discover
[0.650s] Level 1:colcon.colcon_core.package_discovery:discover_packages(ignore) using defaults
[0.650s] Level 1:colcon.colcon_core.package_discovery:discover_packages(path) discover
[0.650s] Level 1:colcon.colcon_core.package_discovery:discover_packages(path) using defaults
[0.690s] Level 1:colcon.colcon_core.package_discovery:discover_packages(prefix_path) check parameters
[0.690s] Level 1:colcon.colcon_core.package_discovery:discover_packages(prefix_path) discover
[0.692s] WARNING:colcon.colcon_core.prefix_path.colcon:The path '/home/robousr/Robotica2025-2/robolab20252/ExamenParcial2/ros2_ws/src/install' in the environment variable COLCON_PREFIX_PATH doesn't exist
[0.693s] WARNING:colcon.colcon_ros.prefix_path.ament:The path '/home/robousr/Robotica2025-2/robolab20252/ExamenParcial2/ros2_ws/src/install/scara_bringup' in the environment variable AMENT_PREFIX_PATH doesn't exist
[0.693s] WARNING:colcon.colcon_ros.prefix_path.ament:The path '/home/robousr/Robotica2025-2/robolab20252/ExamenParcial2/ros2_ws/src/install/scara_description' in the environment variable AMENT_PREFIX_PATH doesn't exist
[0.693s] WARNING:colcon.colcon_ros.prefix_path.ament:The path '/home/robousr/Robotica2025-2/robolab20252/ExamenParcial2/ros2_ws/src/install/scara_control' in the environment variable AMENT_PREFIX_PATH doesn't exist
[0.693s] WARNING:colcon.colcon_ros.prefix_path.catkin:The path '/home/robousr/Robotica2025-2/robolab20252/ExamenParcial2/ros2_ws/src/install/scara_description' in the environment variable CMAKE_PREFIX_PATH doesn't exist
[0.695s] DEBUG:colcon.colcon_installed_package_information.package_discovery:Found 3 installed packages in /home/robousr/Robotica2025-2/robolab20252/ExamenParcial2/ros2_ws/install
[0.699s] DEBUG:colcon.colcon_installed_package_information.package_discovery:Found 330 installed packages in /opt/ros/humble
[0.702s] Level 1:colcon.colcon_core.package_discovery:discover_packages(prefix_path) using defaults
[0.815s] Level 5:colcon.colcon_core.verb:set package 'scara_bringup' build argument 'cmake_args' from command line to 'None'
[0.815s] Level 5:colcon.colcon_core.verb:set package 'scara_bringup' build argument 'cmake_target' from command line to 'None'
[0.815s] Level 5:colcon.colcon_core.verb:set package 'scara_bringup' build argument 'cmake_target_skip_unavailable' from command line to 'False'
[0.815s] Level 5:colcon.colcon_core.verb:set package 'scara_bringup' build argument 'cmake_clean_cache' from command line to 'False'
[0.815s] Level 5:colcon.colcon_core.verb:set package 'scara_bringup' build argument 'cmake_clean_first' from command line to 'False'
[0.815s] Level 5:colcon.colcon_core.verb:set package 'scara_bringup' build argument 'cmake_force_configure' from command line to 'False'
[0.815s] Level 5:colcon.colcon_core.verb:set package 'scara_bringup' build argument 'ament_cmake_args' from command line to 'None'
[0.815s] Level 5:colcon.colcon_core.verb:set package 'scara_bringup' build argument 'catkin_cmake_args' from command line to 'None'
[0.815s] Level 5:colcon.colcon_core.verb:set package 'scara_bringup' build argument 'catkin_skip_building_tests' from command line to 'False'
[0.816s] DEBUG:colcon.colcon_core.verb:Building package 'scara_bringup' with the following arguments: {'ament_cmake_args': None, 'build_base': '/home/robousr/Robotica2025-2/robolab20252/ExamenParcial2/ros2_ws/build/scara_bringup', 'catkin_cmake_args': None, 'catkin_skip_building_tests': False, 'cmake_args': None, 'cmake_clean_cache': False, 'cmake_clean_first': False, 'cmake_force_configure': False, 'cmake_target': None, 'cmake_target_skip_unavailable': False, 'install_base': '/home/robousr/Robotica2025-2/robolab20252/ExamenParcial2/ros2_ws/install/scara_bringup', 'merge_install': False, 'path': '/home/robousr/Robotica2025-2/robolab20252/ExamenParcial2/ros2_ws/src/scara_bringup', 'symlink_install': True, 'test_result_base': None}
[0.816s] Level 5:colcon.colcon_core.verb:set package 'scara_control' build argument 'cmake_args' from command line to 'None'
[0.817s] Level 5:colcon.colcon_core.verb:set package 'scara_control' build argument 'cmake_target' from command line to 'None'
[0.817s] Level 5:colcon.colcon_core.verb:set package 'scara_control' build argument 'cmake_target_skip_unavailable' from command line to 'False'
[0.817s] Level 5:colcon.colcon_core.verb:set package 'scara_control' build argument 'cmake_clean_cache' from command line to 'False'
[0.817s] Level 5:colcon.colcon_core.verb:set package 'scara_control' build argument 'cmake_clean_first' from command line to 'False'
[0.817s] Level 5:colcon.colcon_core.verb:set package 'scara_control' build argument 'cmake_force_configure' from command line to 'False'
[0.817s] Level 5:colcon.colcon_core.verb:set package 'scara_control' build argument 'ament_cmake_args' from command line to 'None'
[0.817s] Level 5:colcon.colcon_core.verb:set package 'scara_control' build argument 'catkin_cmake_args' from command line to 'None'
[0.817s] Level 5:colcon.colcon_core.verb:set package 'scara_control' build argument 'catkin_skip_building_tests' from command line to 'False'
[0.817s] DEBUG:colcon.colcon_core.verb:Building package 'scara_control' with the following arguments: {'ament_cmake_args': None, 'build_base': '/home/robousr/Robotica2025-2/robolab20252/ExamenParcial2/ros2_ws/build/scara_control', 'catkin_cmake_args': None, 'catkin_skip_building_tests': False, 'cmake_args': None, 'cmake_clean_cache': False, 'cmake_clean_first': False, 'cmake_force_configure': False, 'cmake_target': None, 'cmake_target_skip_unavailable': False, 'install_base': '/home/robousr/Robotica2025-2/robolab20252/ExamenParcial2/ros2_ws/install/scara_control', 'merge_install': False, 'path': '/home/robousr/Robotica2025-2/robolab20252/ExamenParcial2/ros2_ws/src/scara_control', 'symlink_install': True, 'test_result_base': None}
[0.818s] Level 5:colcon.colcon_core.verb:set package 'scara_description' build argument 'cmake_args' from command line to 'None'
[0.818s] Level 5:colcon.colcon_core.verb:set package 'scara_description' build argument 'cmake_target' from command line to 'None'
[0.818s] Level 5:colcon.colcon_core.verb:set package 'scara_description' build argument 'cmake_target_skip_unavailable' from command line to 'False'
[0.818s] Level 5:colcon.colcon_core.verb:set package 'scara_description' build argument 'cmake_clean_cache' from command line to 'False'
[0.818s] Level 5:colcon.colcon_core.verb:set package 'scara_description' build argument 'cmake_clean_first' from command line to 'False'
[0.818s] Level 5:colcon.colcon_core.verb:set package 'scara_description' build argument 'cmake_force_configure' from command line to 'False'
[0.818s] Level 5:colcon.colcon_core.verb:set package 'scara_description' build argument 'ament_cmake_args' from command line to 'None'
[0.819s] Level 5:colcon.colcon_core.verb:set package 'scara_description' build argument 'catkin_cmake_args' from command line to 'None'
[0.819s] Level 5:colcon.colcon_core.verb:set package 'scara_description' build argument 'catkin_skip_building_tests' from command line to 'False'
[0.819s] DEBUG:colcon.colcon_core.verb:Building package 'scara_description' with the following arguments: {'ament_cmake_args': None, 'build_base': '/home/robousr/Robotica2025-2/robolab20252/ExamenParcial2/ros2_ws/build/scara_description', 'catkin_cmake_args': None, 'catkin_skip_building_tests': False, 'cmake_args': None, 'cmake_clean_cache': False, 'cmake_clean_first': False, 'cmake_force_configure': False, 'cmake_target': None, 'cmake_target_skip_unavailable': False, 'install_base': '/home/robousr/Robotica2025-2/robolab20252/ExamenParcial2/ros2_ws/install/scara_description', 'merge_install': False, 'path': '/home/robousr/Robotica2025-2/robolab20252/ExamenParcial2/ros2_ws/src/scara_description', 'symlink_install': True, 'test_result_base': None}
[0.819s] INFO:colcon.colcon_core.executor:Executing jobs using 'parallel' executor
[0.821s] DEBUG:colcon.colcon_parallel_executor.executor.parallel:run_until_complete
[0.822s] INFO:colcon.colcon_ros.task.ament_python.build:Building ROS package in '/home/robousr/Robotica2025-2/robolab20252/ExamenParcial2/ros2_ws/src/scara_bringup' with build type 'ament_python'
[0.822s] Level 1:colcon.colcon_core.shell:create_environment_hook('scara_bringup', 'ament_prefix_path')
[0.827s] INFO:colcon.colcon_core.plugin_system:Skipping extension 'colcon_core.shell.bat': Not used on non-Windows systems
[0.828s] INFO:colcon.colcon_core.shell:Creating environment hook '/home/robousr/Robotica2025-2/robolab20252/ExamenParcial2/ros2_ws/install/scara_bringup/share/scara_bringup/hook/ament_prefix_path.ps1'
[0.830s] INFO:colcon.colcon_core.shell:Creating environment descriptor '/home/robousr/Robotica2025-2/robolab20252/ExamenParcial2/ros2_ws/install/scara_bringup/share/scara_bringup/hook/ament_prefix_path.dsv'
[0.831s] INFO:colcon.colcon_core.shell:Creating environment hook '/home/robousr/Robotica2025-2/robolab20252/ExamenParcial2/ros2_ws/install/scara_bringup/share/scara_bringup/hook/ament_prefix_path.sh'
[0.833s] INFO:colcon.colcon_core.shell:Skip shell extension 'powershell' for command environment: Not usable outside of PowerShell
[0.833s] DEBUG:colcon.colcon_core.shell:Skip shell extension 'dsv' for command environment
[0.844s] INFO:colcon.colcon_ros.task.ament_python.build:Building ROS package in '/home/robousr/Robotica2025-2/robolab20252/ExamenParcial2/ros2_ws/src/scara_control' with build type 'ament_python'
[0.844s] Level 1:colcon.colcon_core.shell:create_environment_hook('scara_control', 'ament_prefix_path')
[0.845s] INFO:colcon.colcon_core.shell:Creating environment hook '/home/robousr/Robotica2025-2/robolab20252/ExamenParcial2/ros2_ws/install/scara_control/share/scara_control/hook/ament_prefix_path.ps1'
[0.847s] INFO:colcon.colcon_core.shell:Creating environment descriptor '/home/robousr/Robotica2025-2/robolab20252/ExamenParcial2/ros2_ws/install/scara_control/share/scara_control/hook/ament_prefix_path.dsv'
[0.848s] INFO:colcon.colcon_core.shell:Creating environment hook '/home/robousr/Robotica2025-2/robolab20252/ExamenParcial2/ros2_ws/install/scara_control/share/scara_control/hook/ament_prefix_path.sh'
[0.850s] INFO:colcon.colcon_core.shell:Skip shell extension 'powershell' for command environment: Not usable outside of PowerShell
[0.850s] DEBUG:colcon.colcon_core.shell:Skip shell extension 'dsv' for command environment
[0.863s] INFO:colcon.colcon_ros.task.ament_cmake.build:Building ROS package in '/home/robousr/Robotica2025-2/robolab20252/ExamenParcial2/ros2_ws/src/scara_description' with build type 'ament_cmake'
[0.863s] INFO:colcon.colcon_cmake.task.cmake.build:Building CMake package in '/home/robousr/Robotica2025-2/robolab20252/ExamenParcial2/ros2_ws/src/scara_description'
[0.864s] INFO:colcon.colcon_core.shell:Skip shell extension 'powershell' for command environment: Not usable outside of PowerShell
[0.864s] DEBUG:colcon.colcon_core.shell:Skip shell extension 'dsv' for command environment
[1.494s] WARNING:colcon.colcon_ros.task.ament_python.build:Package 'scara_bringup' doesn't explicitly install a marker in the package index (colcon-ros currently does it implicitly but that fallback will be removed in the future)
[1.494s] WARNING:colcon.colcon_ros.task.ament_python.build:Package 'scara_bringup' doesn't explicitly install the 'package.xml' file (colcon-ros currently does it implicitly but that fallback will be removed in the future)
[1.495s] INFO:colcon.colcon_core.task.python.build:Building Python package in '/home/robousr/Robotica2025-2/robolab20252/ExamenParcial2/ros2_ws/src/scara_bringup'
[1.495s] INFO:colcon.colcon_core.shell:Skip shell extension 'powershell' for command environment: Not usable outside of PowerShell
[1.495s] DEBUG:colcon.colcon_core.shell:Skip shell extension 'dsv' for command environment
[2.115s] WARNING:colcon.colcon_ros.task.ament_python.build:Package 'scara_control' doesn't explicitly install a marker in the package index (colcon-ros currently does it implicitly but that fallback will be removed in the future)
[2.115s] WARNING:colcon.colcon_ros.task.ament_python.build:Package 'scara_control' doesn't explicitly install the 'package.xml' file (colcon-ros currently does it implicitly but that fallback will be removed in the future)
[2.115s] INFO:colcon.colcon_core.task.python.build:Building Python package in '/home/robousr/Robotica2025-2/robolab20252/ExamenParcial2/ros2_ws/src/scara_control'
[2.116s] INFO:colcon.colcon_core.shell:Skip shell extension 'powershell' for command environment: Not usable outside of PowerShell
[2.116s] DEBUG:colcon.colcon_core.shell:Skip shell extension 'dsv' for command environment
[2.134s] DEBUG:colcon.colcon_core.event_handler.log_command:Invoking command in '/home/robousr/Robotica2025-2/robolab20252/ExamenParcial2/ros2_ws/build/scara_description': CMAKE_PREFIX_PATH=${CMAKE_PREFIX_PATH}:/home/robousr/Robotica2025-2/robolab20252/ExamenParcial2/ros2_ws/install/scara_control:/home/robousr/Robotica2025-2/robolab20252/ExamenParcial2/ros2_ws/install/scara_bringup:/home/robousr/Robotica2025-2/robolab20252/ExamenParcial2/ros2_ws/src/install/scara_bringup:/home/robousr/Robotica2025-2/robolab20252/ExamenParcial2/ros2_ws/src/install/scara_control:/opt/ros/humble /usr/bin/cmake --build /home/robousr/Robotica2025-2/robolab20252/ExamenParcial2/ros2_ws/build/scara_description -- -j4 -l4
[2.261s] DEBUG:colcon.colcon_core.event_handler.log_command:Invoked command in '/home/robousr/Robotica2025-2/robolab20252/ExamenParcial2/ros2_ws/build/scara_description' returned '0': CMAKE_PREFIX_PATH=${CMAKE_PREFIX_PATH}:/home/robousr/Robotica2025-2/robolab20252/ExamenParcial2/ros2_ws/install/scara_control:/home/robousr/Robotica2025-2/robolab20252/ExamenParcial2/ros2_ws/install/scara_bringup:/home/robousr/Robotica2025-2/robolab20252/ExamenParcial2/ros2_ws/src/install/scara_bringup:/home/robousr/Robotica2025-2/robolab20252/ExamenParcial2/ros2_ws/src/install/scara_control:/opt/ros/humble /usr/bin/cmake --build /home/robousr/Robotica2025-2/robolab20252/ExamenParcial2/ros2_ws/build/scara_description -- -j4 -l4
[2.356s] DEBUG:colcon.colcon_core.event_handler.log_command:Invoking command in '/home/robousr/Robotica2025-2/robolab20252/ExamenParcial2/ros2_ws/build/scara_description': CMAKE_PREFIX_PATH=${CMAKE_PREFIX_PATH}:/home/robousr/Robotica2025-2/robolab20252/ExamenParcial2/ros2_ws/install/scara_control:/home/robousr/Robotica2025-2/robolab20252/ExamenParcial2/ros2_ws/install/scara_bringup:/home/robousr/Robotica2025-2/robolab20252/ExamenParcial2/ros2_ws/src/install/scara_bringup:/home/robousr/Robotica2025-2/robolab20252/ExamenParcial2/ros2_ws/src/install/scara_control:/opt/ros/humble /usr/bin/cmake --install /home/robousr/Robotica2025-2/robolab20252/ExamenParcial2/ros2_ws/build/scara_description
[2.428s] Level 1:colcon.colcon_core.environment:create_environment_scripts_only(scara_description)
[2.429s] DEBUG:colcon.colcon_core.event_handler.log_command:Invoked command in '/home/robousr/Robotica2025-2/robolab20252/ExamenParcial2/ros2_ws/build/scara_description' returned '0': CMAKE_PREFIX_PATH=${CMAKE_PREFIX_PATH}:/home/robousr/Robotica2025-2/robolab20252/ExamenParcial2/ros2_ws/install/scara_control:/home/robousr/Robotica2025-2/robolab20252/ExamenParcial2/ros2_ws/install/scara_bringup:/home/robousr/Robotica2025-2/robolab20252/ExamenParcial2/ros2_ws/src/install/scara_bringup:/home/robousr/Robotica2025-2/robolab20252/ExamenParcial2/ros2_ws/src/install/scara_control:/opt/ros/humble /usr/bin/cmake --install /home/robousr/Robotica2025-2/robolab20252/ExamenParcial2/ros2_ws/build/scara_description
[2.433s] Level 1:colcon.colcon_core.environment:checking '/home/robousr/Robotica2025-2/robolab20252/ExamenParcial2/ros2_ws/install/scara_description' for CMake module files
[2.434s] Level 1:colcon.colcon_core.environment:checking '/home/robousr/Robotica2025-2/robolab20252/ExamenParcial2/ros2_ws/install/scara_description' for CMake config files
[2.435s] Level 1:colcon.colcon_core.shell:create_environment_hook('scara_description', 'cmake_prefix_path')
[2.436s] INFO:colcon.colcon_core.shell:Creating environment hook '/home/robousr/Robotica2025-2/robolab20252/ExamenParcial2/ros2_ws/install/scara_description/share/scara_description/hook/cmake_prefix_path.ps1'
[2.437s] INFO:colcon.colcon_core.shell:Creating environment descriptor '/home/robousr/Robotica2025-2/robolab20252/ExamenParcial2/ros2_ws/install/scara_description/share/scara_description/hook/cmake_prefix_path.dsv'
[2.438s] INFO:colcon.colcon_core.shell:Creating environment hook '/home/robousr/Robotica2025-2/robolab20252/ExamenParcial2/ros2_ws/install/scara_description/share/scara_description/hook/cmake_prefix_path.sh'
[2.440s] Level 1:colcon.colcon_core.environment:checking '/home/robousr/Robotica2025-2/robolab20252/ExamenParcial2/ros2_ws/install/scara_description/bin'
[2.440s] Level 1:colcon.colcon_core.environment:checking '/home/robousr/Robotica2025-2/robolab20252/ExamenParcial2/ros2_ws/install/scara_description/lib/pkgconfig/scara_description.pc'
[2.441s] Level 1:colcon.colcon_core.environment:checking '/home/robousr/Robotica2025-2/robolab20252/ExamenParcial2/ros2_ws/install/scara_description/lib/python3.10/site-packages'
[2.441s] Level 1:colcon.colcon_core.environment:checking '/home/robousr/Robotica2025-2/robolab20252/ExamenParcial2/ros2_ws/install/scara_description/bin'
[2.442s] INFO:colcon.colcon_core.shell:Creating package script '/home/robousr/Robotica2025-2/robolab20252/ExamenParcial2/ros2_ws/install/scara_description/share/scara_description/package.ps1'
[2.444s] INFO:colcon.colcon_core.shell:Creating package descriptor '/home/robousr/Robotica2025-2/robolab20252/ExamenParcial2/ros2_ws/install/scara_description/share/scara_description/package.dsv'
[2.445s] INFO:colcon.colcon_core.shell:Creating package script '/home/robousr/Robotica2025-2/robolab20252/ExamenParcial2/ros2_ws/install/scara_description/share/scara_description/package.sh'
[2.446s] INFO:colcon.colcon_core.shell:Creating package script '/home/robousr/Robotica2025-2/robolab20252/ExamenParcial2/ros2_ws/install/scara_description/share/scara_description/package.bash'
[2.448s] INFO:colcon.colcon_core.shell:Creating package script '/home/robousr/Robotica2025-2/robolab20252/ExamenParcial2/ros2_ws/install/scara_description/share/scara_description/package.zsh'
[2.449s] Level 1:colcon.colcon_core.environment:create_file_with_runtime_dependencies(/home/robousr/Robotica2025-2/robolab20252/ExamenParcial2/ros2_ws/install/scara_description/share/colcon-core/packages/scara_description)
[2.520s] Level 1:colcon.colcon_core.environment:create_environment_scripts_only(scara_description)
[2.521s] Level 1:colcon.colcon_core.environment:checking '/home/robousr/Robotica2025-2/robolab20252/ExamenParcial2/ros2_ws/install/scara_description' for CMake module files
[2.522s] Level 1:colcon.colcon_core.environment:checking '/home/robousr/Robotica2025-2/robolab20252/ExamenParcial2/ros2_ws/install/scara_description' for CMake config files
[2.523s] Level 1:colcon.colcon_core.shell:create_environment_hook('scara_description', 'cmake_prefix_path')
[2.524s] INFO:colcon.colcon_core.shell:Creating environment hook '/home/robousr/Robotica2025-2/robolab20252/ExamenParcial2/ros2_ws/install/scara_description/share/scara_description/hook/cmake_prefix_path.ps1'
[2.525s] INFO:colcon.colcon_core.shell:Creating environment descriptor '/home/robousr/Robotica2025-2/robolab20252/ExamenParcial2/ros2_ws/install/scara_description/share/scara_description/hook/cmake_prefix_path.dsv'
[2.526s] INFO:colcon.colcon_core.shell:Creating environment hook '/home/robousr/Robotica2025-2/robolab20252/ExamenParcial2/ros2_ws/install/scara_description/share/scara_description/hook/cmake_prefix_path.sh'
[2.527s] Level 1:colcon.colcon_core.environment:checking '/home/robousr/Robotica2025-2/robolab20252/ExamenParcial2/ros2_ws/install/scara_description/bin'
[2.528s] Level 1:colcon.colcon_core.environment:checking '/home/robousr/Robotica2025-2/robolab20252/ExamenParcial2/ros2_ws/install/scara_description/lib/pkgconfig/scara_description.pc'
[2.528s] Level 1:colcon.colcon_core.environment:checking '/home/robousr/Robotica2025-2/robolab20252/ExamenParcial2/ros2_ws/install/scara_description/lib/python3.10/site-packages'
[2.528s] Level 1:colcon.colcon_core.environment:checking '/home/robousr/Robotica2025-2/robolab20252/ExamenParcial2/ros2_ws/install/scara_description/bin'
[2.529s] INFO:colcon.colcon_core.shell:Creating package script '/home/robousr/Robotica2025-2/robolab20252/ExamenParcial2/ros2_ws/install/scara_description/share/scara_description/package.ps1'
[2.530s] INFO:colcon.colcon_core.shell:Creating package descriptor '/home/robousr/Robotica2025-2/robolab20252/ExamenParcial2/ros2_ws/install/scara_description/share/scara_description/package.dsv'
[2.531s] INFO:colcon.colcon_core.shell:Creating package script '/home/robousr/Robotica2025-2/robolab20252/ExamenParcial2/ros2_ws/install/scara_description/share/scara_description/package.sh'
[2.533s] INFO:colcon.colcon_core.shell:Creating package script '/home/robousr/Robotica2025-2/robolab20252/ExamenParcial2/ros2_ws/install/scara_description/share/scara_description/package.bash'
[2.533s] INFO:colcon.colcon_core.shell:Creating package script '/home/robousr/Robotica2025-2/robolab20252/ExamenParcial2/ros2_ws/install/scara_description/share/scara_description/package.zsh'
[2.534s] Level 1:colcon.colcon_core.environment:create_file_with_runtime_dependencies(/home/robousr/Robotica2025-2/robolab20252/ExamenParcial2/ros2_ws/install/scara_description/share/colcon-core/packages/scara_description)
[2.979s] DEBUG:colcon.colcon_core.event_handler.log_command:Invoking command in '/home/robousr/Robotica2025-2/robolab20252/ExamenParcial2/ros2_ws/build/scara_bringup': PYTHONPATH=/home/robousr/Robotica2025-2/robolab20252/ExamenParcial2/ros2_ws/build/scara_bringup/prefix_override:/usr/lib/python3/dist-packages/colcon_core/task/python/colcon_distutils_commands:/home/robousr/Robotica2025-2/robolab20252/ExamenParcial2/ros2_ws/install/scara_bringup/lib/python3.10/site-packages:${PYTHONPATH} /usr/bin/python3 -W ignore:setup.py install is deprecated setup.py develop --editable --build-directory /home/robousr/Robotica2025-2/robolab20252/ExamenParcial2/ros2_ws/build/scara_bringup/build --no-deps
[3.002s] DEBUG:colcon.colcon_core.event_handler.log_command:Invoking command in '/home/robousr/Robotica2025-2/robolab20252/ExamenParcial2/ros2_ws/build/scara_control': PYTHONPATH=/home/robousr/Robotica2025-2/robolab20252/ExamenParcial2/ros2_ws/build/scara_control/prefix_override:/usr/lib/python3/dist-packages/colcon_core/task/python/colcon_distutils_commands:/home/robousr/Robotica2025-2/robolab20252/ExamenParcial2/ros2_ws/install/scara_control/lib/python3.10/site-packages:${PYTHONPATH} /usr/bin/python3 -W ignore:setup.py install is deprecated setup.py develop --editable --build-directory /home/robousr/Robotica2025-2/robolab20252/ExamenParcial2/ros2_ws/build/scara_control/build --no-deps
[4.057s] Level 1:colcon.colcon_core.shell:create_environment_hook('scara_bringup', 'pythonpath_develop')
[4.057s] INFO:colcon.colcon_core.shell:Creating environment hook '/home/robousr/Robotica2025-2/robolab20252/ExamenParcial2/ros2_ws/build/scara_bringup/share/scara_bringup/hook/pythonpath_develop.ps1'
[4.059s] DEBUG:colcon.colcon_core.event_handler.log_command:Invoked command in '/home/robousr/Robotica2025-2/robolab20252/ExamenParcial2/ros2_ws/build/scara_bringup' returned '0': PYTHONPATH=/home/robousr/Robotica2025-2/robolab20252/ExamenParcial2/ros2_ws/build/scara_bringup/prefix_override:/usr/lib/python3/dist-packages/colcon_core/task/python/colcon_distutils_commands:/home/robousr/Robotica2025-2/robolab20252/ExamenParcial2/ros2_ws/install/scara_bringup/lib/python3.10/site-packages:${PYTHONPATH} /usr/bin/python3 -W ignore:setup.py install is deprecated setup.py develop --editable --build-directory /home/robousr/Robotica2025-2/robolab20252/ExamenParcial2/ros2_ws/build/scara_bringup/build --no-deps
[4.059s] INFO:colcon.colcon_core.shell:Creating environment descriptor '/home/robousr/Robotica2025-2/robolab20252/ExamenParcial2/ros2_ws/build/scara_bringup/share/scara_bringup/hook/pythonpath_develop.dsv'
[4.060s] INFO:colcon.colcon_core.shell:Creating environment hook '/home/robousr/Robotica2025-2/robolab20252/ExamenParcial2/ros2_ws/build/scara_bringup/share/scara_bringup/hook/pythonpath_develop.sh'
[4.062s] Level 1:colcon.colcon_core.environment:checking '/home/robousr/Robotica2025-2/robolab20252/ExamenParcial2/ros2_ws/install/scara_bringup' for CMake module files
[4.062s] Level 1:colcon.colcon_core.environment:checking '/home/robousr/Robotica2025-2/robolab20252/ExamenParcial2/ros2_ws/install/scara_bringup' for CMake config files
[4.063s] Level 1:colcon.colcon_core.environment:checking '/home/robousr/Robotica2025-2/robolab20252/ExamenParcial2/ros2_ws/install/scara_bringup/lib'
[4.064s] Level 1:colcon.colcon_core.environment:checking '/home/robousr/Robotica2025-2/robolab20252/ExamenParcial2/ros2_ws/install/scara_bringup/bin'
[4.064s] Level 1:colcon.colcon_core.shell:create_environment_hook('scara_bringup', 'path')
[4.064s] INFO:colcon.colcon_core.shell:Creating environment hook '/home/robousr/Robotica2025-2/robolab20252/ExamenParcial2/ros2_ws/install/scara_bringup/share/scara_bringup/hook/path.ps1'
[4.066s] INFO:colcon.colcon_core.shell:Creating environment descriptor '/home/robousr/Robotica2025-2/robolab20252/ExamenParcial2/ros2_ws/install/scara_bringup/share/scara_bringup/hook/path.dsv'
[4.066s] INFO:colcon.colcon_core.shell:Creating environment hook '/home/robousr/Robotica2025-2/robolab20252/ExamenParcial2/ros2_ws/install/scara_bringup/share/scara_bringup/hook/path.sh'
[4.067s] Level 1:colcon.colcon_core.environment:checking '/home/robousr/Robotica2025-2/robolab20252/ExamenParcial2/ros2_ws/install/scara_bringup/lib/pkgconfig/scara_bringup.pc'
[4.068s] Level 1:colcon.colcon_core.environment:checking '/home/robousr/Robotica2025-2/robolab20252/ExamenParcial2/ros2_ws/install/scara_bringup/lib/python3.10/site-packages'
[4.068s] Level 1:colcon.colcon_core.shell:create_environment_hook('scara_bringup', 'pythonpath')
[4.068s] INFO:colcon.colcon_core.shell:Creating environment hook '/home/robousr/Robotica2025-2/robolab20252/ExamenParcial2/ros2_ws/install/scara_bringup/share/scara_bringup/hook/pythonpath.ps1'
[4.069s] INFO:colcon.colcon_core.shell:Creating environment descriptor '/home/robousr/Robotica2025-2/robolab20252/ExamenParcial2/ros2_ws/install/scara_bringup/share/scara_bringup/hook/pythonpath.dsv'
[4.071s] INFO:colcon.colcon_core.shell:Creating environment hook '/home/robousr/Robotica2025-2/robolab20252/ExamenParcial2/ros2_ws/install/scara_bringup/share/scara_bringup/hook/pythonpath.sh'
[4.072s] Level 1:colcon.colcon_core.environment:checking '/home/robousr/Robotica2025-2/robolab20252/ExamenParcial2/ros2_ws/install/scara_bringup/bin'
[4.073s] Level 1:colcon.colcon_core.shell:create_environment_hook('scara_bringup', 'pythonscriptspath')
[4.073s] INFO:colcon.colcon_core.shell:Creating environment hook '/home/robousr/Robotica2025-2/robolab20252/ExamenParcial2/ros2_ws/install/scara_bringup/share/scara_bringup/hook/pythonscriptspath.ps1'
[4.074s] INFO:colcon.colcon_core.shell:Creating environment descriptor '/home/robousr/Robotica2025-2/robolab20252/ExamenParcial2/ros2_ws/install/scara_bringup/share/scara_bringup/hook/pythonscriptspath.dsv'
[4.075s] INFO:colcon.colcon_core.shell:Creating environment hook '/home/robousr/Robotica2025-2/robolab20252/ExamenParcial2/ros2_ws/install/scara_bringup/share/scara_bringup/hook/pythonscriptspath.sh'
[4.076s] Level 1:colcon.colcon_core.environment:create_environment_scripts_only(scara_bringup)
[4.077s] INFO:colcon.colcon_core.shell:Creating package script '/home/robousr/Robotica2025-2/robolab20252/ExamenParcial2/ros2_ws/install/scara_bringup/share/scara_bringup/package.ps1'
[4.079s] INFO:colcon.colcon_core.shell:Creating package descriptor '/home/robousr/Robotica2025-2/robolab20252/ExamenParcial2/ros2_ws/install/scara_bringup/share/scara_bringup/package.dsv'
[4.080s] INFO:colcon.colcon_core.shell:Creating package script '/home/robousr/Robotica2025-2/robolab20252/ExamenParcial2/ros2_ws/install/scara_bringup/share/scara_bringup/package.sh'
[4.081s] INFO:colcon.colcon_core.shell:Creating package script '/home/robousr/Robotica2025-2/robolab20252/ExamenParcial2/ros2_ws/install/scara_bringup/share/scara_bringup/package.bash'
[4.082s] INFO:colcon.colcon_core.shell:Creating package script '/home/robousr/Robotica2025-2/robolab20252/ExamenParcial2/ros2_ws/install/scara_bringup/share/scara_bringup/package.zsh'
[4.083s] Level 1:colcon.colcon_core.environment:create_file_with_runtime_dependencies(/home/robousr/Robotica2025-2/robolab20252/ExamenParcial2/ros2_ws/install/scara_bringup/share/colcon-core/packages/scara_bringup)
[4.087s] Level 1:colcon.colcon_core.shell:create_environment_hook('scara_control', 'pythonpath_develop')
[4.088s] INFO:colcon.colcon_core.shell:Creating environment hook '/home/robousr/Robotica2025-2/robolab20252/ExamenParcial2/ros2_ws/build/scara_control/share/scara_control/hook/pythonpath_develop.ps1'
[4.090s] DEBUG:colcon.colcon_core.event_handler.log_command:Invoked command in '/home/robousr/Robotica2025-2/robolab20252/ExamenParcial2/ros2_ws/build/scara_control' returned '0': PYTHONPATH=/home/robousr/Robotica2025-2/robolab20252/ExamenParcial2/ros2_ws/build/scara_control/prefix_override:/usr/lib/python3/dist-packages/colcon_core/task/python/colcon_distutils_commands:/home/robousr/Robotica2025-2/robolab20252/ExamenParcial2/ros2_ws/install/scara_control/lib/python3.10/site-packages:${PYTHONPATH} /usr/bin/python3 -W ignore:setup.py install is deprecated setup.py develop --editable --build-directory /home/robousr/Robotica2025-2/robolab20252/ExamenParcial2/ros2_ws/build/scara_control/build --no-deps
[4.090s] INFO:colcon.colcon_core.shell:Creating environment descriptor '/home/robousr/Robotica2025-2/robolab20252/ExamenParcial2/ros2_ws/build/scara_control/share/scara_control/hook/pythonpath_develop.dsv'
[4.091s] INFO:colcon.colcon_core.shell:Creating environment hook '/home/robousr/Robotica2025-2/robolab20252/ExamenParcial2/ros2_ws/build/scara_control/share/scara_control/hook/pythonpath_develop.sh'
[4.093s] Level 1:colcon.colcon_core.environment:checking '/home/robousr/Robotica2025-2/robolab20252/ExamenParcial2/ros2_ws/install/scara_control' for CMake module files
[4.093s] Level 1:colcon.colcon_core.environment:checking '/home/robousr/Robotica2025-2/robolab20252/ExamenParcial2/ros2_ws/install/scara_control' for CMake config files
[4.094s] Level 1:colcon.colcon_core.environment:checking '/home/robousr/Robotica2025-2/robolab20252/ExamenParcial2/ros2_ws/install/scara_control/lib'
[4.095s] Level 1:colcon.colcon_core.environment:checking '/home/robousr/Robotica2025-2/robolab20252/ExamenParcial2/ros2_ws/install/scara_control/bin'
[4.095s] Level 1:colcon.colcon_core.environment:checking '/home/robousr/Robotica2025-2/robolab20252/ExamenParcial2/ros2_ws/install/scara_control/lib/pkgconfig/scara_control.pc'
[4.095s] Level 1:colcon.colcon_core.environment:checking '/home/robousr/Robotica2025-2/robolab20252/ExamenParcial2/ros2_ws/install/scara_control/lib/python3.10/site-packages'
[4.095s] Level 1:colcon.colcon_core.shell:create_environment_hook('scara_control', 'pythonpath')
[4.096s] INFO:colcon.colcon_core.shell:Creating environment hook '/home/robousr/Robotica2025-2/robolab20252/ExamenParcial2/ros2_ws/install/scara_control/share/scara_control/hook/pythonpath.ps1'
[4.097s] INFO:colcon.colcon_core.shell:Creating environment descriptor '/home/robousr/Robotica2025-2/robolab20252/ExamenParcial2/ros2_ws/install/scara_control/share/scara_control/hook/pythonpath.dsv'
[4.098s] INFO:colcon.colcon_core.shell:Creating environment hook '/home/robousr/Robotica2025-2/robolab20252/ExamenParcial2/ros2_ws/install/scara_control/share/scara_control/hook/pythonpath.sh'
[4.099s] Level 1:colcon.colcon_core.environment:checking '/home/robousr/Robotica2025-2/robolab20252/ExamenParcial2/ros2_ws/install/scara_control/bin'
[4.099s] Level 1:colcon.colcon_core.environment:create_environment_scripts_only(scara_control)
[4.099s] INFO:colcon.colcon_core.shell:Creating package script '/home/robousr/Robotica2025-2/robolab20252/ExamenParcial2/ros2_ws/install/scara_control/share/scara_control/package.ps1'
[4.101s] INFO:colcon.colcon_core.shell:Creating package descriptor '/home/robousr/Robotica2025-2/robolab20252/ExamenParcial2/ros2_ws/install/scara_control/share/scara_control/package.dsv'
[4.102s] INFO:colcon.colcon_core.shell:Creating package script '/home/robousr/Robotica2025-2/robolab20252/ExamenParcial2/ros2_ws/install/scara_control/share/scara_control/package.sh'
[4.103s] INFO:colcon.colcon_core.shell:Creating package script '/home/robousr/Robotica2025-2/robolab20252/ExamenParcial2/ros2_ws/install/scara_control/share/scara_control/package.bash'
[4.104s] INFO:colcon.colcon_core.shell:Creating package script '/home/robousr/Robotica2025-2/robolab20252/ExamenParcial2/ros2_ws/install/scara_control/share/scara_control/package.zsh'
[4.105s] Level 1:colcon.colcon_core.environment:create_file_with_runtime_dependencies(/home/robousr/Robotica2025-2/robolab20252/ExamenParcial2/ros2_ws/install/scara_control/share/colcon-core/packages/scara_control)
[4.106s] DEBUG:colcon.colcon_parallel_executor.executor.parallel:closing loop
[4.107s] DEBUG:colcon.colcon_parallel_executor.executor.parallel:loop closed
[4.107s] DEBUG:colcon.colcon_parallel_executor.executor.parallel:run_until_complete finished with '0'
[4.108s] DEBUG:colcon.colcon_core.event_reactor:joining thread
[4.121s] INFO:colcon.colcon_core.plugin_system:Skipping extension 'colcon_notification.desktop_notification.terminal_notifier': Not used on non-Darwin systems
[4.122s] INFO:colcon.colcon_core.plugin_system:Skipping extension 'colcon_notification.desktop_notification.win32': Not used on non-Windows systems
[4.122s] INFO:colcon.colcon_notification.desktop_notification:Sending desktop notification using 'notify2'
[4.149s] DEBUG:colcon.colcon_core.event_reactor:joined thread
[4.150s] INFO:colcon.colcon_core.shell:Creating prefix script '/home/robousr/Robotica2025-2/robolab20252/ExamenParcial2/ros2_ws/install/local_setup.ps1'
[4.152s] INFO:colcon.colcon_core.shell:Creating prefix util module '/home/robousr/Robotica2025-2/robolab20252/ExamenParcial2/ros2_ws/install/_local_setup_util_ps1.py'
[4.154s] INFO:colcon.colcon_core.shell:Creating prefix chain script '/home/robousr/Robotica2025-2/robolab20252/ExamenParcial2/ros2_ws/install/setup.ps1'
[4.157s] INFO:colcon.colcon_core.shell:Creating prefix script '/home/robousr/Robotica2025-2/robolab20252/ExamenParcial2/ros2_ws/install/local_setup.sh'
[4.158s] INFO:colcon.colcon_core.shell:Creating prefix util module '/home/robousr/Robotica2025-2/robolab20252/ExamenParcial2/ros2_ws/install/_local_setup_util_sh.py'
[4.159s] INFO:colcon.colcon_core.shell:Creating prefix chain script '/home/robousr/Robotica2025-2/robolab20252/ExamenParcial2/ros2_ws/install/setup.sh'
[4.162s] INFO:colcon.colcon_core.shell:Creating prefix script '/home/robousr/Robotica2025-2/robolab20252/ExamenParcial2/ros2_ws/install/local_setup.bash'
[4.163s] INFO:colcon.colcon_core.shell:Creating prefix chain script '/home/robousr/Robotica2025-2/robolab20252/ExamenParcial2/ros2_ws/install/setup.bash'
[4.165s] INFO:colcon.colcon_core.shell:Creating prefix script '/home/robousr/Robotica2025-2/robolab20252/ExamenParcial2/ros2_ws/install/local_setup.zsh'
[4.167s] INFO:colcon.colcon_core.shell:Creating prefix chain script '/home/robousr/Robotica2025-2/robolab20252/ExamenParcial2/ros2_ws/install/setup.zsh'
