[1.658s] Invoking command in '/home/robousr/Robotica2025-2/robolab20252/ExamenParcial2/ros2_ws/build/scara_bringup': PYTHONPATH=/home/robousr/Robotica2025-2/robolab20252/ExamenParcial2/ros2_ws/build/scara_bringup/prefix_override:/usr/lib/python3/dist-packages/colcon_core/task/python/colcon_distutils_commands:/home/robousr/Robotica2025-2/robolab20252/ExamenParcial2/ros2_ws/install/scara_bringup/lib/python3.10/site-packages:${PYTHONPATH} /usr/bin/python3 -W ignore:setup.py install is deprecated setup.py develop --editable --build-directory /home/robousr/Robotica2025-2/robolab20252/ExamenParcial2/ros2_ws/build/scara_bringup/build --no-deps symlink_data
[2.276s] running develop
[2.692s] running egg_info
[2.695s] writing scara_bringup.egg-info/PKG-INFO
[2.695s] writing dependency_links to scara_bringup.egg-info/dependency_links.txt
[2.695s] writing entry points to scara_bringup.egg-info/entry_points.txt
[2.695s] writing requirements to scara_bringup.egg-info/requires.txt
[2.695s] writing top-level names to scara_bringup.egg-info/top_level.txt
[2.699s] reading manifest file 'scara_bringup.egg-info/SOURCES.txt'
[2.701s] writing manifest file 'scara_bringup.egg-info/SOURCES.txt'
[2.705s] running build_ext
[2.706s] Creating /home/robousr/Robotica2025-2/robolab20252/ExamenParcial2/ros2_ws/install/scara_bringup/lib/python3.10/site-packages/scara-bringup.egg-link (link to .)
[2.708s] Installing mobile_control script to lib/scara_bringup
[2.708s] Installing scara_test script to lib/scara_bringup
[2.708s] Installing scara_tray_line script to lib/scara_bringup
[2.708s] 
[2.708s] Installed /home/robousr/Robotica2025-2/robolab20252/ExamenParcial2/ros2_ws/build/scara_bringup
[2.710s] running symlink_data
[2.710s] creating /home/robousr/Robotica2025-2/robolab20252/ExamenParcial2/ros2_ws/install/scara_bringup/share/scara_bringup/config
[2.710s] symbolically linking /home/robousr/Robotica2025-2/robolab20252/ExamenParcial2/ros2_ws/build/scara_bringup/config/scara_controllers.yaml -> /home/robousr/Robotica2025-2/robolab20252/ExamenParcial2/ros2_ws/install/scara_bringup/share/scara_bringup/config
[2.773s] Invoked command in '/home/robousr/Robotica2025-2/robolab20252/ExamenParcial2/ros2_ws/build/scara_bringup' returned '0': PYTHONPATH=/home/robousr/Robotica2025-2/robolab20252/ExamenParcial2/ros2_ws/build/scara_bringup/prefix_override:/usr/lib/python3/dist-packages/colcon_core/task/python/colcon_distutils_commands:/home/robousr/Robotica2025-2/robolab20252/ExamenParcial2/ros2_ws/install/scara_bringup/lib/python3.10/site-packages:${PYTHONPATH} /usr/bin/python3 -W ignore:setup.py install is deprecated setup.py develop --editable --build-directory /home/robousr/Robotica2025-2/robolab20252/ExamenParcial2/ros2_ws/build/scara_bringup/build --no-deps symlink_data
