[1.344s] Invoking command in '/home/robousr/Robotica2025-2/robolab20252/ExamenParcial2/ros2_ws/build/scara_description': CMAKE_PREFIX_PATH=/opt/ros/humble /usr/bin/cmake --build /home/robousr/Robotica2025-2/robolab20252/ExamenParcial2/ros2_ws/build/scara_description -- -j4 -l4
[1.482s] Invoked command in '/home/robousr/Robotica2025-2/robolab20252/ExamenParcial2/ros2_ws/build/scara_description' returned '0': CMAKE_PREFIX_PATH=/opt/ros/humble /usr/bin/cmake --build /home/robousr/Robotica2025-2/robolab20252/ExamenParcial2/ros2_ws/build/scara_description -- -j4 -l4
[1.601s] Invoking command in '/home/robousr/Robotica2025-2/robolab20252/ExamenParcial2/ros2_ws/build/scara_description': CMAKE_PREFIX_PATH=/opt/ros/humble /usr/bin/cmake --install /home/robousr/Robotica2025-2/robolab20252/ExamenParcial2/ros2_ws/build/scara_description
[1.621s] -- Install configuration: ""
[1.621s] -- Execute custom install script
[1.623s] -- Up-to-date symlink: /home/robousr/Robotica2025-2/robolab20252/ExamenParcial2/ros2_ws/install/scara_description/share/scara_description//urdf/.ipynb_checkpoints/scara-checkpoint.urdf
[1.623s] -- Up-to-date symlink: /home/robousr/Robotica2025-2/robolab20252/ExamenParcial2/ros2_ws/install/scara_description/share/scara_description//urdf/.ipynb_checkpoints/scara_manual-checkpoint.urdf
[1.624s] -- Up-to-date symlink: /home/robousr/Robotica2025-2/robolab20252/ExamenParcial2/ros2_ws/install/scara_description/share/scara_description//urdf/meshes/base_link.stl
[1.624s] -- Up-to-date symlink: /home/robousr/Robotica2025-2/robolab20252/ExamenParcial2/ros2_ws/install/scara_description/share/scara_description//urdf/meshes/link11.stl
[1.627s] -- Up-to-date symlink: /home/robousr/Robotica2025-2/robolab20252/ExamenParcial2/ros2_ws/install/scara_description/share/scara_description//urdf/meshes/link21.stl
[1.627s] -- Up-to-date symlink: /home/robousr/Robotica2025-2/robolab20252/ExamenParcial2/ros2_ws/install/scara_description/share/scara_description//urdf/meshes/link31.stl
[1.627s] -- Up-to-date symlink: /home/robousr/Robotica2025-2/robolab20252/ExamenParcial2/ros2_ws/install/scara_description/share/scara_description//urdf/scara.urdf
[1.627s] -- Up-to-date symlink: /home/robousr/Robotica2025-2/robolab20252/ExamenParcial2/ros2_ws/install/scara_description/share/scara_description//urdf/scara_cad.urdf
[1.627s] -- Up-to-date symlink: /home/robousr/Robotica2025-2/robolab20252/ExamenParcial2/ros2_ws/install/scara_description/share/scara_description//urdf/scara_test.urdf
[1.628s] -- Up-to-date symlink: /home/robousr/Robotica2025-2/robolab20252/ExamenParcial2/ros2_ws/install/scara_description/share/scara_description//rviz/scara_rviz.rviz
[1.628s] -- Up-to-date symlink: /home/robousr/Robotica2025-2/robolab20252/ExamenParcial2/ros2_ws/install/scara_description/share/ament_index/resource_index/package_run_dependencies/scara_description
[1.631s] -- Up-to-date symlink: /home/robousr/Robotica2025-2/robolab20252/ExamenParcial2/ros2_ws/install/scara_description/share/ament_index/resource_index/parent_prefix_path/scara_description
[1.631s] -- Up-to-date symlink: /home/robousr/Robotica2025-2/robolab20252/ExamenParcial2/ros2_ws/install/scara_description/share/scara_description/environment/ament_prefix_path.sh
[1.632s] -- Up-to-date symlink: /home/robousr/Robotica2025-2/robolab20252/ExamenParcial2/ros2_ws/install/scara_description/share/scara_description/environment/ament_prefix_path.dsv
[1.632s] -- Up-to-date symlink: /home/robousr/Robotica2025-2/robolab20252/ExamenParcial2/ros2_ws/install/scara_description/share/scara_description/environment/path.sh
[1.632s] -- Up-to-date symlink: /home/robousr/Robotica2025-2/robolab20252/ExamenParcial2/ros2_ws/install/scara_description/share/scara_description/environment/path.dsv
[1.632s] -- Up-to-date symlink: /home/robousr/Robotica2025-2/robolab20252/ExamenParcial2/ros2_ws/install/scara_description/share/scara_description/local_setup.bash
[1.632s] -- Up-to-date symlink: /home/robousr/Robotica2025-2/robolab20252/ExamenParcial2/ros2_ws/install/scara_description/share/scara_description/local_setup.sh
[1.632s] -- Up-to-date symlink: /home/robousr/Robotica2025-2/robolab20252/ExamenParcial2/ros2_ws/install/scara_description/share/scara_description/local_setup.zsh
[1.632s] -- Up-to-date symlink: /home/robousr/Robotica2025-2/robolab20252/ExamenParcial2/ros2_ws/install/scara_description/share/scara_description/local_setup.dsv
[1.632s] -- Symlinking: /home/robousr/Robotica2025-2/robolab20252/ExamenParcial2/ros2_ws/install/scara_description/share/scara_description/package.dsv
[1.656s] -- Up-to-date symlink: /home/robousr/Robotica2025-2/robolab20252/ExamenParcial2/ros2_ws/install/scara_description/share/ament_index/resource_index/packages/scara_description
[1.659s] -- Up-to-date symlink: /home/robousr/Robotica2025-2/robolab20252/ExamenParcial2/ros2_ws/install/scara_description/share/scara_description/cmake/scara_descriptionConfig.cmake
[1.659s] -- Up-to-date symlink: /home/robousr/Robotica2025-2/robolab20252/ExamenParcial2/ros2_ws/install/scara_description/share/scara_description/cmake/scara_descriptionConfig-version.cmake
[1.659s] -- Up-to-date symlink: /home/robousr/Robotica2025-2/robolab20252/ExamenParcial2/ros2_ws/install/scara_description/share/scara_description/package.xml
[1.663s] Invoked command in '/home/robousr/Robotica2025-2/robolab20252/ExamenParcial2/ros2_ws/build/scara_description' returned '0': CMAKE_PREFIX_PATH=/opt/ros/humble /usr/bin/cmake --install /home/robousr/Robotica2025-2/robolab20252/ExamenParcial2/ros2_ws/build/scara_description
