running egg_info
writing ../../build/scara_bringup/scara_bringup.egg-info/PKG-INFO
writing dependency_links to ../../build/scara_bringup/scara_bringup.egg-info/dependency_links.txt
writing entry points to ../../build/scara_bringup/scara_bringup.egg-info/entry_points.txt
writing requirements to ../../build/scara_bringup/scara_bringup.egg-info/requires.txt
writing top-level names to ../../build/scara_bringup/scara_bringup.egg-info/top_level.txt
reading manifest file '../../build/scara_bringup/scara_bringup.egg-info/SOURCES.txt'
adding license file 'LICENSE'
writing manifest file '../../build/scara_bringup/scara_bringup.egg-info/SOURCES.txt'
running build
running build_py
copying scara_bringup/initial_joint_state_publisher_py.py -> /home/robousr/Robotica2025-2/robolab20252/ExamenParcial2/ros2_ws/build/scara_bringup/build/lib/scara_bringup
running install
running install_lib
copying /home/robousr/Robotica2025-2/robolab20252/ExamenParcial2/ros2_ws/build/scara_bringup/build/lib/scara_bringup/initial_joint_state_publisher_py.py -> /home/robousr/Robotica2025-2/robolab20252/ExamenParcial2/ros2_ws/install/scara_bringup/lib/python3.10/site-packages/scara_bringup
byte-compiling /home/robousr/Robotica2025-2/robolab20252/ExamenParcial2/ros2_ws/install/scara_bringup/lib/python3.10/site-packages/scara_bringup/initial_joint_state_publisher_py.py to initial_joint_state_publisher_py.cpython-310.pyc
running install_data
copying package.xml -> /home/robousr/Robotica2025-2/robolab20252/ExamenParcial2/ros2_ws/install/scara_bringup/share/scara_bringup
copying launch/bringup_gazebo.launch.py -> /home/robousr/Robotica2025-2/robolab20252/ExamenParcial2/ros2_ws/install/scara_bringup/share/scara_bringup/launch
copying launch/bringup.launch.py -> /home/robousr/Robotica2025-2/robolab20252/ExamenParcial2/ros2_ws/install/scara_bringup/share/scara_bringup/launch
running install_egg_info
removing '/home/robousr/Robotica2025-2/robolab20252/ExamenParcial2/ros2_ws/install/scara_bringup/lib/python3.10/site-packages/scara_bringup-0.0.0-py3.10.egg-info' (and everything under it)
Copying ../../build/scara_bringup/scara_bringup.egg-info to /home/robousr/Robotica2025-2/robolab20252/ExamenParcial2/ros2_ws/install/scara_bringup/lib/python3.10/site-packages/scara_bringup-0.0.0-py3.10.egg-info
running install_scripts
Installing initial_joint_state script to /home/robousr/Robotica2025-2/robolab20252/ExamenParcial2/ros2_ws/install/scara_bringup/lib/scara_bringup
writing list of installed files to '/home/robousr/Robotica2025-2/robolab20252/ExamenParcial2/ros2_ws/build/scara_bringup/install.log'
