running develop
running egg_info
creating scara_bringup.egg-info
writing scara_bringup.egg-info/PKG-INFO
writing dependency_links to scara_bringup.egg-info/dependency_links.txt
writing entry points to scara_bringup.egg-info/entry_points.txt
writing requirements to scara_bringup.egg-info/requires.txt
writing top-level names to scara_bringup.egg-info/top_level.txt
writing manifest file 'scara_bringup.egg-info/SOURCES.txt'
reading manifest file 'scara_bringup.egg-info/SOURCES.txt'
writing manifest file 'scara_bringup.egg-info/SOURCES.txt'
running build_ext
Creating /home/robousr/Robotica2025-2/robolab20252/ExamenParcial2/ros2_ws/install/scara_bringup/lib/python3.10/site-packages/scara-bringup.egg-link (link to .)
Installing initial_joint_state script to /home/robousr/Robotica2025-2/robolab20252/ExamenParcial2/ros2_ws/install/scara_bringup/bin

Installed /home/robousr/Robotica2025-2/robolab20252/ExamenParcial2/ros2_ws/build/scara_bringup
running symlink_data
creating /home/robousr/Robotica2025-2/robolab20252/ExamenParcial2/ros2_ws/install/scara_bringup/share/ament_index
creating /home/robousr/Robotica2025-2/robolab20252/ExamenParcial2/ros2_ws/install/scara_bringup/share/ament_index/resource_index
creating /home/robousr/Robotica2025-2/robolab20252/ExamenParcial2/ros2_ws/install/scara_bringup/share/ament_index/resource_index/packages
symbolically linking /home/robousr/Robotica2025-2/robolab20252/ExamenParcial2/ros2_ws/build/scara_bringup/resource/scara_bringup -> /home/robousr/Robotica2025-2/robolab20252/ExamenParcial2/ros2_ws/install/scara_bringup/share/ament_index/resource_index/packages
symbolically linking /home/robousr/Robotica2025-2/robolab20252/ExamenParcial2/ros2_ws/build/scara_bringup/package.xml -> /home/robousr/Robotica2025-2/robolab20252/ExamenParcial2/ros2_ws/install/scara_bringup/share/scara_bringup
creating /home/robousr/Robotica2025-2/robolab20252/ExamenParcial2/ros2_ws/install/scara_bringup/share/scara_bringup/launch
symbolically linking /home/robousr/Robotica2025-2/robolab20252/ExamenParcial2/ros2_ws/build/scara_bringup/launch/bringup.launch.py -> /home/robousr/Robotica2025-2/robolab20252/ExamenParcial2/ros2_ws/install/scara_bringup/share/scara_bringup/launch
