[0.937s] Invoking command in '/home/robousr/Robotica2025-2/robolab20252/ExamenParcial2/ros2_ws/build/scara_description': CMAKE_PREFIX_PATH=${CMAKE_PREFIX_PATH}:/home/robousr/Robotica2025-2/robolab20252/ExamenParcial2/ros2_ws/install/scara_bringup:/opt/ros/humble /usr/bin/cmake --build /home/robousr/Robotica2025-2/robolab20252/ExamenParcial2/ros2_ws/build/scara_description -- -j4 -l4
[1.071s] Invoked command in '/home/robousr/Robotica2025-2/robolab20252/ExamenParcial2/ros2_ws/build/scara_description' returned '0': CMAKE_PREFIX_PATH=${CMAKE_PREFIX_PATH}:/home/robousr/Robotica2025-2/robolab20252/ExamenParcial2/ros2_ws/install/scara_bringup:/opt/ros/humble /usr/bin/cmake --build /home/robousr/Robotica2025-2/robolab20252/ExamenParcial2/ros2_ws/build/scara_description -- -j4 -l4
[1.201s] Invoking command in '/home/robousr/Robotica2025-2/robolab20252/ExamenParcial2/ros2_ws/build/scara_description': CMAKE_PREFIX_PATH=${CMAKE_PREFIX_PATH}:/home/robousr/Robotica2025-2/robolab20252/ExamenParcial2/ros2_ws/install/scara_bringup:/opt/ros/humble /usr/bin/cmake --install /home/robousr/Robotica2025-2/robolab20252/ExamenParcial2/ros2_ws/build/scara_description
[1.228s] -- Install configuration: ""
[1.228s] -- Execute custom install script
[1.229s] -- Up-to-date symlink: /home/robousr/Robotica2025-2/robolab20252/ExamenParcial2/ros2_ws/install/scara_description/share/scara_description//launch/scara_display.launch.py
[1.229s] -- Up-to-date symlink: /home/robousr/Robotica2025-2/robolab20252/ExamenParcial2/ros2_ws/install/scara_description/share/scara_description//urdf/.ipynb_checkpoints/scara-checkpoint.urdf
[1.229s] -- Up-to-date symlink: /home/robousr/Robotica2025-2/robolab20252/ExamenParcial2/ros2_ws/install/scara_description/share/scara_description//urdf/.ipynb_checkpoints/scara_manual-checkpoint.urdf
[1.229s] -- Up-to-date symlink: /home/robousr/Robotica2025-2/robolab20252/ExamenParcial2/ros2_ws/install/scara_description/share/scara_description//urdf/meshes/base_link.stl
[1.231s] -- Up-to-date symlink: /home/robousr/Robotica2025-2/robolab20252/ExamenParcial2/ros2_ws/install/scara_description/share/scara_description//urdf/meshes/link11.stl
[1.232s] -- Up-to-date symlink: /home/robousr/Robotica2025-2/robolab20252/ExamenParcial2/ros2_ws/install/scara_description/share/scara_description//urdf/meshes/link21.stl
[1.232s] -- Up-to-date symlink: /home/robousr/Robotica2025-2/robolab20252/ExamenParcial2/ros2_ws/install/scara_description/share/scara_description//urdf/meshes/link31.stl
[1.233s] -- Up-to-date symlink: /home/robousr/Robotica2025-2/robolab20252/ExamenParcial2/ros2_ws/install/scara_description/share/scara_description//urdf/scara.urdf
[1.233s] -- Up-to-date symlink: /home/robousr/Robotica2025-2/robolab20252/ExamenParcial2/ros2_ws/install/scara_description/share/scara_description//urdf/scara_cad.urdf
[1.233s] -- Up-to-date symlink: /home/robousr/Robotica2025-2/robolab20252/ExamenParcial2/ros2_ws/install/scara_description/share/scara_description//urdf/scara_test.urdf
[1.234s] -- Up-to-date symlink: /home/robousr/Robotica2025-2/robolab20252/ExamenParcial2/ros2_ws/install/scara_description/share/scara_description//rviz/scara_rviz.rviz
[1.235s] -- Up-to-date symlink: /home/robousr/Robotica2025-2/robolab20252/ExamenParcial2/ros2_ws/install/scara_description/share/ament_index/resource_index/package_run_dependencies/scara_description
[1.236s] -- Up-to-date symlink: /home/robousr/Robotica2025-2/robolab20252/ExamenParcial2/ros2_ws/install/scara_description/share/ament_index/resource_index/parent_prefix_path/scara_description
[1.236s] -- Up-to-date symlink: /home/robousr/Robotica2025-2/robolab20252/ExamenParcial2/ros2_ws/install/scara_description/share/scara_description/environment/ament_prefix_path.sh
[1.237s] -- Up-to-date symlink: /home/robousr/Robotica2025-2/robolab20252/ExamenParcial2/ros2_ws/install/scara_description/share/scara_description/environment/ament_prefix_path.dsv
[1.237s] -- Up-to-date symlink: /home/robousr/Robotica2025-2/robolab20252/ExamenParcial2/ros2_ws/install/scara_description/share/scara_description/environment/path.sh
[1.238s] -- Up-to-date symlink: /home/robousr/Robotica2025-2/robolab20252/ExamenParcial2/ros2_ws/install/scara_description/share/scara_description/environment/path.dsv
[1.238s] -- Up-to-date symlink: /home/robousr/Robotica2025-2/robolab20252/ExamenParcial2/ros2_ws/install/scara_description/share/scara_description/local_setup.bash
[1.239s] -- Up-to-date symlink: /home/robousr/Robotica2025-2/robolab20252/ExamenParcial2/ros2_ws/install/scara_description/share/scara_description/local_setup.sh
[1.239s] -- Up-to-date symlink: /home/robousr/Robotica2025-2/robolab20252/ExamenParcial2/ros2_ws/install/scara_description/share/scara_description/local_setup.zsh
[1.240s] -- Up-to-date symlink: /home/robousr/Robotica2025-2/robolab20252/ExamenParcial2/ros2_ws/install/scara_description/share/scara_description/local_setup.dsv
[1.240s] -- Symlinking: /home/robousr/Robotica2025-2/robolab20252/ExamenParcial2/ros2_ws/install/scara_description/share/scara_description/package.dsv
[1.276s] -- Up-to-date symlink: /home/robousr/Robotica2025-2/robolab20252/ExamenParcial2/ros2_ws/install/scara_description/share/ament_index/resource_index/packages/scara_description
[1.276s] -- Up-to-date symlink: /home/robousr/Robotica2025-2/robolab20252/ExamenParcial2/ros2_ws/install/scara_description/share/scara_description/cmake/scara_descriptionConfig.cmake
[1.277s] -- Up-to-date symlink: /home/robousr/Robotica2025-2/robolab20252/ExamenParcial2/ros2_ws/install/scara_description/share/scara_description/cmake/scara_descriptionConfig-version.cmake
[1.277s] -- Up-to-date symlink: /home/robousr/Robotica2025-2/robolab20252/ExamenParcial2/ros2_ws/install/scara_description/share/scara_description/package.xml
[1.285s] Invoked command in '/home/robousr/Robotica2025-2/robolab20252/ExamenParcial2/ros2_ws/build/scara_description' returned '0': CMAKE_PREFIX_PATH=${CMAKE_PREFIX_PATH}:/home/robousr/Robotica2025-2/robolab20252/ExamenParcial2/ros2_ws/install/scara_bringup:/opt/ros/humble /usr/bin/cmake --install /home/robousr/Robotica2025-2/robolab20252/ExamenParcial2/ros2_ws/build/scara_description
