[0.389s] DEBUG:colcon:Command line arguments: ['/usr/bin/colcon', 'build', '--symlink-install', '--packages-select', 'scara_bringup']
[0.389s] DEBUG:colcon:Parsed command line arguments: Namespace(log_base=None, log_level=None, verb_name='build', build_base='build', install_base='install', merge_install=False, symlink_install=True, test_result_base=None, continue_on_error=False, executor='parallel', parallel_workers=4, event_handlers=None, ignore_user_meta=False, metas=['./colcon.meta'], base_paths=['.'], packages_ignore=None, packages_ignore_regex=None, paths=None, packages_up_to=None, packages_up_to_regex=None, packages_above=None, packages_above_and_dependencies=None, packages_above_depth=None, packages_select_by_dep=None, packages_skip_by_dep=None, packages_skip_up_to=None, packages_select_build_failed=False, packages_skip_build_finished=False, packages_select_test_failures=False, packages_skip_test_passed=False, packages_select=['scara_bringup'], packages_skip=None, packages_select_regex=None, packages_skip_regex=None, packages_start=None, packages_end=None, allow_overriding=[], cmake_args=None, cmake_target=None, cmake_target_skip_unavailable=False, cmake_clean_cache=False, cmake_clean_first=False, cmake_force_configure=False, ament_cmake_args=None, catkin_cmake_args=None, catkin_skip_building_tests=False, mixin_files=None, mixin=None, verb_parser=<colcon_mixin.mixin.mixin_argument.MixinArgumentDecorator object at 0x7177d1a5e650>, verb_extension=<colcon_core.verb.build.BuildVerb object at 0x7177d1a5e110>, main=<bound method BuildVerb.main of <colcon_core.verb.build.BuildVerb object at 0x7177d1a5e110>>, mixin_verb=('build',))
[0.890s] Level 1:colcon.colcon_core.package_discovery:discover_packages(colcon_meta) check parameters
[0.890s] Level 1:colcon.colcon_core.package_discovery:discover_packages(recursive) check parameters
[0.890s] Level 1:colcon.colcon_core.package_discovery:discover_packages(ignore) check parameters
[0.890s] Level 1:colcon.colcon_core.package_discovery:discover_packages(path) check parameters
[0.890s] Level 1:colcon.colcon_core.package_discovery:discover_packages(colcon_meta) discover
[0.891s] Level 1:colcon.colcon_core.package_discovery:discover_packages(recursive) discover
[0.891s] INFO:colcon.colcon_core.package_discovery:Crawling recursively for packages in '/home/robousr/Robotica2025-2/robolab20252/ExamenParcial2/ros2_ws'
[0.891s] Level 1:colcon.colcon_core.package_identification:_identify(.) by extensions ['ignore', 'ignore_ament_install']
[0.891s] Level 1:colcon.colcon_core.package_identification:_identify(.) by extension 'ignore'
[0.891s] Level 1:colcon.colcon_core.package_identification:_identify(.) by extension 'ignore_ament_install'
[0.891s] Level 1:colcon.colcon_core.package_identification:_identify(.) by extensions ['colcon_pkg']
[0.891s] Level 1:colcon.colcon_core.package_identification:_identify(.) by extension 'colcon_pkg'
[0.891s] Level 1:colcon.colcon_core.package_identification:_identify(.) by extensions ['colcon_meta']
[0.891s] Level 1:colcon.colcon_core.package_identification:_identify(.) by extension 'colcon_meta'
[0.891s] Level 1:colcon.colcon_core.package_identification:_identify(.) by extensions ['ros']
[0.892s] Level 1:colcon.colcon_core.package_identification:_identify(.) by extension 'ros'
[0.920s] Level 1:colcon.colcon_core.package_identification:_identify(.) by extensions ['cmake', 'python']
[0.920s] Level 1:colcon.colcon_core.package_identification:_identify(.) by extension 'cmake'
[0.921s] Level 1:colcon.colcon_core.package_identification:_identify(.) by extension 'python'
[0.921s] Level 1:colcon.colcon_core.package_identification:_identify(.) by extensions ['python_setup_py']
[0.921s] Level 1:colcon.colcon_core.package_identification:_identify(.) by extension 'python_setup_py'
[0.921s] Level 1:colcon.colcon_core.package_identification:_identify(build) by extensions ['ignore', 'ignore_ament_install']
[0.921s] Level 1:colcon.colcon_core.package_identification:_identify(build) by extension 'ignore'
[0.921s] Level 1:colcon.colcon_core.package_identification:_identify(build) ignored
[0.922s] Level 1:colcon.colcon_core.package_identification:_identify(install) by extensions ['ignore', 'ignore_ament_install']
[0.922s] Level 1:colcon.colcon_core.package_identification:_identify(install) by extension 'ignore'
[0.922s] Level 1:colcon.colcon_core.package_identification:_identify(install) ignored
[0.923s] Level 1:colcon.colcon_core.package_identification:_identify(log) by extensions ['ignore', 'ignore_ament_install']
[0.923s] Level 1:colcon.colcon_core.package_identification:_identify(log) by extension 'ignore'
[0.923s] Level 1:colcon.colcon_core.package_identification:_identify(log) ignored
[0.923s] Level 1:colcon.colcon_core.package_identification:_identify(src) by extensions ['ignore', 'ignore_ament_install']
[0.923s] Level 1:colcon.colcon_core.package_identification:_identify(src) by extension 'ignore'
[0.924s] Level 1:colcon.colcon_core.package_identification:_identify(src) by extension 'ignore_ament_install'
[0.924s] Level 1:colcon.colcon_core.package_identification:_identify(src) by extensions ['colcon_pkg']
[0.924s] Level 1:colcon.colcon_core.package_identification:_identify(src) by extension 'colcon_pkg'
[0.924s] Level 1:colcon.colcon_core.package_identification:_identify(src) by extensions ['colcon_meta']
[0.924s] Level 1:colcon.colcon_core.package_identification:_identify(src) by extension 'colcon_meta'
[0.924s] Level 1:colcon.colcon_core.package_identification:_identify(src) by extensions ['ros']
[0.924s] Level 1:colcon.colcon_core.package_identification:_identify(src) by extension 'ros'
[0.924s] Level 1:colcon.colcon_core.package_identification:_identify(src) by extensions ['cmake', 'python']
[0.924s] Level 1:colcon.colcon_core.package_identification:_identify(src) by extension 'cmake'
[0.924s] Level 1:colcon.colcon_core.package_identification:_identify(src) by extension 'python'
[0.925s] Level 1:colcon.colcon_core.package_identification:_identify(src) by extensions ['python_setup_py']
[0.925s] Level 1:colcon.colcon_core.package_identification:_identify(src) by extension 'python_setup_py'
[0.925s] Level 1:colcon.colcon_core.package_identification:_identify(src/scara_bringup) by extensions ['ignore', 'ignore_ament_install']
[0.925s] Level 1:colcon.colcon_core.package_identification:_identify(src/scara_bringup) by extension 'ignore'
[0.925s] Level 1:colcon.colcon_core.package_identification:_identify(src/scara_bringup) by extension 'ignore_ament_install'
[0.926s] Level 1:colcon.colcon_core.package_identification:_identify(src/scara_bringup) by extensions ['colcon_pkg']
[0.926s] Level 1:colcon.colcon_core.package_identification:_identify(src/scara_bringup) by extension 'colcon_pkg'
[0.926s] Level 1:colcon.colcon_core.package_identification:_identify(src/scara_bringup) by extensions ['colcon_meta']
[0.926s] Level 1:colcon.colcon_core.package_identification:_identify(src/scara_bringup) by extension 'colcon_meta'
[0.926s] Level 1:colcon.colcon_core.package_identification:_identify(src/scara_bringup) by extensions ['ros']
[0.926s] Level 1:colcon.colcon_core.package_identification:_identify(src/scara_bringup) by extension 'ros'
[0.933s] DEBUG:colcon.colcon_core.package_identification:Package 'src/scara_bringup' with type 'ros.ament_python' and name 'scara_bringup'
[0.933s] Level 1:colcon.colcon_core.package_identification:_identify(src/scara_description) by extensions ['ignore', 'ignore_ament_install']
[0.934s] Level 1:colcon.colcon_core.package_identification:_identify(src/scara_description) by extension 'ignore'
[0.934s] Level 1:colcon.colcon_core.package_identification:_identify(src/scara_description) by extension 'ignore_ament_install'
[0.934s] Level 1:colcon.colcon_core.package_identification:_identify(src/scara_description) by extensions ['colcon_pkg']
[0.934s] Level 1:colcon.colcon_core.package_identification:_identify(src/scara_description) by extension 'colcon_pkg'
[0.934s] Level 1:colcon.colcon_core.package_identification:_identify(src/scara_description) by extensions ['colcon_meta']
[0.934s] Level 1:colcon.colcon_core.package_identification:_identify(src/scara_description) by extension 'colcon_meta'
[0.934s] Level 1:colcon.colcon_core.package_identification:_identify(src/scara_description) by extensions ['ros']
[0.934s] Level 1:colcon.colcon_core.package_identification:_identify(src/scara_description) by extension 'ros'
[0.938s] DEBUG:colcon.colcon_core.package_identification:Package 'src/scara_description' with type 'ros.ament_cmake' and name 'scara_description'
[0.938s] Level 1:colcon.colcon_core.package_discovery:discover_packages(recursive) using defaults
[0.938s] Level 1:colcon.colcon_core.package_discovery:discover_packages(ignore) discover
[0.938s] Level 1:colcon.colcon_core.package_discovery:discover_packages(ignore) using defaults
[0.938s] Level 1:colcon.colcon_core.package_discovery:discover_packages(path) discover
[0.938s] Level 1:colcon.colcon_core.package_discovery:discover_packages(path) using defaults
[0.985s] INFO:colcon.colcon_core.package_selection:Skipping not selected package 'scara_description' in 'src/scara_description'
[0.986s] Level 1:colcon.colcon_core.package_discovery:discover_packages(prefix_path) check parameters
[0.987s] Level 1:colcon.colcon_core.package_discovery:discover_packages(prefix_path) discover
[0.993s] DEBUG:colcon.colcon_installed_package_information.package_discovery:Found 2 installed packages in /home/robousr/Robotica2025-2/robolab20252/ExamenParcial2/ros2_ws/install
[1.000s] DEBUG:colcon.colcon_installed_package_information.package_discovery:Found 288 installed packages in /opt/ros/humble
[1.006s] Level 1:colcon.colcon_core.package_discovery:discover_packages(prefix_path) using defaults
[1.192s] Level 5:colcon.colcon_core.verb:set package 'scara_bringup' build argument 'cmake_args' from command line to 'None'
[1.192s] Level 5:colcon.colcon_core.verb:set package 'scara_bringup' build argument 'cmake_target' from command line to 'None'
[1.192s] Level 5:colcon.colcon_core.verb:set package 'scara_bringup' build argument 'cmake_target_skip_unavailable' from command line to 'False'
[1.193s] Level 5:colcon.colcon_core.verb:set package 'scara_bringup' build argument 'cmake_clean_cache' from command line to 'False'
[1.193s] Level 5:colcon.colcon_core.verb:set package 'scara_bringup' build argument 'cmake_clean_first' from command line to 'False'
[1.193s] Level 5:colcon.colcon_core.verb:set package 'scara_bringup' build argument 'cmake_force_configure' from command line to 'False'
[1.193s] Level 5:colcon.colcon_core.verb:set package 'scara_bringup' build argument 'ament_cmake_args' from command line to 'None'
[1.193s] Level 5:colcon.colcon_core.verb:set package 'scara_bringup' build argument 'catkin_cmake_args' from command line to 'None'
[1.193s] Level 5:colcon.colcon_core.verb:set package 'scara_bringup' build argument 'catkin_skip_building_tests' from command line to 'False'
[1.193s] DEBUG:colcon.colcon_core.verb:Building package 'scara_bringup' with the following arguments: {'ament_cmake_args': None, 'build_base': '/home/robousr/Robotica2025-2/robolab20252/ExamenParcial2/ros2_ws/build/scara_bringup', 'catkin_cmake_args': None, 'catkin_skip_building_tests': False, 'cmake_args': None, 'cmake_clean_cache': False, 'cmake_clean_first': False, 'cmake_force_configure': False, 'cmake_target': None, 'cmake_target_skip_unavailable': False, 'install_base': '/home/robousr/Robotica2025-2/robolab20252/ExamenParcial2/ros2_ws/install/scara_bringup', 'merge_install': False, 'path': '/home/robousr/Robotica2025-2/robolab20252/ExamenParcial2/ros2_ws/src/scara_bringup', 'symlink_install': True, 'test_result_base': None}
[1.193s] INFO:colcon.colcon_core.executor:Executing jobs using 'parallel' executor
[1.196s] DEBUG:colcon.colcon_parallel_executor.executor.parallel:run_until_complete
[1.196s] INFO:colcon.colcon_ros.task.ament_python.build:Building ROS package in '/home/robousr/Robotica2025-2/robolab20252/ExamenParcial2/ros2_ws/src/scara_bringup' with build type 'ament_python'
[1.196s] Level 1:colcon.colcon_core.shell:create_environment_hook('scara_bringup', 'ament_prefix_path')
[1.203s] INFO:colcon.colcon_core.plugin_system:Skipping extension 'colcon_core.shell.bat': Not used on non-Windows systems
[1.204s] INFO:colcon.colcon_core.shell:Creating environment hook '/home/robousr/Robotica2025-2/robolab20252/ExamenParcial2/ros2_ws/install/scara_bringup/share/scara_bringup/hook/ament_prefix_path.ps1'
[1.209s] INFO:colcon.colcon_core.shell:Creating environment descriptor '/home/robousr/Robotica2025-2/robolab20252/ExamenParcial2/ros2_ws/install/scara_bringup/share/scara_bringup/hook/ament_prefix_path.dsv'
[1.211s] INFO:colcon.colcon_core.shell:Creating environment hook '/home/robousr/Robotica2025-2/robolab20252/ExamenParcial2/ros2_ws/install/scara_bringup/share/scara_bringup/hook/ament_prefix_path.sh'
[1.214s] INFO:colcon.colcon_core.shell:Skip shell extension 'powershell' for command environment: Not usable outside of PowerShell
[1.215s] DEBUG:colcon.colcon_core.shell:Skip shell extension 'dsv' for command environment
[2.198s] INFO:colcon.colcon_core.task.python.build:Building Python package in '/home/robousr/Robotica2025-2/robolab20252/ExamenParcial2/ros2_ws/src/scara_bringup'
[2.199s] INFO:colcon.colcon_core.shell:Skip shell extension 'powershell' for command environment: Not usable outside of PowerShell
[2.199s] DEBUG:colcon.colcon_core.shell:Skip shell extension 'dsv' for command environment
[3.647s] DEBUG:colcon.colcon_core.event_handler.log_command:Invoking command in '/home/robousr/Robotica2025-2/robolab20252/ExamenParcial2/ros2_ws/build/scara_bringup': PYTHONPATH=/home/robousr/Robotica2025-2/robolab20252/ExamenParcial2/ros2_ws/build/scara_bringup/prefix_override:/usr/lib/python3/dist-packages/colcon_core/task/python/colcon_distutils_commands:/home/robousr/Robotica2025-2/robolab20252/ExamenParcial2/ros2_ws/install/scara_bringup/lib/python3.10/site-packages:${PYTHONPATH} /usr/bin/python3 -W ignore:setup.py install is deprecated setup.py develop --editable --build-directory /home/robousr/Robotica2025-2/robolab20252/ExamenParcial2/ros2_ws/build/scara_bringup/build --no-deps symlink_data
[5.061s] Level 1:colcon.colcon_core.shell:create_environment_hook('scara_bringup', 'pythonpath_develop')
[5.064s] DEBUG:colcon.colcon_core.event_handler.log_command:Invoked command in '/home/robousr/Robotica2025-2/robolab20252/ExamenParcial2/ros2_ws/build/scara_bringup' returned '0': PYTHONPATH=/home/robousr/Robotica2025-2/robolab20252/ExamenParcial2/ros2_ws/build/scara_bringup/prefix_override:/usr/lib/python3/dist-packages/colcon_core/task/python/colcon_distutils_commands:/home/robousr/Robotica2025-2/robolab20252/ExamenParcial2/ros2_ws/install/scara_bringup/lib/python3.10/site-packages:${PYTHONPATH} /usr/bin/python3 -W ignore:setup.py install is deprecated setup.py develop --editable --build-directory /home/robousr/Robotica2025-2/robolab20252/ExamenParcial2/ros2_ws/build/scara_bringup/build --no-deps symlink_data
[5.065s] INFO:colcon.colcon_core.shell:Creating environment hook '/home/robousr/Robotica2025-2/robolab20252/ExamenParcial2/ros2_ws/build/scara_bringup/share/scara_bringup/hook/pythonpath_develop.ps1'
[5.068s] INFO:colcon.colcon_core.shell:Creating environment descriptor '/home/robousr/Robotica2025-2/robolab20252/ExamenParcial2/ros2_ws/build/scara_bringup/share/scara_bringup/hook/pythonpath_develop.dsv'
[5.069s] INFO:colcon.colcon_core.shell:Creating environment hook '/home/robousr/Robotica2025-2/robolab20252/ExamenParcial2/ros2_ws/build/scara_bringup/share/scara_bringup/hook/pythonpath_develop.sh'
[5.076s] Level 1:colcon.colcon_core.environment:checking '/home/robousr/Robotica2025-2/robolab20252/ExamenParcial2/ros2_ws/install/scara_bringup' for CMake module files
[5.077s] Level 1:colcon.colcon_core.environment:checking '/home/robousr/Robotica2025-2/robolab20252/ExamenParcial2/ros2_ws/install/scara_bringup' for CMake config files
[5.079s] Level 1:colcon.colcon_core.environment:checking '/home/robousr/Robotica2025-2/robolab20252/ExamenParcial2/ros2_ws/install/scara_bringup/lib'
[5.080s] Level 1:colcon.colcon_core.environment:checking '/home/robousr/Robotica2025-2/robolab20252/ExamenParcial2/ros2_ws/install/scara_bringup/bin'
[5.080s] Level 1:colcon.colcon_core.shell:create_environment_hook('scara_bringup', 'path')
[5.081s] INFO:colcon.colcon_core.shell:Creating environment hook '/home/robousr/Robotica2025-2/robolab20252/ExamenParcial2/ros2_ws/install/scara_bringup/share/scara_bringup/hook/path.ps1'
[5.083s] INFO:colcon.colcon_core.shell:Creating environment descriptor '/home/robousr/Robotica2025-2/robolab20252/ExamenParcial2/ros2_ws/install/scara_bringup/share/scara_bringup/hook/path.dsv'
[5.084s] INFO:colcon.colcon_core.shell:Creating environment hook '/home/robousr/Robotica2025-2/robolab20252/ExamenParcial2/ros2_ws/install/scara_bringup/share/scara_bringup/hook/path.sh'
[5.086s] Level 1:colcon.colcon_core.environment:checking '/home/robousr/Robotica2025-2/robolab20252/ExamenParcial2/ros2_ws/install/scara_bringup/lib/pkgconfig/scara_bringup.pc'
[5.087s] Level 1:colcon.colcon_core.environment:checking '/home/robousr/Robotica2025-2/robolab20252/ExamenParcial2/ros2_ws/install/scara_bringup/lib/python3.10/site-packages'
[5.087s] Level 1:colcon.colcon_core.shell:create_environment_hook('scara_bringup', 'pythonpath')
[5.087s] INFO:colcon.colcon_core.shell:Creating environment hook '/home/robousr/Robotica2025-2/robolab20252/ExamenParcial2/ros2_ws/install/scara_bringup/share/scara_bringup/hook/pythonpath.ps1'
[5.089s] INFO:colcon.colcon_core.shell:Creating environment descriptor '/home/robousr/Robotica2025-2/robolab20252/ExamenParcial2/ros2_ws/install/scara_bringup/share/scara_bringup/hook/pythonpath.dsv'
[5.090s] INFO:colcon.colcon_core.shell:Creating environment hook '/home/robousr/Robotica2025-2/robolab20252/ExamenParcial2/ros2_ws/install/scara_bringup/share/scara_bringup/hook/pythonpath.sh'
[5.092s] Level 1:colcon.colcon_core.environment:checking '/home/robousr/Robotica2025-2/robolab20252/ExamenParcial2/ros2_ws/install/scara_bringup/bin'
[5.092s] Level 1:colcon.colcon_core.shell:create_environment_hook('scara_bringup', 'pythonscriptspath')
[5.093s] INFO:colcon.colcon_core.shell:Creating environment hook '/home/robousr/Robotica2025-2/robolab20252/ExamenParcial2/ros2_ws/install/scara_bringup/share/scara_bringup/hook/pythonscriptspath.ps1'
[5.094s] INFO:colcon.colcon_core.shell:Creating environment descriptor '/home/robousr/Robotica2025-2/robolab20252/ExamenParcial2/ros2_ws/install/scara_bringup/share/scara_bringup/hook/pythonscriptspath.dsv'
[5.095s] INFO:colcon.colcon_core.shell:Creating environment hook '/home/robousr/Robotica2025-2/robolab20252/ExamenParcial2/ros2_ws/install/scara_bringup/share/scara_bringup/hook/pythonscriptspath.sh'
[5.096s] Level 1:colcon.colcon_core.environment:create_environment_scripts_only(scara_bringup)
[5.098s] INFO:colcon.colcon_core.shell:Creating package script '/home/robousr/Robotica2025-2/robolab20252/ExamenParcial2/ros2_ws/install/scara_bringup/share/scara_bringup/package.ps1'
[5.102s] INFO:colcon.colcon_core.shell:Creating package descriptor '/home/robousr/Robotica2025-2/robolab20252/ExamenParcial2/ros2_ws/install/scara_bringup/share/scara_bringup/package.dsv'
[5.106s] INFO:colcon.colcon_core.shell:Creating package script '/home/robousr/Robotica2025-2/robolab20252/ExamenParcial2/ros2_ws/install/scara_bringup/share/scara_bringup/package.sh'
[5.109s] INFO:colcon.colcon_core.shell:Creating package script '/home/robousr/Robotica2025-2/robolab20252/ExamenParcial2/ros2_ws/install/scara_bringup/share/scara_bringup/package.bash'
[5.111s] INFO:colcon.colcon_core.shell:Creating package script '/home/robousr/Robotica2025-2/robolab20252/ExamenParcial2/ros2_ws/install/scara_bringup/share/scara_bringup/package.zsh'
[5.113s] Level 1:colcon.colcon_core.environment:create_file_with_runtime_dependencies(/home/robousr/Robotica2025-2/robolab20252/ExamenParcial2/ros2_ws/install/scara_bringup/share/colcon-core/packages/scara_bringup)
[5.115s] DEBUG:colcon.colcon_parallel_executor.executor.parallel:closing loop
[5.116s] DEBUG:colcon.colcon_parallel_executor.executor.parallel:loop closed
[5.116s] DEBUG:colcon.colcon_parallel_executor.executor.parallel:run_until_complete finished with '0'
[5.117s] DEBUG:colcon.colcon_core.event_reactor:joining thread
[5.139s] INFO:colcon.colcon_core.plugin_system:Skipping extension 'colcon_notification.desktop_notification.terminal_notifier': Not used on non-Darwin systems
[5.139s] INFO:colcon.colcon_core.plugin_system:Skipping extension 'colcon_notification.desktop_notification.win32': Not used on non-Windows systems
[5.139s] INFO:colcon.colcon_notification.desktop_notification:Sending desktop notification using 'notify2'
[5.196s] DEBUG:colcon.colcon_core.event_reactor:joined thread
[5.197s] INFO:colcon.colcon_core.shell:Creating prefix script '/home/robousr/Robotica2025-2/robolab20252/ExamenParcial2/ros2_ws/install/local_setup.ps1'
[5.201s] INFO:colcon.colcon_core.shell:Creating prefix util module '/home/robousr/Robotica2025-2/robolab20252/ExamenParcial2/ros2_ws/install/_local_setup_util_ps1.py'
[5.206s] INFO:colcon.colcon_core.shell:Creating prefix chain script '/home/robousr/Robotica2025-2/robolab20252/ExamenParcial2/ros2_ws/install/setup.ps1'
[5.211s] INFO:colcon.colcon_core.shell:Creating prefix script '/home/robousr/Robotica2025-2/robolab20252/ExamenParcial2/ros2_ws/install/local_setup.sh'
[5.214s] INFO:colcon.colcon_core.shell:Creating prefix util module '/home/robousr/Robotica2025-2/robolab20252/ExamenParcial2/ros2_ws/install/_local_setup_util_sh.py'
[5.218s] INFO:colcon.colcon_core.shell:Creating prefix chain script '/home/robousr/Robotica2025-2/robolab20252/ExamenParcial2/ros2_ws/install/setup.sh'
[5.223s] INFO:colcon.colcon_core.shell:Creating prefix script '/home/robousr/Robotica2025-2/robolab20252/ExamenParcial2/ros2_ws/install/local_setup.bash'
[5.225s] INFO:colcon.colcon_core.shell:Creating prefix chain script '/home/robousr/Robotica2025-2/robolab20252/ExamenParcial2/ros2_ws/install/setup.bash'
[5.229s] INFO:colcon.colcon_core.shell:Creating prefix script '/home/robousr/Robotica2025-2/robolab20252/ExamenParcial2/ros2_ws/install/local_setup.zsh'
[5.232s] INFO:colcon.colcon_core.shell:Creating prefix chain script '/home/robousr/Robotica2025-2/robolab20252/ExamenParcial2/ros2_ws/install/setup.zsh'
